<?xml version="1.0" encoding="UTF-8"?>
<coverage generated="1778261298072" clover="3.2.0">
  <project timestamp="1778261298072" name="All files">
    <metrics statements="2546" coveredstatements="2302" conditionals="1971" coveredconditionals="1380" methods="459" coveredmethods="428" elements="4976" coveredelements="4110" complexity="0" loc="2546" ncloc="2546" packages="7" files="11" classes="11"/>
    <package name="module1">
      <metrics statements="351" coveredstatements="315" conditionals="223" coveredconditionals="153" methods="43" coveredmethods="42"/>
      <file name="module1.js" path="D:\Y3S2\CPT202\CPT202-Final\CPT202-Final-main\frontend\module1\module1.js">
        <metrics statements="351" coveredstatements="315" conditionals="223" coveredconditionals="153" methods="43" coveredmethods="42"/>
        <line num="2" count="33" type="stmt"/>
        <line num="3" count="33" type="stmt"/>
        <line num="4" count="33" type="stmt"/>
        <line num="5" count="33" type="stmt"/>
        <line num="6" count="33" type="stmt"/>
        <line num="16" count="33" type="stmt"/>
        <line num="17" count="33" type="stmt"/>
        <line num="18" count="33" type="stmt"/>
        <line num="19" count="33" type="stmt"/>
        <line num="21" count="33" type="stmt"/>
        <line num="22" count="0" type="stmt"/>
        <line num="23" count="0" type="stmt"/>
        <line num="27" count="0" type="stmt"/>
        <line num="29" count="0" type="cond" truecount="0" falsecount="2"/>
        <line num="30" count="0" type="stmt"/>
        <line num="33" count="0" type="cond" truecount="0" falsecount="2"/>
        <line num="34" count="0" type="stmt"/>
        <line num="37" count="0" type="cond" truecount="0" falsecount="2"/>
        <line num="38" count="0" type="stmt"/>
        <line num="41" count="0" type="cond" truecount="0" falsecount="2"/>
        <line num="42" count="0" type="stmt"/>
        <line num="45" count="0" type="cond" truecount="0" falsecount="2"/>
        <line num="46" count="0" type="stmt"/>
        <line num="51" count="2" type="stmt"/>
        <line num="52" count="2" type="stmt"/>
        <line num="53" count="1" type="stmt"/>
        <line num="55" count="1" type="stmt"/>
        <line num="60" count="3" type="stmt"/>
        <line num="61" count="3" type="cond" truecount="1" falsecount="1"/>
        <line num="62" count="3" type="stmt"/>
        <line num="64" count="3" type="stmt"/>
        <line num="65" count="3" type="stmt"/>
        <line num="66" count="1" type="stmt"/>
        <line num="67" count="1" type="stmt"/>
        <line num="72" count="2" type="stmt"/>
        <line num="73" count="2" type="stmt"/>
        <line num="75" count="2" type="stmt"/>
        <line num="80" count="2" type="stmt"/>
        <line num="81" count="2" type="stmt"/>
        <line num="87" count="1" type="stmt"/>
        <line num="88" count="1" type="stmt"/>
        <line num="90" count="1" type="cond" truecount="1" falsecount="1"/>
        <line num="96" count="6" type="stmt"/>
        <line num="97" count="6" type="cond" truecount="1" falsecount="1"/>
        <line num="98" count="6" type="stmt"/>
        <line num="99" count="6" type="stmt"/>
        <line num="100" count="6" type="stmt"/>
        <line num="101" count="6" type="stmt"/>
        <line num="102" count="6" type="stmt"/>
        <line num="103" count="6" type="stmt"/>
        <line num="105" count="6" type="stmt"/>
        <line num="106" count="6" type="stmt"/>
        <line num="107" count="0" type="stmt"/>
        <line num="108" count="0" type="stmt"/>
        <line num="113" count="6" type="cond" truecount="3" falsecount="1"/>
        <line num="114" count="6" type="stmt"/>
        <line num="115" count="4" type="stmt"/>
        <line num="116" count="4" type="cond" truecount="2" falsecount="0"/>
        <line num="117" count="1" type="stmt"/>
        <line num="118" count="1" type="stmt"/>
        <line num="119" count="1" type="stmt"/>
        <line num="122" count="3" type="cond" truecount="2" falsecount="0"/>
        <line num="123" count="1" type="stmt"/>
        <line num="124" count="1" type="stmt"/>
        <line num="125" count="1" type="stmt"/>
        <line num="128" count="2" type="stmt"/>
        <line num="130" count="2" type="stmt"/>
        <line num="131" count="2" type="stmt"/>
        <line num="137" count="1" type="stmt"/>
        <line num="138" count="1" type="stmt"/>
        <line num="139" count="1" type="cond" truecount="1" falsecount="1"/>
        <line num="140" count="1" type="stmt"/>
        <line num="143" count="1" type="stmt"/>
        <line num="144" count="1" type="cond" truecount="1" falsecount="1"/>
        <line num="149" count="6" type="stmt"/>
        <line num="150" count="3" type="stmt"/>
        <line num="152" count="3" type="cond" truecount="1" falsecount="1"/>
        <line num="153" count="3" type="cond" truecount="1" falsecount="1"/>
        <line num="154" count="3" type="cond" truecount="1" falsecount="1"/>
        <line num="156" count="3" type="cond" truecount="2" falsecount="0"/>
        <line num="157" count="1" type="stmt"/>
        <line num="158" count="1" type="cond" truecount="1" falsecount="1"/>
        <line num="159" count="1" type="stmt"/>
        <line num="161" count="1" type="stmt"/>
        <line num="164" count="2" type="stmt"/>
        <line num="172" count="2" type="stmt"/>
        <line num="173" count="2" type="stmt"/>
        <line num="179" count="1" type="stmt"/>
        <line num="180" count="1" type="stmt"/>
        <line num="185" count="1" type="cond" truecount="1" falsecount="1"/>
        <line num="191" count="1" type="stmt"/>
        <line num="192" count="1" type="stmt"/>
        <line num="194" count="1" type="stmt"/>
        <line num="195" count="1" type="cond" truecount="1" falsecount="1"/>
        <line num="196" count="1" type="stmt"/>
        <line num="197" count="1" type="stmt"/>
        <line num="199" count="1" type="stmt"/>
        <line num="205" count="1" type="stmt"/>
        <line num="206" count="1" type="stmt"/>
        <line num="212" count="1" type="stmt"/>
        <line num="213" count="1" type="stmt"/>
        <line num="214" count="1" type="stmt"/>
        <line num="216" count="0" type="cond" truecount="0" falsecount="2"/>
        <line num="221" count="1" type="stmt"/>
        <line num="222" count="1" type="cond" truecount="1" falsecount="1"/>
        <line num="223" count="1" type="stmt"/>
        <line num="224" count="2" type="stmt"/>
        <line num="225" count="2" type="cond" truecount="1" falsecount="1"/>
        <line num="226" count="2" type="cond" truecount="2" falsecount="0"/>
        <line num="227" count="1" type="stmt"/>
        <line num="228" count="1" type="cond" truecount="1" falsecount="1"/>
        <line num="229" count="1" type="stmt"/>
        <line num="231" count="1" type="stmt"/>
        <line num="234" count="1" type="stmt"/>
        <line num="236" count="1" type="stmt"/>
        <line num="237" count="1" type="stmt"/>
        <line num="242" count="1" type="stmt"/>
        <line num="243" count="1" type="stmt"/>
        <line num="244" count="1" type="stmt"/>
        <line num="246" count="0" type="cond" truecount="0" falsecount="2"/>
        <line num="248" count="1" type="stmt"/>
        <line num="255" count="3" type="cond" truecount="2" falsecount="0"/>
        <line num="257" count="2" type="cond" truecount="3" falsecount="0"/>
        <line num="258" count="2" type="stmt"/>
        <line num="260" count="2" type="stmt"/>
        <line num="261" count="2" type="stmt"/>
        <line num="262" count="2" type="stmt"/>
        <line num="264" count="2" type="stmt"/>
        <line num="265" count="2" type="stmt"/>
        <line num="266" count="62" type="stmt"/>
        <line num="268" count="62" type="cond" truecount="2" falsecount="0"/>
        <line num="269" count="2" type="stmt"/>
        <line num="270" count="2" type="stmt"/>
        <line num="271" count="2" type="stmt"/>
        <line num="272" count="2" type="stmt"/>
        <line num="275" count="60" type="stmt"/>
        <line num="280" count="2" type="stmt"/>
        <line num="281" count="2" type="cond" truecount="2" falsecount="0"/>
        <line num="282" count="1" type="stmt"/>
        <line num="283" count="1" type="stmt"/>
        <line num="286" count="1" type="stmt"/>
        <line num="287" count="1" type="cond" truecount="1" falsecount="1"/>
        <line num="288" count="1" type="stmt"/>
        <line num="291" count="1" type="stmt"/>
        <line num="292" count="1" type="cond" truecount="1" falsecount="1"/>
        <line num="293" count="1" type="stmt"/>
        <line num="294" count="1" type="stmt"/>
        <line num="295" count="1" type="cond" truecount="1" falsecount="1"/>
        <line num="297" count="1" type="stmt"/>
        <line num="298" count="1" type="stmt"/>
        <line num="299" count="1" type="stmt"/>
        <line num="301" count="1" type="stmt"/>
        <line num="303" count="1" type="stmt"/>
        <line num="304" count="1" type="stmt"/>
        <line num="313" count="1" type="stmt"/>
        <line num="314" count="1" type="stmt"/>
        <line num="316" count="0" type="cond" truecount="0" falsecount="2"/>
        <line num="318" count="1" type="stmt"/>
        <line num="323" count="1" type="stmt"/>
        <line num="327" count="3" type="stmt"/>
        <line num="328" count="3" type="stmt"/>
        <line num="329" count="3" type="stmt"/>
        <line num="331" count="3" type="stmt"/>
        <line num="332" count="3" type="stmt"/>
        <line num="333" count="3" type="stmt"/>
        <line num="337" count="3" type="stmt"/>
        <line num="339" count="3" type="stmt"/>
        <line num="340" count="3" type="stmt"/>
        <line num="344" count="3" type="stmt"/>
        <line num="345" count="3" type="cond" truecount="1" falsecount="1"/>
        <line num="346" count="3" type="stmt"/>
        <line num="347" count="3" type="stmt"/>
        <line num="349" count="3" type="stmt"/>
        <line num="350" count="3" type="cond" truecount="1" falsecount="1"/>
        <line num="351" count="3" type="stmt"/>
        <line num="352" count="3" type="stmt"/>
        <line num="357" count="3" type="stmt"/>
        <line num="358" count="3" type="stmt"/>
        <line num="359" count="3" type="stmt"/>
        <line num="363" count="6" type="stmt"/>
        <line num="364" count="6" type="stmt"/>
        <line num="365" count="6" type="stmt"/>
        <line num="366" count="6" type="stmt"/>
        <line num="368" count="6" type="cond" truecount="1" falsecount="1"/>
        <line num="369" count="6" type="stmt"/>
        <line num="372" count="6" type="cond" truecount="1" falsecount="1"/>
        <line num="373" count="6" type="stmt"/>
        <line num="375" count="6" type="cond" truecount="2" falsecount="0"/>
        <line num="376" count="1" type="stmt"/>
        <line num="377" count="1" type="stmt"/>
        <line num="378" count="1" type="stmt"/>
        <line num="379" count="5" type="cond" truecount="2" falsecount="0"/>
        <line num="380" count="1" type="stmt"/>
        <line num="381" count="1" type="stmt"/>
        <line num="382" count="1" type="stmt"/>
        <line num="386" count="6" type="cond" truecount="3" falsecount="1"/>
        <line num="388" count="6" type="cond" truecount="2" falsecount="0"/>
        <line num="389" count="1" type="stmt"/>
        <line num="390" count="1" type="stmt"/>
        <line num="391" count="1" type="cond" truecount="1" falsecount="1"/>
        <line num="392" count="1" type="stmt"/>
        <line num="394" count="1" type="stmt"/>
        <line num="397" count="5" type="stmt"/>
        <line num="399" count="5" type="cond" truecount="2" falsecount="0"/>
        <line num="400" count="1" type="stmt"/>
        <line num="401" count="1" type="stmt"/>
        <line num="402" count="1" type="cond" truecount="1" falsecount="1"/>
        <line num="403" count="1" type="stmt"/>
        <line num="405" count="1" type="stmt"/>
        <line num="408" count="4" type="cond" truecount="3" falsecount="1"/>
        <line num="409" count="0" type="stmt"/>
        <line num="410" count="0" type="stmt"/>
        <line num="411" count="0" type="cond" truecount="0" falsecount="2"/>
        <line num="412" count="0" type="stmt"/>
        <line num="414" count="0" type="stmt"/>
        <line num="417" count="4" type="cond" truecount="4" falsecount="0"/>
        <line num="418" count="1" type="stmt"/>
        <line num="419" count="1" type="stmt"/>
        <line num="420" count="1" type="stmt"/>
        <line num="423" count="3" type="stmt"/>
        <line num="424" count="3" type="stmt"/>
        <line num="428" count="5" type="stmt"/>
        <line num="429" count="5" type="cond" truecount="1" falsecount="1"/>
        <line num="431" count="5" type="cond" truecount="2" falsecount="0"/>
        <line num="432" count="4" type="stmt"/>
        <line num="433" count="4" type="stmt"/>
        <line num="438" count="4" type="stmt"/>
        <line num="441" count="1" type="stmt"/>
        <line num="442" count="1" type="stmt"/>
        <line num="444" count="1" type="stmt"/>
        <line num="445" count="1" type="stmt"/>
        <line num="466" count="7" type="stmt"/>
        <line num="475" count="5" type="cond" truecount="2" falsecount="0"/>
        <line num="476" count="1" type="stmt"/>
        <line num="479" count="4" type="cond" truecount="2" falsecount="0"/>
        <line num="480" count="2" type="stmt"/>
        <line num="483" count="2" type="cond" truecount="2" falsecount="0"/>
        <line num="484" count="1" type="stmt"/>
        <line num="487" count="1" type="stmt"/>
        <line num="491" count="7" type="stmt"/>
        <line num="492" count="7" type="cond" truecount="2" falsecount="0"/>
        <line num="494" count="6" type="stmt"/>
        <line num="496" count="6" type="stmt"/>
        <line num="497" count="6" type="stmt"/>
        <line num="499" count="5" type="cond" truecount="4" falsecount="0"/>
        <line num="500" count="3" type="stmt"/>
        <line num="501" count="3" type="stmt"/>
        <line num="504" count="2" type="stmt"/>
        <line num="542" count="1" type="cond" truecount="1" falsecount="1"/>
        <line num="547" count="4" type="stmt"/>
        <line num="548" count="4" type="cond" truecount="1" falsecount="1"/>
        <line num="550" count="4" type="cond" truecount="2" falsecount="0"/>
        <line num="551" count="2" type="stmt"/>
        <line num="552" count="2" type="stmt"/>
        <line num="556" count="2" type="stmt"/>
        <line num="559" count="2" type="stmt"/>
        <line num="560" count="2" type="stmt"/>
        <line num="574" count="7" type="cond" truecount="2" falsecount="0"/>
        <line num="575" count="1" type="stmt"/>
        <line num="578" count="6" type="cond" truecount="2" falsecount="0"/>
        <line num="579" count="1" type="stmt"/>
        <line num="582" count="5" type="cond" truecount="1" falsecount="1"/>
        <line num="583" count="0" type="stmt"/>
        <line num="586" count="5" type="cond" truecount="2" falsecount="0"/>
        <line num="587" count="1" type="stmt"/>
        <line num="590" count="4" type="stmt"/>
        <line num="594" count="3" type="cond" truecount="1" falsecount="1"/>
        <line num="595" count="0" type="stmt"/>
        <line num="602" count="3" type="cond" truecount="1" falsecount="1"/>
        <line num="603" count="0" type="stmt"/>
        <line num="610" count="3" type="stmt"/>
        <line num="618" count="6" type="cond" truecount="2" falsecount="0"/>
        <line num="619" count="1" type="stmt"/>
        <line num="622" count="5" type="cond" truecount="1" falsecount="1"/>
        <line num="623" count="0" type="stmt"/>
        <line num="626" count="5" type="cond" truecount="4" falsecount="0"/>
        <line num="627" count="4" type="stmt"/>
        <line num="630" count="1" type="stmt"/>
        <line num="634" count="31" type="cond" truecount="3" falsecount="0"/>
        <line num="638" count="4" type="stmt"/>
        <line num="639" count="4" type="cond" truecount="1" falsecount="1"/>
        <line num="641" count="4" type="stmt"/>
        <line num="642" count="1" type="stmt"/>
        <line num="644" count="1" type="cond" truecount="1" falsecount="1"/>
        <line num="645" count="0" type="stmt"/>
        <line num="646" count="0" type="stmt"/>
        <line num="649" count="1" type="stmt"/>
        <line num="654" count="1" type="cond" truecount="2" falsecount="2"/>
        <line num="655" count="1" type="stmt"/>
        <line num="658" count="0" type="stmt"/>
        <line num="659" count="0" type="stmt"/>
        <line num="660" count="0" type="stmt"/>
        <line num="662" count="0" type="stmt"/>
        <line num="667" count="4" type="cond" truecount="2" falsecount="0"/>
        <line num="668" count="1" type="stmt"/>
        <line num="671" count="3" type="cond" truecount="2" falsecount="0"/>
        <line num="672" count="1" type="stmt"/>
        <line num="675" count="2" type="stmt"/>
        <line num="679" count="5" type="stmt"/>
        <line num="680" count="5" type="stmt"/>
        <line num="682" count="2" type="cond" truecount="2" falsecount="0"/>
        <line num="683" count="1" type="stmt"/>
        <line num="684" count="1" type="stmt"/>
        <line num="686" count="1" type="cond" truecount="1" falsecount="1"/>
        <line num="688" count="2" type="stmt"/>
        <line num="693" count="8" type="stmt"/>
        <line num="694" count="8" type="cond" truecount="2" falsecount="0"/>
        <line num="695" count="2" type="stmt"/>
        <line num="698" count="6" type="cond" truecount="2" falsecount="0"/>
        <line num="699" count="2" type="stmt"/>
        <line num="702" count="4" type="cond" truecount="2" falsecount="0"/>
        <line num="703" count="2" type="stmt"/>
        <line num="706" count="2" type="stmt"/>
        <line num="710" count="9" type="stmt"/>
        <line num="711" count="9" type="cond" truecount="1" falsecount="1"/>
        <line num="713" count="9" type="stmt"/>
        <line num="717" count="11" type="stmt"/>
        <line num="718" count="11" type="stmt"/>
        <line num="719" count="11" type="cond" truecount="2" falsecount="0"/>
        <line num="720" count="2" type="stmt"/>
        <line num="723" count="11" type="stmt"/>
        <line num="724" count="4" type="cond" truecount="4" falsecount="0"/>
        <line num="725" count="2" type="stmt"/>
        <line num="727" count="2" type="stmt"/>
        <line num="730" count="11" type="stmt"/>
        <line num="734" count="19" type="stmt"/>
        <line num="735" count="19" type="stmt"/>
        <line num="739" count="24" type="cond" truecount="2" falsecount="0"/>
        <line num="740" count="15" type="stmt"/>
        <line num="743" count="9" type="stmt"/>
        <line num="744" count="9" type="cond" truecount="2" falsecount="0"/>
        <line num="745" count="1" type="stmt"/>
        <line num="748" count="8" type="stmt"/>
        <line num="749" count="8" type="cond" truecount="8" falsecount="0"/>
        <line num="755" count="2" type="stmt"/>
        <line num="758" count="6" type="cond" truecount="3" falsecount="2"/>
        <line num="759" count="0" type="stmt"/>
        <line num="762" count="6" type="stmt"/>
        <line num="763" count="6" type="stmt"/>
        <line num="764" count="6" type="cond" truecount="1" falsecount="1"/>
        <line num="765" count="0" type="stmt"/>
        <line num="767" count="6" type="cond" truecount="2" falsecount="0"/>
        <line num="768" count="1" type="stmt"/>
        <line num="771" count="5" type="stmt"/>
        <line num="773" count="0" type="stmt"/>
        <line num="778" count="6" type="stmt"/>
        <line num="792" count="6" type="stmt"/>
        <line num="796" count="11" type="cond" truecount="2" falsecount="0"/>
        <line num="797" count="10" type="stmt"/>
        <line num="801" count="13" type="stmt"/>
        <line num="804" count="33" type="stmt"/>
      </file>
    </package>
    <package name="module2">
      <metrics statements="112" coveredstatements="107" conditionals="65" coveredconditionals="48" methods="22" coveredmethods="22"/>
      <file name="admin-approval.js" path="D:\Y3S2\CPT202\CPT202-Final\CPT202-Final-main\frontend\module2\admin-approval.js">
        <metrics statements="112" coveredstatements="107" conditionals="65" coveredconditionals="48" methods="22" coveredmethods="22"/>
        <line num="1" count="20" type="stmt"/>
        <line num="2" count="20" type="stmt"/>
        <line num="4" count="20" type="stmt"/>
        <line num="5" count="20" type="stmt"/>
        <line num="7" count="20" type="stmt"/>
        <line num="8" count="1" type="stmt"/>
        <line num="9" count="1" type="stmt"/>
        <line num="10" count="1" type="stmt"/>
        <line num="11" count="1" type="cond" truecount="1" falsecount="1"/>
        <line num="13" count="1" type="stmt"/>
        <line num="14" count="1" type="stmt"/>
        <line num="15" count="1" type="stmt"/>
        <line num="19" count="1" type="stmt"/>
        <line num="20" count="2" type="stmt"/>
        <line num="21" count="2" type="cond" truecount="2" falsecount="0"/>
        <line num="22" count="1" type="stmt"/>
        <line num="23" count="1" type="stmt"/>
        <line num="24" count="2" type="stmt"/>
        <line num="26" count="1" type="stmt"/>
        <line num="27" count="2" type="stmt"/>
        <line num="29" count="1" type="stmt"/>
        <line num="30" count="1" type="cond" truecount="1" falsecount="1"/>
        <line num="33" count="1" type="stmt"/>
        <line num="34" count="1" type="cond" truecount="1" falsecount="1"/>
        <line num="35" count="1" type="stmt"/>
        <line num="40" count="1" type="stmt"/>
        <line num="41" count="2" type="stmt"/>
        <line num="42" count="2" type="cond" truecount="1" falsecount="1"/>
        <line num="43" count="0" type="stmt"/>
        <line num="44" count="0" type="stmt"/>
        <line num="47" count="2" type="stmt"/>
        <line num="48" count="2" type="cond" truecount="1" falsecount="1"/>
        <line num="49" count="0" type="stmt"/>
        <line num="54" count="0" type="stmt"/>
        <line num="57" count="2" type="stmt"/>
        <line num="58" count="2" type="cond" truecount="1" falsecount="1"/>
        <line num="59" count="0" type="stmt"/>
        <line num="65" count="6" type="stmt"/>
        <line num="66" count="6" type="stmt"/>
        <line num="67" count="6" type="stmt"/>
        <line num="69" count="6" type="stmt"/>
        <line num="70" count="6" type="stmt"/>
        <line num="74" count="5" type="cond" truecount="1" falsecount="1"/>
        <line num="75" count="5" type="cond" truecount="1" falsecount="1"/>
        <line num="76" count="5" type="stmt"/>
        <line num="77" count="5" type="stmt"/>
        <line num="79" count="1" type="stmt"/>
        <line num="80" count="1" type="stmt"/>
        <line num="81" count="1" type="stmt"/>
        <line num="86" count="7" type="stmt"/>
        <line num="87" count="7" type="cond" truecount="1" falsecount="1"/>
        <line num="88" count="7" type="cond" truecount="2" falsecount="0"/>
        <line num="89" count="5" type="stmt"/>
        <line num="90" count="5" type="stmt"/>
        <line num="92" count="2" type="stmt"/>
        <line num="96" count="3" type="stmt"/>
        <line num="97" count="3" type="stmt"/>
        <line num="98" count="3" type="stmt"/>
        <line num="118" count="7" type="stmt"/>
        <line num="119" count="7" type="cond" truecount="1" falsecount="1"/>
        <line num="120" count="7" type="cond" truecount="2" falsecount="0"/>
        <line num="121" count="5" type="stmt"/>
        <line num="122" count="5" type="stmt"/>
        <line num="124" count="2" type="stmt"/>
        <line num="144" count="3" type="stmt"/>
        <line num="145" count="3" type="stmt"/>
        <line num="160" count="4" type="cond" truecount="2" falsecount="0"/>
        <line num="161" count="3" type="stmt"/>
        <line num="162" count="3" type="stmt"/>
        <line num="163" count="3" type="stmt"/>
        <line num="164" count="3" type="stmt"/>
        <line num="165" count="2" type="stmt"/>
        <line num="167" count="1" type="stmt"/>
        <line num="172" count="2" type="stmt"/>
        <line num="173" count="2" type="cond" truecount="1" falsecount="1"/>
        <line num="174" count="2" type="stmt"/>
        <line num="175" count="2" type="stmt"/>
        <line num="197" count="5" type="cond" truecount="4" falsecount="0"/>
        <line num="198" count="3" type="cond" truecount="2" falsecount="0"/>
        <line num="199" count="1" type="stmt"/>
        <line num="201" count="2" type="stmt"/>
        <line num="202" count="2" type="stmt"/>
        <line num="203" count="2" type="stmt"/>
        <line num="204" count="2" type="stmt"/>
        <line num="211" count="1" type="stmt"/>
        <line num="212" count="1" type="stmt"/>
        <line num="213" count="1" type="stmt"/>
        <line num="215" count="1" type="stmt"/>
        <line num="217" count="2" type="stmt"/>
        <line num="222" count="4" type="cond" truecount="2" falsecount="0"/>
        <line num="223" count="3" type="cond" truecount="2" falsecount="0"/>
        <line num="224" count="1" type="stmt"/>
        <line num="226" count="2" type="stmt"/>
        <line num="227" count="2" type="stmt"/>
        <line num="228" count="2" type="stmt"/>
        <line num="231" count="1" type="stmt"/>
        <line num="232" count="1" type="stmt"/>
        <line num="234" count="1" type="stmt"/>
        <line num="236" count="2" type="stmt"/>
        <line num="241" count="17" type="stmt"/>
        <line num="242" count="17" type="stmt"/>
        <line num="251" count="5" type="cond" truecount="2" falsecount="0"/>
        <line num="252" count="3" type="stmt"/>
        <line num="256" count="20" type="stmt"/>
        <line num="260" count="20" type="stmt"/>
        <line num="275" count="4" type="cond" truecount="2" falsecount="0"/>
        <line num="276" count="2" type="stmt"/>
        <line num="278" count="4" type="cond" truecount="2" falsecount="0"/>
        <line num="279" count="2" type="stmt"/>
        <line num="283" count="2" type="stmt"/>
        <line num="289" count="20" type="stmt"/>
        <line num="290" count="20" type="stmt"/>
      </file>
    </package>
    <package name="module3">
      <metrics statements="1032" coveredstatements="879" conditionals="817" coveredconditionals="555" methods="193" coveredmethods="169"/>
      <file name="module3.js" path="D:\Y3S2\CPT202\CPT202-Final\CPT202-Final-main\frontend\module3\module3.js">
        <metrics statements="1032" coveredstatements="879" conditionals="817" coveredconditionals="555" methods="193" coveredmethods="169"/>
        <line num="2" count="52" type="stmt"/>
        <line num="3" count="52" type="stmt"/>
        <line num="4" count="52" type="stmt"/>
        <line num="12" count="52" type="stmt"/>
        <line num="13" count="52" type="stmt"/>
        <line num="14" count="52" type="stmt"/>
        <line num="15" count="52" type="stmt"/>
        <line num="53" count="52" type="stmt"/>
        <line num="54" count="52" type="stmt"/>
        <line num="55" count="52" type="stmt"/>
        <line num="56" count="52" type="stmt"/>
        <line num="57" count="52" type="stmt"/>
        <line num="58" count="52" type="stmt"/>
        <line num="59" count="52" type="stmt"/>
        <line num="60" count="52" type="stmt"/>
        <line num="61" count="52" type="stmt"/>
        <line num="62" count="52" type="stmt"/>
        <line num="63" count="52" type="stmt"/>
        <line num="64" count="52" type="stmt"/>
        <line num="66" count="52" type="stmt"/>
        <line num="67" count="0" type="stmt"/>
        <line num="68" count="0" type="stmt"/>
        <line num="72" count="0" type="stmt"/>
        <line num="74" count="0" type="cond" truecount="0" falsecount="2"/>
        <line num="75" count="0" type="stmt"/>
        <line num="78" count="0" type="cond" truecount="0" falsecount="2"/>
        <line num="79" count="0" type="stmt"/>
        <line num="84" count="2" type="stmt"/>
        <line num="85" count="2" type="stmt"/>
        <line num="86" count="2" type="stmt"/>
        <line num="87" count="2" type="stmt"/>
        <line num="88" count="2" type="stmt"/>
        <line num="90" count="2" type="stmt"/>
        <line num="91" count="2" type="stmt"/>
        <line num="92" count="1" type="stmt"/>
        <line num="94" count="1" type="cond" truecount="1" falsecount="1"/>
        <line num="95" count="1" type="stmt"/>
        <line num="97" count="1" type="stmt"/>
        <line num="100" count="1" type="stmt"/>
        <line num="104" count="2" type="stmt"/>
        <line num="105" count="2" type="stmt"/>
        <line num="106" count="2" type="stmt"/>
        <line num="107" count="2" type="stmt"/>
        <line num="108" count="2" type="stmt"/>
        <line num="109" count="2" type="stmt"/>
        <line num="110" count="2" type="stmt"/>
        <line num="111" count="2" type="stmt"/>
        <line num="112" count="2" type="stmt"/>
        <line num="113" count="2" type="stmt"/>
        <line num="114" count="2" type="stmt"/>
        <line num="115" count="2" type="stmt"/>
        <line num="117" count="2" type="stmt"/>
        <line num="118" count="2" type="stmt"/>
        <line num="119" count="2" type="stmt"/>
        <line num="121" count="0" type="cond" truecount="0" falsecount="2"/>
        <line num="122" count="0" type="stmt"/>
        <line num="124" count="0" type="stmt"/>
        <line num="127" count="2" type="stmt"/>
        <line num="129" count="2" type="cond" truecount="2" falsecount="0"/>
        <line num="130" count="1" type="stmt"/>
        <line num="132" count="1" type="stmt"/>
        <line num="137" count="3" type="stmt"/>
        <line num="138" count="3" type="stmt"/>
        <line num="139" count="3" type="stmt"/>
        <line num="140" count="3" type="cond" truecount="2" falsecount="0"/>
        <line num="144" count="7" type="stmt"/>
        <line num="145" count="7" type="stmt"/>
        <line num="146" count="7" type="stmt"/>
        <line num="147" count="7" type="stmt"/>
        <line num="148" count="7" type="cond" truecount="2" falsecount="0"/>
        <line num="149" count="7" type="cond" truecount="3" falsecount="1"/>
        <line num="151" count="7" type="cond" truecount="1" falsecount="1"/>
        <line num="152" count="7" type="stmt"/>
        <line num="153" count="1" type="cond" truecount="1" falsecount="1"/>
        <line num="154" count="1" type="stmt"/>
        <line num="155" count="1" type="stmt"/>
        <line num="156" count="0" type="stmt"/>
        <line num="162" count="1" type="stmt"/>
        <line num="166" count="7" type="cond" truecount="1" falsecount="1"/>
        <line num="167" count="0" type="stmt"/>
        <line num="168" count="0" type="stmt"/>
        <line num="172" count="7" type="stmt"/>
        <line num="173" count="2" type="stmt"/>
        <line num="174" count="2" type="cond" truecount="1" falsecount="1"/>
        <line num="175" count="2" type="cond" truecount="2" falsecount="0"/>
        <line num="178" count="2" type="cond" truecount="2" falsecount="0"/>
        <line num="179" count="2" type="cond" truecount="2" falsecount="0"/>
        <line num="180" count="1" type="stmt"/>
        <line num="182" count="2" type="cond" truecount="2" falsecount="0"/>
        <line num="183" count="1" type="stmt"/>
        <line num="184" count="1" type="stmt"/>
        <line num="185" count="1" type="stmt"/>
        <line num="187" count="2" type="cond" truecount="1" falsecount="1"/>
        <line num="188" count="2" type="stmt"/>
        <line num="190" count="2" type="cond" truecount="4" falsecount="0"/>
        <line num="192" count="1" type="stmt"/>
        <line num="200" count="0" type="stmt"/>
        <line num="201" count="0" type="stmt"/>
        <line num="202" count="0" type="cond" truecount="0" falsecount="2"/>
        <line num="204" count="0" type="stmt"/>
        <line num="205" count="0" type="cond" truecount="0" falsecount="2"/>
        <line num="206" count="0" type="stmt"/>
        <line num="208" count="0" type="cond" truecount="0" falsecount="2"/>
        <line num="209" count="0" type="cond" truecount="0" falsecount="2"/>
        <line num="210" count="0" type="cond" truecount="0" falsecount="5"/>
        <line num="212" count="0" type="cond" truecount="0" falsecount="2"/>
        <line num="213" count="0" type="stmt"/>
        <line num="214" count="0" type="stmt"/>
        <line num="215" count="0" type="stmt"/>
        <line num="216" count="0" type="stmt"/>
        <line num="221" count="15" type="stmt"/>
        <line num="222" count="15" type="cond" truecount="1" falsecount="1"/>
        <line num="226" count="1" type="cond" truecount="3" falsecount="1"/>
        <line num="227" count="0" type="stmt"/>
        <line num="229" count="1" type="cond" truecount="1" falsecount="1"/>
        <line num="230" count="1" type="stmt"/>
        <line num="232" count="0" type="stmt"/>
        <line num="236" count="3" type="stmt"/>
        <line num="237" count="3" type="cond" truecount="2" falsecount="0"/>
        <line num="239" count="2" type="stmt"/>
        <line num="240" count="0" type="stmt"/>
        <line num="241" count="0" type="cond" truecount="0" falsecount="2"/>
        <line num="242" count="0" type="stmt"/>
        <line num="243" count="0" type="stmt"/>
        <line num="246" count="0" type="stmt"/>
        <line num="247" count="0" type="cond" truecount="0" falsecount="2"/>
        <line num="248" count="0" type="stmt"/>
        <line num="254" count="11" type="stmt"/>
        <line num="255" count="11" type="stmt"/>
        <line num="261" count="11" type="stmt"/>
        <line num="262" count="1" type="stmt"/>
        <line num="263" count="1" type="stmt"/>
        <line num="271" count="11" type="stmt"/>
        <line num="275" count="1" type="stmt"/>
        <line num="276" count="1" type="cond" truecount="3" falsecount="1"/>
        <line num="277" count="1" type="stmt"/>
        <line num="283" count="1" type="stmt"/>
        <line num="284" count="0" type="cond" truecount="0" falsecount="3"/>
        <line num="291" count="12" type="stmt"/>
        <line num="292" count="12" type="cond" truecount="2" falsecount="0"/>
        <line num="293" count="12" type="stmt"/>
        <line num="297" count="11" type="stmt"/>
        <line num="298" count="11" type="cond" truecount="2" falsecount="0"/>
        <line num="302" count="0" type="stmt"/>
        <line num="303" count="0" type="cond" truecount="0" falsecount="4"/>
        <line num="305" count="0" type="stmt"/>
        <line num="306" count="0" type="stmt"/>
        <line num="307" count="0" type="stmt"/>
        <line num="308" count="0" type="stmt"/>
        <line num="312" count="1" type="cond" truecount="1" falsecount="1"/>
        <line num="314" count="1" type="cond" truecount="1" falsecount="1"/>
        <line num="315" count="0" type="stmt"/>
        <line num="316" count="0" type="stmt"/>
        <line num="317" count="0" type="stmt"/>
        <line num="318" count="0" type="stmt"/>
        <line num="321" count="1" type="cond" truecount="1" falsecount="1"/>
        <line num="322" count="0" type="stmt"/>
        <line num="327" count="0" type="stmt"/>
        <line num="328" count="0" type="cond" truecount="0" falsecount="4"/>
        <line num="330" count="0" type="stmt"/>
        <line num="331" count="0" type="stmt"/>
        <line num="334" count="0" type="stmt"/>
        <line num="335" count="0" type="stmt"/>
        <line num="337" count="0" type="cond" truecount="0" falsecount="2"/>
        <line num="342" count="12" type="stmt"/>
        <line num="343" count="12" type="cond" truecount="2" falsecount="0"/>
        <line num="344" count="1" type="stmt"/>
        <line num="347" count="11" type="stmt"/>
        <line num="348" count="9" type="cond" truecount="4" falsecount="0"/>
        <line num="349" count="6" type="stmt"/>
        <line num="352" count="11" type="stmt"/>
        <line num="356" count="6" type="cond" truecount="2" falsecount="0"/>
        <line num="357" count="1" type="stmt"/>
        <line num="359" count="5" type="stmt"/>
        <line num="360" count="5" type="cond" truecount="1" falsecount="1"/>
        <line num="364" count="11" type="cond" truecount="2" falsecount="0"/>
        <line num="365" count="1" type="stmt"/>
        <line num="367" count="11" type="stmt"/>
        <line num="371" count="1" type="cond" truecount="1" falsecount="1"/>
        <line num="372" count="1" type="stmt"/>
        <line num="374" count="0" type="stmt"/>
        <line num="375" count="0" type="stmt"/>
        <line num="376" count="0" type="stmt"/>
        <line num="380" count="2" type="stmt"/>
        <line num="381" count="2" type="cond" truecount="1" falsecount="1"/>
        <line num="382" count="0" type="stmt"/>
        <line num="385" count="2" type="stmt"/>
        <line num="386" count="2" type="cond" truecount="1" falsecount="1"/>
        <line num="387" count="0" type="stmt"/>
        <line num="390" count="2" type="stmt"/>
        <line num="391" count="2" type="stmt"/>
        <line num="395" count="3" type="stmt"/>
        <line num="396" count="3" type="cond" truecount="2" falsecount="0"/>
        <line num="398" count="1" type="stmt"/>
        <line num="400" count="1" type="stmt"/>
        <line num="401" count="1" type="stmt"/>
        <line num="404" count="1" type="stmt"/>
        <line num="405" count="1" type="stmt"/>
        <line num="406" count="1" type="stmt"/>
        <line num="407" count="1" type="stmt"/>
        <line num="411" count="1" type="stmt"/>
        <line num="412" count="1" type="cond" truecount="1" falsecount="1"/>
        <line num="413" count="1" type="stmt"/>
        <line num="414" count="1" type="stmt"/>
        <line num="417" count="0" type="stmt"/>
        <line num="418" count="0" type="stmt"/>
        <line num="423" count="3" type="stmt"/>
        <line num="424" count="1" type="stmt"/>
        <line num="425" count="0" type="stmt"/>
        <line num="426" count="0" type="stmt"/>
        <line num="430" count="3" type="stmt"/>
        <line num="431" count="3" type="cond" truecount="4" falsecount="0"/>
        <line num="432" count="1" type="stmt"/>
        <line num="438" count="2" type="stmt"/>
        <line num="439" count="2" type="cond" truecount="1" falsecount="1"/>
        <line num="440" count="0" type="stmt"/>
        <line num="443" count="2" type="stmt"/>
        <line num="444" count="2" type="cond" truecount="1" falsecount="1"/>
        <line num="445" count="0" type="stmt"/>
        <line num="448" count="2" type="stmt"/>
        <line num="449" count="2" type="stmt"/>
        <line num="453" count="0" type="stmt"/>
        <line num="457" count="0" type="stmt"/>
        <line num="458" count="0" type="stmt"/>
        <line num="459" count="0" type="stmt"/>
        <line num="461" count="0" type="stmt"/>
        <line num="465" count="5" type="stmt"/>
        <line num="466" count="5" type="cond" truecount="1" falsecount="1"/>
        <line num="468" count="5" type="stmt"/>
        <line num="469" count="1" type="stmt"/>
        <line num="471" count="1" type="stmt"/>
        <line num="472" count="1" type="stmt"/>
        <line num="476" count="1" type="stmt"/>
        <line num="477" count="1" type="stmt"/>
        <line num="479" count="0" type="cond" truecount="0" falsecount="2"/>
        <line num="481" count="1" type="stmt"/>
        <line num="487" count="2" type="stmt"/>
        <line num="488" count="2" type="stmt"/>
        <line num="489" count="2" type="cond" truecount="3" falsecount="1"/>
        <line num="491" count="2" type="stmt"/>
        <line num="492" count="0" type="stmt"/>
        <line num="493" count="0" type="stmt"/>
        <line num="496" count="2" type="stmt"/>
        <line num="497" count="0" type="stmt"/>
        <line num="498" count="0" type="stmt"/>
        <line num="499" count="0" type="stmt"/>
        <line num="502" count="2" type="stmt"/>
        <line num="506" count="2" type="stmt"/>
        <line num="507" count="2" type="cond" truecount="1" falsecount="1"/>
        <line num="509" count="2" type="stmt"/>
        <line num="510" count="0" type="cond" truecount="0" falsecount="4"/>
        <line num="511" count="0" type="stmt"/>
        <line num="512" count="0" type="stmt"/>
        <line num="516" count="2" type="stmt"/>
        <line num="517" count="0" type="stmt"/>
        <line num="520" count="2" type="stmt"/>
        <line num="524" count="3" type="stmt"/>
        <line num="525" count="3" type="stmt"/>
        <line num="526" count="3" type="stmt"/>
        <line num="528" count="3" type="cond" truecount="2" falsecount="0"/>
        <line num="529" count="2" type="stmt"/>
        <line num="532" count="3" type="cond" truecount="2" falsecount="0"/>
        <line num="533" count="2" type="stmt"/>
        <line num="534" count="1" type="stmt"/>
        <line num="535" count="1" type="stmt"/>
        <line num="536" count="1" type="stmt"/>
        <line num="537" count="1" type="stmt"/>
        <line num="541" count="3" type="cond" truecount="1" falsecount="1"/>
        <line num="542" count="3" type="stmt"/>
        <line num="543" count="0" type="cond" truecount="0" falsecount="2"/>
        <line num="544" count="0" type="stmt"/>
        <line num="545" count="0" type="stmt"/>
        <line num="552" count="3" type="stmt"/>
        <line num="553" count="3" type="stmt"/>
        <line num="554" count="3" type="cond" truecount="3" falsecount="1"/>
        <line num="556" count="3" type="stmt"/>
        <line num="557" count="1" type="stmt"/>
        <line num="558" count="1" type="cond" truecount="1" falsecount="1"/>
        <line num="560" count="1" type="stmt"/>
        <line num="563" count="3" type="stmt"/>
        <line num="564" count="1" type="stmt"/>
        <line num="565" count="1" type="cond" truecount="1" falsecount="1"/>
        <line num="566" count="1" type="stmt"/>
        <line num="567" count="1" type="stmt"/>
        <line num="570" count="0" type="stmt"/>
        <line num="571" count="0" type="cond" truecount="0" falsecount="2"/>
        <line num="572" count="0" type="stmt"/>
        <line num="575" count="0" type="stmt"/>
        <line num="576" count="0" type="stmt"/>
        <line num="577" count="0" type="stmt"/>
        <line num="578" count="0" type="stmt"/>
        <line num="580" count="0" type="stmt"/>
        <line num="581" count="0" type="cond" truecount="0" falsecount="2"/>
        <line num="582" count="0" type="stmt"/>
        <line num="583" count="0" type="cond" truecount="0" falsecount="2"/>
        <line num="584" count="0" type="stmt"/>
        <line num="585" count="0" type="cond" truecount="0" falsecount="2"/>
        <line num="586" count="0" type="stmt"/>
        <line num="589" count="0" type="stmt"/>
        <line num="593" count="3" type="stmt"/>
        <line num="594" count="6" type="cond" truecount="4" falsecount="0"/>
        <line num="595" count="1" type="stmt"/>
        <line num="601" count="3" type="stmt"/>
        <line num="602" count="3" type="cond" truecount="1" falsecount="1"/>
        <line num="604" count="3" type="stmt"/>
        <line num="605" count="3" type="stmt"/>
        <line num="606" count="3" type="stmt"/>
        <line num="607" count="3" type="stmt"/>
        <line num="609" count="0" type="stmt"/>
        <line num="610" count="0" type="stmt"/>
        <line num="611" count="0" type="stmt"/>
        <line num="612" count="0" type="stmt"/>
        <line num="613" count="0" type="stmt"/>
        <line num="618" count="4" type="stmt"/>
        <line num="619" count="4" type="cond" truecount="1" falsecount="1"/>
        <line num="621" count="4" type="stmt"/>
        <line num="622" count="4" type="stmt"/>
        <line num="623" count="3" type="stmt"/>
        <line num="624" count="3" type="stmt"/>
        <line num="625" count="3" type="stmt"/>
        <line num="627" count="1" type="stmt"/>
        <line num="628" count="1" type="stmt"/>
        <line num="629" count="1" type="stmt"/>
        <line num="630" count="1" type="stmt"/>
        <line num="631" count="1" type="stmt"/>
        <line num="632" count="1" type="cond" truecount="1" falsecount="1"/>
        <line num="637" count="4" type="stmt"/>
        <line num="638" count="4" type="stmt"/>
        <line num="639" count="4" type="cond" truecount="3" falsecount="1"/>
        <line num="641" count="4" type="stmt"/>
        <line num="642" count="4" type="stmt"/>
        <line num="643" count="4" type="cond" truecount="2" falsecount="0"/>
        <line num="644" count="1" type="stmt"/>
        <line num="647" count="3" type="stmt"/>
        <line num="648" count="3" type="stmt"/>
        <line num="649" count="3" type="stmt"/>
        <line num="650" count="3" type="stmt"/>
        <line num="651" count="3" type="stmt"/>
        <line num="653" count="1" type="stmt"/>
        <line num="654" count="1" type="stmt"/>
        <line num="655" count="1" type="stmt"/>
        <line num="656" count="1" type="stmt"/>
        <line num="657" count="1" type="stmt"/>
        <line num="658" count="1" type="stmt"/>
        <line num="659" count="1" type="stmt"/>
        <line num="660" count="1" type="stmt"/>
        <line num="661" count="1" type="cond" truecount="1" falsecount="1"/>
        <line num="666" count="6" type="stmt"/>
        <line num="667" count="6" type="stmt"/>
        <line num="669" count="6" type="cond" truecount="1" falsecount="1"/>
        <line num="671" count="6" type="stmt"/>
        <line num="673" count="6" type="stmt"/>
        <line num="674" count="6" type="cond" truecount="2" falsecount="0"/>
        <line num="675" count="6" type="cond" truecount="2" falsecount="0"/>
        <line num="676" count="6" type="cond" truecount="2" falsecount="0"/>
        <line num="678" count="6" type="stmt"/>
        <line num="679" count="6" type="cond" truecount="2" falsecount="0"/>
        <line num="680" count="6" type="cond" truecount="2" falsecount="0"/>
        <line num="681" count="6" type="cond" truecount="2" falsecount="0"/>
        <line num="683" count="6" type="cond" truecount="2" falsecount="0"/>
        <line num="684" count="6" type="stmt"/>
        <line num="686" count="5" type="stmt"/>
        <line num="687" count="5" type="cond" truecount="1" falsecount="1"/>
        <line num="688" count="5" type="stmt"/>
        <line num="691" count="1" type="cond" truecount="1" falsecount="1"/>
        <line num="692" count="1" type="cond" truecount="1" falsecount="1"/>
        <line num="693" count="1" type="stmt"/>
        <line num="695" count="1" type="cond" truecount="1" falsecount="1"/>
        <line num="700" count="6" type="stmt"/>
        <line num="701" count="6" type="cond" truecount="1" falsecount="1"/>
        <line num="703" count="6" type="cond" truecount="4" falsecount="0"/>
        <line num="704" count="5" type="stmt"/>
        <line num="705" count="5" type="stmt"/>
        <line num="708" count="1" type="stmt"/>
        <line num="709" count="1" type="cond" truecount="1" falsecount="1"/>
        <line num="710" count="1" type="stmt"/>
        <line num="711" count="1" type="cond" truecount="1" falsecount="1"/>
        <line num="714" count="1" type="cond" truecount="1" falsecount="1"/>
        <line num="717" count="1" type="stmt"/>
        <line num="719" count="1" type="stmt"/>
        <line num="748" count="4" type="cond" truecount="2" falsecount="0"/>
        <line num="749" count="2" type="stmt"/>
        <line num="751" count="2" type="cond" truecount="2" falsecount="0"/>
        <line num="752" count="2" type="stmt"/>
        <line num="756" count="3" type="stmt"/>
        <line num="757" count="3" type="cond" truecount="3" falsecount="1"/>
        <line num="759" count="3" type="stmt"/>
        <line num="760" count="3" type="stmt"/>
        <line num="761" count="3" type="stmt"/>
        <line num="762" count="3" type="stmt"/>
        <line num="763" count="3" type="cond" truecount="2" falsecount="0"/>
        <line num="764" count="1" type="stmt"/>
        <line num="766" count="3" type="stmt"/>
        <line num="767" count="3" type="stmt"/>
        <line num="769" count="3" type="stmt"/>
        <line num="770" count="3" type="stmt"/>
        <line num="772" count="1" type="cond" truecount="1" falsecount="1"/>
        <line num="773" count="1" type="cond" truecount="1" falsecount="1"/>
        <line num="778" count="3" type="stmt"/>
        <line num="779" count="3" type="cond" truecount="1" falsecount="1"/>
        <line num="781" count="3" type="stmt"/>
        <line num="782" count="3" type="stmt"/>
        <line num="783" count="3" type="stmt"/>
        <line num="785" count="3" type="stmt"/>
        <line num="786" count="3" type="stmt"/>
        <line num="790" count="3" type="stmt"/>
        <line num="791" count="3" type="stmt"/>
        <line num="792" count="3" type="stmt"/>
        <line num="793" count="3" type="stmt"/>
        <line num="794" count="3" type="stmt"/>
        <line num="795" count="3" type="stmt"/>
        <line num="796" count="3" type="stmt"/>
        <line num="797" count="3" type="stmt"/>
        <line num="801" count="9" type="stmt"/>
        <line num="807" count="9" type="cond" truecount="2" falsecount="0"/>
        <line num="808" count="1" type="stmt"/>
        <line num="811" count="8" type="cond" truecount="2" falsecount="0"/>
        <line num="812" count="8" type="stmt"/>
        <line num="820" count="8" type="stmt"/>
        <line num="821" count="8" type="stmt"/>
        <line num="823" count="8" type="cond" truecount="1" falsecount="1"/>
        <line num="824" count="8" type="cond" truecount="2" falsecount="0"/>
        <line num="826" count="0" type="cond" truecount="0" falsecount="2"/>
        <line num="829" count="8" type="cond" truecount="1" falsecount="1"/>
        <line num="830" count="8" type="cond" truecount="2" falsecount="0"/>
        <line num="832" count="0" type="cond" truecount="0" falsecount="2"/>
        <line num="837" count="8" type="cond" truecount="2" falsecount="0"/>
        <line num="838" count="8" type="cond" truecount="2" falsecount="0"/>
        <line num="839" count="8" type="stmt"/>
        <line num="843" count="8" type="stmt"/>
        <line num="848" count="8" type="stmt"/>
        <line num="849" count="8" type="cond" truecount="2" falsecount="0"/>
        <line num="850" count="1" type="stmt"/>
        <line num="852" count="8" type="cond" truecount="2" falsecount="0"/>
        <line num="853" count="1" type="stmt"/>
        <line num="856" count="8" type="stmt"/>
        <line num="863" count="3" type="stmt"/>
        <line num="864" count="3" type="cond" truecount="1" falsecount="1"/>
        <line num="866" count="3" type="stmt"/>
        <line num="870" count="8" type="stmt"/>
        <line num="871" count="8" type="cond" truecount="2" falsecount="0"/>
        <line num="873" count="7" type="cond" truecount="4" falsecount="0"/>
        <line num="874" count="6" type="stmt"/>
        <line num="875" count="6" type="stmt"/>
        <line num="878" count="1" type="stmt"/>
        <line num="889" count="1" type="stmt"/>
        <line num="890" count="1" type="cond" truecount="1" falsecount="1"/>
        <line num="892" count="1" type="stmt"/>
        <line num="896" count="3" type="stmt"/>
        <line num="897" count="3" type="cond" truecount="1" falsecount="1"/>
        <line num="899" count="3" type="stmt"/>
        <line num="903" count="8" type="stmt"/>
        <line num="904" count="8" type="cond" truecount="2" falsecount="0"/>
        <line num="906" count="7" type="cond" truecount="4" falsecount="0"/>
        <line num="907" count="6" type="stmt"/>
        <line num="908" count="6" type="stmt"/>
        <line num="911" count="1" type="stmt"/>
        <line num="912" count="1" type="stmt"/>
        <line num="914" count="1" type="stmt"/>
        <line num="915" count="1" type="cond" truecount="1" falsecount="1"/>
        <line num="916" count="1" type="cond" truecount="2" falsecount="0"/>
        <line num="918" count="1" type="stmt"/>
        <line num="959" count="1" type="stmt"/>
        <line num="960" count="1" type="cond" truecount="1" falsecount="1"/>
        <line num="962" count="1" type="stmt"/>
        <line num="966" count="2" type="stmt"/>
        <line num="968" count="2" type="stmt"/>
        <line num="969" count="2" type="stmt"/>
        <line num="970" count="1" type="stmt"/>
        <line num="972" count="1" type="cond" truecount="1" falsecount="1"/>
        <line num="973" count="1" type="cond" truecount="1" falsecount="1"/>
        <line num="978" count="2" type="cond" truecount="2" falsecount="0"/>
        <line num="979" count="1" type="stmt"/>
        <line num="980" count="1" type="stmt"/>
        <line num="983" count="1" type="stmt"/>
        <line num="985" count="1" type="stmt"/>
        <line num="986" count="1" type="stmt"/>
        <line num="990" count="1" type="stmt"/>
        <line num="992" count="0" type="cond" truecount="0" falsecount="2"/>
        <line num="993" count="0" type="cond" truecount="0" falsecount="2"/>
        <line num="998" count="3" type="cond" truecount="2" falsecount="0"/>
        <line num="999" count="1" type="stmt"/>
        <line num="1000" count="1" type="stmt"/>
        <line num="1003" count="2" type="stmt"/>
        <line num="1006" count="2" type="cond" truecount="2" falsecount="0"/>
        <line num="1007" count="1" type="stmt"/>
        <line num="1010" count="1" type="stmt"/>
        <line num="1012" count="1" type="stmt"/>
        <line num="1013" count="1" type="stmt"/>
        <line num="1019" count="1" type="stmt"/>
        <line num="1020" count="1" type="stmt"/>
        <line num="1021" count="1" type="stmt"/>
        <line num="1023" count="0" type="cond" truecount="0" falsecount="2"/>
        <line num="1024" count="0" type="cond" truecount="0" falsecount="2"/>
        <line num="1029" count="1" type="stmt"/>
        <line num="1030" count="1" type="stmt"/>
        <line num="1031" count="1" type="cond" truecount="1" falsecount="1"/>
        <line num="1033" count="1" type="cond" truecount="1" falsecount="1"/>
        <line num="1034" count="1" type="cond" truecount="1" falsecount="1"/>
        <line num="1037" count="1" type="cond" truecount="1" falsecount="1"/>
        <line num="1038" count="1" type="stmt"/>
        <line num="1050" count="1" type="stmt"/>
        <line num="1052" count="9" type="stmt"/>
        <line num="1063" count="2" type="stmt"/>
        <line num="1064" count="2" type="stmt"/>
        <line num="1065" count="2" type="cond" truecount="1" falsecount="1"/>
        <line num="1067" count="2" type="cond" truecount="1" falsecount="1"/>
        <line num="1068" count="2" type="cond" truecount="2" falsecount="2"/>
        <line num="1071" count="2" type="cond" truecount="1" falsecount="1"/>
        <line num="1072" count="2" type="cond" truecount="2" falsecount="0"/>
        <line num="1073" count="1" type="stmt"/>
        <line num="1074" count="1" type="stmt"/>
        <line num="1077" count="1" type="stmt"/>
        <line num="1089" count="1" type="cond" truecount="1" falsecount="1"/>
        <line num="1092" count="1" type="cond" truecount="1" falsecount="1"/>
        <line num="1096" count="1" type="stmt"/>
        <line num="1111" count="18" type="stmt"/>
        <line num="1112" count="18" type="stmt"/>
        <line num="1113" count="18" type="cond" truecount="1" falsecount="1"/>
        <line num="1115" count="18" type="cond" truecount="1" falsecount="1"/>
        <line num="1116" count="18" type="stmt"/>
        <line num="1119" count="18" type="stmt"/>
        <line num="1123" count="1" type="stmt"/>
        <line num="1124" count="1" type="stmt"/>
        <line num="1125" count="1" type="stmt"/>
        <line num="1126" count="1" type="stmt"/>
        <line num="1127" count="1" type="stmt"/>
        <line num="1128" count="1" type="stmt"/>
        <line num="1129" count="1" type="stmt"/>
        <line num="1130" count="1" type="stmt"/>
        <line num="1134" count="60" type="stmt"/>
        <line num="1135" count="60" type="cond" truecount="2" falsecount="0"/>
        <line num="1136" count="55" type="cond" truecount="1" falsecount="1"/>
        <line num="1140" count="4" type="cond" truecount="2" falsecount="0"/>
        <line num="1144" count="1" type="cond" truecount="3" falsecount="1"/>
        <line num="1145" count="0" type="stmt"/>
        <line num="1147" count="1" type="stmt"/>
        <line num="1151" count="1" type="cond" truecount="3" falsecount="1"/>
        <line num="1152" count="0" type="stmt"/>
        <line num="1154" count="1" type="stmt"/>
        <line num="1158" count="58" type="stmt"/>
        <line num="1168" count="6" type="stmt"/>
        <line num="1169" count="6" type="cond" truecount="1" falsecount="1"/>
        <line num="1171" count="6" type="stmt"/>
        <line num="1172" count="2" type="stmt"/>
        <line num="1175" count="6" type="stmt"/>
        <line num="1176" count="0" type="stmt"/>
        <line num="1179" count="6" type="stmt"/>
        <line num="1180" count="2" type="stmt"/>
        <line num="1182" count="2" type="stmt"/>
        <line num="1183" count="2" type="stmt"/>
        <line num="1194" count="6" type="stmt"/>
        <line num="1195" count="6" type="stmt"/>
        <line num="1196" count="3" type="stmt"/>
        <line num="1197" count="3" type="stmt"/>
        <line num="1207" count="10" type="cond" truecount="2" falsecount="0"/>
        <line num="1208" count="1" type="stmt"/>
        <line num="1209" count="1" type="stmt"/>
        <line num="1214" count="16" type="stmt"/>
        <line num="1234" count="7" type="stmt"/>
        <line num="1235" count="7" type="cond" truecount="4" falsecount="0"/>
        <line num="1236" count="2" type="stmt"/>
        <line num="1237" count="2" type="cond" truecount="1" falsecount="1"/>
        <line num="1239" count="7" type="cond" truecount="2" falsecount="0"/>
        <line num="1240" count="1" type="cond" truecount="1" falsecount="1"/>
        <line num="1241" count="0" type="stmt"/>
        <line num="1243" count="1" type="stmt"/>
        <line num="1246" count="6" type="stmt"/>
        <line num="1247" count="6" type="stmt"/>
        <line num="1248" count="6" type="stmt"/>
        <line num="1250" count="6" type="stmt"/>
        <line num="1251" count="6" type="cond" truecount="3" falsecount="1"/>
        <line num="1252" count="6" type="stmt"/>
        <line num="1257" count="6" type="stmt"/>
        <line num="1259" count="6" type="cond" truecount="2" falsecount="0"/>
        <line num="1260" count="2" type="stmt"/>
        <line num="1262" count="4" type="stmt"/>
        <line num="1266" count="6" type="cond" truecount="2" falsecount="0"/>
        <line num="1267" count="5" type="cond" truecount="2" falsecount="0"/>
        <line num="1273" count="5" type="cond" truecount="1" falsecount="1"/>
        <line num="1274" count="5" type="cond" truecount="2" falsecount="0"/>
        <line num="1275" count="2" type="stmt"/>
        <line num="1277" count="3" type="stmt"/>
        <line num="1282" count="6" type="cond" truecount="2" falsecount="0"/>
        <line num="1283" count="2" type="stmt"/>
        <line num="1285" count="6" type="stmt"/>
        <line num="1287" count="0" type="cond" truecount="0" falsecount="2"/>
        <line num="1288" count="0" type="cond" truecount="0" falsecount="2"/>
        <line num="1289" count="0" type="stmt"/>
        <line num="1291" count="0" type="stmt"/>
        <line num="1296" count="7" type="cond" truecount="1" falsecount="1"/>
        <line num="1297" count="7" type="stmt"/>
        <line num="1298" count="7" type="stmt"/>
        <line num="1302" count="2" type="stmt"/>
        <line num="1303" count="2" type="cond" truecount="1" falsecount="1"/>
        <line num="1305" count="2" type="stmt"/>
        <line num="1306" count="0" type="stmt"/>
        <line num="1307" count="0" type="stmt"/>
        <line num="1319" count="6" type="cond" truecount="1" falsecount="1"/>
        <line num="1320" count="0" type="stmt"/>
        <line num="1321" count="0" type="stmt"/>
        <line num="1324" count="6" type="stmt"/>
        <line num="1325" count="6" type="cond" truecount="1" falsecount="1"/>
        <line num="1326" count="0" type="cond" truecount="0" falsecount="2"/>
        <line num="1327" count="0" type="stmt"/>
        <line num="1329" count="0" type="stmt"/>
        <line num="1332" count="6" type="stmt"/>
        <line num="1333" count="6" type="stmt"/>
        <line num="1334" count="6" type="cond" truecount="1" falsecount="1"/>
        <line num="1335" count="6" type="cond" truecount="2" falsecount="0"/>
        <line num="1339" count="6" type="cond" truecount="4" falsecount="0"/>
        <line num="1340" count="3" type="cond" truecount="1" falsecount="1"/>
        <line num="1341" count="0" type="stmt"/>
        <line num="1343" count="3" type="stmt"/>
        <line num="1346" count="3" type="stmt"/>
        <line num="1347" count="3" type="cond" truecount="2" falsecount="0"/>
        <line num="1348" count="3" type="stmt"/>
        <line num="1350" count="3" type="stmt"/>
        <line num="1352" count="3" type="stmt"/>
        <line num="1353" count="3" type="stmt"/>
        <line num="1354" count="3" type="stmt"/>
        <line num="1356" count="0" type="stmt"/>
        <line num="1359" count="3" type="stmt"/>
        <line num="1361" count="3" type="stmt"/>
        <line num="1366" count="3" type="stmt"/>
        <line num="1367" count="3" type="stmt"/>
        <line num="1368" count="3" type="cond" truecount="2" falsecount="0"/>
        <line num="1369" count="1" type="stmt"/>
        <line num="1371" count="3" type="stmt"/>
        <line num="1373" count="0" type="cond" truecount="0" falsecount="2"/>
        <line num="1374" count="0" type="cond" truecount="0" falsecount="2"/>
        <line num="1376" count="0" type="cond" truecount="0" falsecount="2"/>
        <line num="1377" count="0" type="stmt"/>
        <line num="1379" count="0" type="stmt"/>
        <line num="1381" count="3" type="stmt"/>
        <line num="1386" count="3" type="cond" truecount="4" falsecount="0"/>
        <line num="1387" count="2" type="stmt"/>
        <line num="1388" count="2" type="stmt"/>
        <line num="1389" count="2" type="stmt"/>
        <line num="1392" count="3" type="cond" truecount="4" falsecount="0"/>
        <line num="1393" count="1" type="stmt"/>
        <line num="1394" count="1" type="stmt"/>
        <line num="1395" count="1" type="cond" truecount="1" falsecount="1"/>
        <line num="1396" count="1" type="stmt"/>
        <line num="1401" count="4" type="stmt"/>
        <line num="1402" count="4" type="cond" truecount="1" falsecount="1"/>
        <line num="1404" count="4" type="stmt"/>
        <line num="1405" count="2" type="stmt"/>
        <line num="1407" count="2" type="stmt"/>
        <line num="1408" count="2" type="cond" truecount="2" falsecount="0"/>
        <line num="1409" count="1" type="stmt"/>
        <line num="1410" count="1" type="cond" truecount="1" falsecount="1"/>
        <line num="1411" count="0" type="stmt"/>
        <line num="1412" count="0" type="stmt"/>
        <line num="1416" count="2" type="stmt"/>
        <line num="1420" count="2" type="stmt"/>
        <line num="1421" count="2" type="stmt"/>
        <line num="1422" count="2" type="stmt"/>
        <line num="1431" count="2" type="cond" truecount="1" falsecount="1"/>
        <line num="1432" count="2" type="cond" truecount="1" falsecount="1"/>
        <line num="1433" count="0" type="stmt"/>
        <line num="1434" count="0" type="stmt"/>
        <line num="1437" count="2" type="stmt"/>
        <line num="1443" count="2" type="stmt"/>
        <line num="1444" count="2" type="stmt"/>
        <line num="1446" count="0" type="cond" truecount="0" falsecount="2"/>
        <line num="1452" count="3" type="stmt"/>
        <line num="1453" count="3" type="stmt"/>
        <line num="1454" count="3" type="stmt"/>
        <line num="1456" count="0" type="cond" truecount="0" falsecount="2"/>
        <line num="1461" count="10" type="cond" truecount="1" falsecount="1"/>
        <line num="1463" count="10" type="stmt"/>
        <line num="1464" count="10" type="stmt"/>
        <line num="1465" count="10" type="stmt"/>
        <line num="1466" count="10" type="stmt"/>
        <line num="1467" count="10" type="stmt"/>
        <line num="1468" count="10" type="stmt"/>
        <line num="1469" count="10" type="stmt"/>
        <line num="1470" count="10" type="stmt"/>
        <line num="1471" count="10" type="cond" truecount="2" falsecount="0"/>
        <line num="1473" count="10" type="cond" truecount="4" falsecount="0"/>
        <line num="1474" count="10" type="stmt"/>
        <line num="1475" count="10" type="stmt"/>
        <line num="1476" count="10" type="stmt"/>
        <line num="1477" count="10" type="stmt"/>
        <line num="1478" count="10" type="stmt"/>
        <line num="1479" count="10" type="stmt"/>
        <line num="1480" count="10" type="stmt"/>
        <line num="1481" count="10" type="stmt"/>
        <line num="1485" count="1" type="cond" truecount="3" falsecount="1"/>
        <line num="1487" count="1" type="stmt"/>
        <line num="1488" count="1" type="cond" truecount="1" falsecount="1"/>
        <line num="1490" count="1" type="stmt"/>
        <line num="1491" count="1" type="cond" truecount="1" falsecount="1"/>
        <line num="1492" count="1" type="stmt"/>
        <line num="1493" count="1" type="cond" truecount="1" falsecount="1"/>
        <line num="1494" count="1" type="stmt"/>
        <line num="1499" count="10" type="stmt"/>
        <line num="1500" count="10" type="cond" truecount="2" falsecount="0"/>
        <line num="1502" count="8" type="cond" truecount="2" falsecount="0"/>
        <line num="1503" count="6" type="stmt"/>
        <line num="1504" count="6" type="stmt"/>
        <line num="1505" count="6" type="stmt"/>
        <line num="1508" count="2" type="stmt"/>
        <line num="1509" count="2" type="stmt"/>
        <line num="1510" count="2" type="stmt"/>
        <line num="1514" count="10" type="cond" truecount="1" falsecount="1"/>
        <line num="1516" count="10" type="stmt"/>
        <line num="1517" count="10" type="cond" truecount="2" falsecount="0"/>
        <line num="1519" count="9" type="cond" truecount="4" falsecount="0"/>
        <line num="1520" count="2" type="stmt"/>
        <line num="1523" count="7" type="stmt"/>
        <line num="1527" count="21" type="stmt"/>
        <line num="1528" count="21" type="stmt"/>
        <line num="1529" count="21" type="stmt"/>
        <line num="1530" count="21" type="stmt"/>
        <line num="1532" count="21" type="cond" truecount="3" falsecount="0"/>
        <line num="1533" count="21" type="cond" truecount="2" falsecount="0"/>
        <line num="1534" count="21" type="cond" truecount="2" falsecount="0"/>
        <line num="1536" count="21" type="cond" truecount="1" falsecount="1"/>
        <line num="1537" count="21" type="cond" truecount="1" falsecount="1"/>
        <line num="1538" count="21" type="cond" truecount="1" falsecount="1"/>
        <line num="1540" count="21" type="cond" truecount="1" falsecount="1"/>
        <line num="1541" count="21" type="stmt"/>
        <line num="1542" count="21" type="stmt"/>
        <line num="1545" count="21" type="stmt"/>
        <line num="1549" count="21" type="stmt"/>
        <line num="1550" count="21" type="cond" truecount="2" falsecount="0"/>
        <line num="1552" count="21" type="cond" truecount="2" falsecount="0"/>
        <line num="1553" count="19" type="stmt"/>
        <line num="1556" count="2" type="stmt"/>
        <line num="1557" count="2" type="stmt"/>
        <line num="1559" count="2" type="cond" truecount="1" falsecount="1"/>
        <line num="1560" count="0" type="stmt"/>
        <line num="1565" count="5" type="stmt"/>
        <line num="1566" count="5" type="stmt"/>
        <line num="1569" count="3" type="cond" truecount="1" falsecount="1"/>
        <line num="1570" count="3" type="cond" truecount="1" falsecount="1"/>
        <line num="1571" count="0" type="stmt"/>
        <line num="1574" count="3" type="stmt"/>
        <line num="1575" count="3" type="stmt"/>
        <line num="1576" count="3" type="stmt"/>
        <line num="1578" count="2" type="cond" truecount="2" falsecount="0"/>
        <line num="1579" count="1" type="stmt"/>
        <line num="1581" count="1" type="cond" truecount="1" falsecount="1"/>
        <line num="1582" count="1" type="stmt"/>
        <line num="1587" count="3" type="cond" truecount="3" falsecount="1"/>
        <line num="1588" count="0" type="stmt"/>
        <line num="1591" count="3" type="stmt"/>
        <line num="1592" count="3" type="stmt"/>
        <line num="1593" count="3" type="stmt"/>
        <line num="1597" count="1" type="stmt"/>
        <line num="1598" count="1" type="cond" truecount="3" falsecount="1"/>
        <line num="1599" count="1" type="stmt"/>
        <line num="1601" count="0" type="stmt"/>
        <line num="1605" count="7" type="stmt"/>
        <line num="1606" count="7" type="cond" truecount="2" falsecount="0"/>
        <line num="1608" count="2" type="cond" truecount="1" falsecount="1"/>
        <line num="1609" count="2" type="cond" truecount="1" falsecount="1"/>
        <line num="1610" count="2" type="stmt"/>
        <line num="1613" count="0" type="stmt"/>
        <line num="1617" count="4" type="cond" truecount="1" falsecount="1"/>
        <line num="1619" count="4" type="stmt"/>
        <line num="1620" count="4" type="cond" truecount="1" falsecount="1"/>
        <line num="1622" count="4" type="stmt"/>
        <line num="1624" count="4" type="stmt"/>
        <line num="1625" count="6" type="stmt"/>
        <line num="1628" count="4" type="stmt"/>
        <line num="1629" count="6" type="stmt"/>
        <line num="1630" count="6" type="stmt"/>
        <line num="1631" count="6" type="cond" truecount="2" falsecount="0"/>
        <line num="1634" count="4" type="stmt"/>
        <line num="1635" count="6" type="stmt"/>
        <line num="1636" count="6" type="stmt"/>
        <line num="1637" count="6" type="cond" truecount="2" falsecount="0"/>
        <line num="1640" count="4" type="stmt"/>
        <line num="1641" count="4" type="stmt"/>
        <line num="1643" count="4" type="cond" truecount="2" falsecount="0"/>
        <line num="1644" count="1" type="stmt"/>
        <line num="1647" count="4" type="cond" truecount="2" falsecount="0"/>
        <line num="1648" count="2" type="stmt"/>
        <line num="1651" count="4" type="cond" truecount="4" falsecount="0"/>
        <line num="1652" count="3" type="stmt"/>
        <line num="1657" count="3" type="cond" truecount="1" falsecount="1"/>
        <line num="1659" count="3" type="stmt"/>
        <line num="1660" count="3" type="stmt"/>
        <line num="1668" count="2" type="stmt"/>
        <line num="1669" count="2" type="stmt"/>
        <line num="1670" count="2" type="stmt"/>
        <line num="1672" count="2" type="cond" truecount="1" falsecount="1"/>
        <line num="1673" count="2" type="stmt"/>
        <line num="1674" count="2" type="stmt"/>
        <line num="1679" count="4" type="cond" truecount="1" falsecount="1"/>
        <line num="1681" count="4" type="stmt"/>
        <line num="1682" count="2" type="stmt"/>
        <line num="1685" count="4" type="stmt"/>
        <line num="1687" count="4" type="stmt"/>
        <line num="1688" count="4" type="stmt"/>
        <line num="1689" count="0" type="stmt"/>
        <line num="1694" count="2" type="stmt"/>
        <line num="1695" count="3" type="stmt"/>
        <line num="1698" count="2" type="stmt"/>
        <line num="1699" count="3" type="stmt"/>
        <line num="1700" count="3" type="stmt"/>
        <line num="1703" count="2" type="stmt"/>
        <line num="1704" count="3" type="stmt"/>
        <line num="1705" count="3" type="stmt"/>
        <line num="1710" count="4" type="stmt"/>
        <line num="1711" count="4" type="cond" truecount="1" falsecount="1"/>
        <line num="1713" count="4" type="stmt"/>
        <line num="1714" count="4" type="stmt"/>
        <line num="1716" count="4" type="cond" truecount="1" falsecount="1"/>
        <line num="1717" count="4" type="stmt"/>
        <line num="1720" count="4" type="cond" truecount="1" falsecount="1"/>
        <line num="1721" count="4" type="stmt"/>
        <line num="1726" count="2" type="stmt"/>
        <line num="1727" count="2" type="stmt"/>
        <line num="1729" count="2" type="cond" truecount="1" falsecount="1"/>
        <line num="1730" count="2" type="stmt"/>
        <line num="1733" count="2" type="cond" truecount="1" falsecount="1"/>
        <line num="1734" count="2" type="stmt"/>
        <line num="1739" count="3" type="stmt"/>
        <line num="1740" count="3" type="cond" truecount="1" falsecount="1"/>
        <line num="1742" count="3" type="stmt"/>
        <line num="1743" count="2" type="stmt"/>
        <line num="1745" count="2" type="cond" truecount="2" falsecount="0"/>
        <line num="1746" count="1" type="cond" truecount="1" falsecount="1"/>
        <line num="1749" count="2" type="cond" truecount="1" falsecount="1"/>
        <line num="1751" count="2" type="cond" truecount="1" falsecount="1"/>
        <line num="1752" count="2" type="stmt"/>
        <line num="1758" count="15" type="stmt"/>
        <line num="1759" count="15" type="stmt"/>
        <line num="1760" count="15" type="cond" truecount="3" falsecount="1"/>
        <line num="1762" count="15" type="stmt"/>
        <line num="1766" count="23" type="stmt"/>
        <line num="1767" count="23" type="cond" truecount="1" falsecount="1"/>
        <line num="1769" count="23" type="stmt"/>
        <line num="1770" count="23" type="cond" truecount="4" falsecount="1"/>
        <line num="1772" count="13" type="stmt"/>
        <line num="1773" count="13" type="stmt"/>
        <line num="1775" count="3" type="stmt"/>
        <line num="1776" count="3" type="stmt"/>
        <line num="1778" count="0" type="stmt"/>
        <line num="1779" count="0" type="stmt"/>
        <line num="1781" count="1" type="stmt"/>
        <line num="1782" count="1" type="stmt"/>
        <line num="1784" count="6" type="stmt"/>
        <line num="1785" count="6" type="stmt"/>
        <line num="1790" count="6" type="stmt"/>
        <line num="1791" count="6" type="stmt"/>
        <line num="1792" count="6" type="stmt"/>
        <line num="1794" count="6" type="cond" truecount="4" falsecount="1"/>
        <line num="1795" count="0" type="stmt"/>
        <line num="1798" count="6" type="cond" truecount="1" falsecount="1"/>
        <line num="1799" count="6" type="stmt"/>
        <line num="1800" count="6" type="stmt"/>
        <line num="1802" count="6" type="cond" truecount="2" falsecount="0"/>
        <line num="1803" count="1" type="stmt"/>
        <line num="1806" count="5" type="cond" truecount="4" falsecount="0"/>
        <line num="1807" count="3" type="stmt"/>
        <line num="1810" count="2" type="stmt"/>
        <line num="1811" count="2" type="stmt"/>
        <line num="1819" count="1" type="cond" truecount="1" falsecount="1"/>
        <line num="1820" count="0" type="stmt"/>
        <line num="1822" count="1" type="stmt"/>
        <line num="1825" count="1" type="stmt"/>
        <line num="1827" count="1" type="cond" truecount="1" falsecount="1"/>
        <line num="1828" count="1" type="cond" truecount="1" falsecount="1"/>
        <line num="1830" count="1" type="stmt"/>
        <line num="1835" count="8" type="stmt"/>
        <line num="1836" count="8" type="stmt"/>
        <line num="1838" count="8" type="stmt"/>
        <line num="1839" count="8" type="stmt"/>
        <line num="1842" count="8" type="stmt"/>
        <line num="1844" count="8" type="cond" truecount="2" falsecount="0"/>
        <line num="1845" count="1" type="stmt"/>
        <line num="1850" count="5" type="stmt"/>
        <line num="1851" count="5" type="stmt"/>
        <line num="1853" count="5" type="stmt"/>
        <line num="1854" count="7" type="stmt"/>
        <line num="1855" count="7" type="stmt"/>
        <line num="1858" count="5" type="stmt"/>
        <line num="1860" count="5" type="cond" truecount="2" falsecount="0"/>
        <line num="1861" count="2" type="stmt"/>
        <line num="1862" count="2" type="stmt"/>
        <line num="1867" count="15" type="cond" truecount="1" falsecount="1"/>
        <line num="1869" count="15" type="stmt"/>
        <line num="1870" count="15" type="cond" truecount="2" falsecount="0"/>
        <line num="1872" count="13" type="stmt"/>
        <line num="1873" count="10" type="cond" truecount="2" falsecount="0"/>
        <line num="1875" count="3" type="stmt"/>
        <line num="1876" count="3" type="stmt"/>
        <line num="1877" count="3" type="stmt"/>
        <line num="1878" count="3" type="stmt"/>
        <line num="1882" count="3" type="cond" truecount="2" falsecount="0"/>
        <line num="1884" count="2" type="stmt"/>
        <line num="1885" count="2" type="cond" truecount="2" falsecount="0"/>
        <line num="1886" count="1" type="stmt"/>
        <line num="1887" count="1" type="stmt"/>
        <line num="1890" count="1" type="stmt"/>
        <line num="1891" count="1" type="stmt"/>
        <line num="1892" count="1" type="stmt"/>
        <line num="1896" count="14" type="stmt"/>
        <line num="1897" count="14" type="stmt"/>
        <line num="1901" count="14" type="cond" truecount="1" falsecount="1"/>
        <line num="1903" count="14" type="cond" truecount="4" falsecount="0"/>
        <line num="1904" count="12" type="stmt"/>
        <line num="1905" count="12" type="stmt"/>
        <line num="1908" count="3" type="stmt"/>
        <line num="1918" count="2" type="stmt"/>
        <line num="1919" count="3" type="stmt"/>
        <line num="1920" count="1" type="cond" truecount="1" falsecount="1"/>
        <line num="1921" count="2" type="stmt"/>
        <line num="1922" count="1" type="stmt"/>
        <line num="1928" count="16" type="stmt"/>
        <line num="1932" count="19" type="stmt"/>
        <line num="1933" count="19" type="stmt"/>
        <line num="1935" count="19" type="cond" truecount="2" falsecount="0"/>
        <line num="1936" count="12" type="cond" truecount="2" falsecount="0"/>
        <line num="1938" count="15" type="stmt"/>
        <line num="1941" count="10" type="stmt"/>
        <line num="1942" count="10" type="cond" truecount="2" falsecount="0"/>
        <line num="1943" count="2" type="stmt"/>
        <line num="1946" count="8" type="stmt"/>
        <line num="1947" count="8" type="stmt"/>
        <line num="1951" count="19" type="stmt"/>
        <line num="1955" count="7" type="stmt"/>
        <line num="1956" count="7" type="cond" truecount="2" falsecount="0"/>
        <line num="1957" count="1" type="stmt"/>
        <line num="1960" count="6" type="stmt"/>
        <line num="1961" count="6" type="stmt"/>
        <line num="1965" count="17" type="cond" truecount="2" falsecount="0"/>
[...]
        <line num="83" count="8" type="stmt"/>
        <line num="84" count="8" type="stmt"/>
        <line num="85" count="8" type="stmt"/>
        <line num="86" count="8" type="stmt"/>
        <line num="87" count="8" type="stmt"/>
        <line num="89" count="8" type="stmt"/>
        <line num="90" count="8" type="stmt"/>
        <line num="96" count="7" type="cond" truecount="1" falsecount="1"/>
        <line num="97" count="7" type="cond" truecount="1" falsecount="1"/>
        <line num="98" count="7" type="cond" truecount="1" falsecount="1"/>
        <line num="99" count="7" type="cond" truecount="1" falsecount="1"/>
        <line num="100" count="7" type="stmt"/>
        <line num="102" count="1" type="stmt"/>
        <line num="103" count="1" type="stmt"/>
        <line num="104" count="1" type="stmt"/>
        <line num="105" count="1" type="stmt"/>
        <line num="106" count="1" type="stmt"/>
        <line num="107" count="1" type="stmt"/>
        <line num="112" count="8" type="stmt"/>
        <line num="113" count="8" type="stmt"/>
        <line num="114" count="8" type="stmt"/>
        <line num="115" count="8" type="stmt"/>
        <line num="116" count="8" type="stmt"/>
        <line num="120" count="8" type="stmt"/>
        <line num="121" count="8" type="cond" truecount="1" falsecount="1"/>
        <line num="122" count="8" type="stmt"/>
        <line num="150" count="1" type="stmt"/>
        <line num="151" count="1" type="cond" truecount="1" falsecount="1"/>
        <line num="152" count="1" type="stmt"/>
        <line num="172" count="8" type="stmt"/>
        <line num="173" count="8" type="cond" truecount="1" falsecount="1"/>
        <line num="174" count="8" type="stmt"/>
        <line num="202" count="1" type="stmt"/>
        <line num="203" count="1" type="cond" truecount="1" falsecount="1"/>
        <line num="204" count="1" type="stmt"/>
        <line num="224" count="8" type="stmt"/>
        <line num="225" count="8" type="cond" truecount="1" falsecount="1"/>
        <line num="226" count="8" type="stmt"/>
        <line num="227" count="1" type="stmt"/>
        <line num="228" count="1" type="stmt"/>
        <line num="230" count="8" type="stmt"/>
        <line num="255" count="2" type="stmt"/>
        <line num="256" count="2" type="stmt"/>
        <line num="266" count="8" type="stmt"/>
        <line num="267" count="8" type="cond" truecount="1" falsecount="1"/>
        <line num="268" count="8" type="stmt"/>
        <line num="294" count="1" type="stmt"/>
        <line num="295" count="1" type="stmt"/>
        <line num="306" count="8" type="stmt"/>
        <line num="307" count="8" type="cond" truecount="1" falsecount="1"/>
        <line num="308" count="8" type="stmt"/>
        <line num="335" count="1" type="stmt"/>
        <line num="336" count="1" type="stmt"/>
        <line num="348" count="3" type="cond" truecount="1" falsecount="1"/>
        <line num="349" count="3" type="cond" truecount="2" falsecount="0"/>
        <line num="350" count="2" type="stmt"/>
        <line num="351" count="2" type="stmt"/>
        <line num="353" count="1" type="stmt"/>
        <line num="354" count="1" type="stmt"/>
        <line num="358" count="1" type="cond" truecount="1" falsecount="1"/>
        <line num="359" count="1" type="stmt"/>
        <line num="360" count="1" type="stmt"/>
        <line num="362" count="0" type="stmt"/>
        <line num="367" count="2" type="cond" truecount="1" falsecount="1"/>
        <line num="368" count="2" type="cond" truecount="2" falsecount="0"/>
        <line num="369" count="1" type="stmt"/>
        <line num="370" count="1" type="stmt"/>
        <line num="372" count="1" type="stmt"/>
        <line num="373" count="1" type="stmt"/>
        <line num="377" count="0" type="cond" truecount="0" falsecount="2"/>
        <line num="378" count="0" type="stmt"/>
        <line num="379" count="0" type="stmt"/>
        <line num="381" count="1" type="stmt"/>
        <line num="386" count="4" type="stmt"/>
        <line num="387" count="4" type="cond" truecount="2" falsecount="0"/>
        <line num="388" count="1" type="stmt"/>
        <line num="389" count="2" type="stmt"/>
        <line num="390" count="4" type="cond" truecount="2" falsecount="0"/>
        <line num="392" count="3" type="cond" truecount="2" falsecount="0"/>
        <line num="393" count="3" type="cond" truecount="3" falsecount="1"/>
        <line num="394" count="3" type="cond" truecount="2" falsecount="0"/>
        <line num="395" count="2" type="stmt"/>
        <line num="396" count="2" type="cond" truecount="2" falsecount="0"/>
        <line num="397" count="1" type="stmt"/>
        <line num="398" count="1" type="stmt"/>
        <line num="401" count="1" type="stmt"/>
        <line num="402" count="1" type="cond" truecount="1" falsecount="1"/>
        <line num="406" count="1" type="stmt"/>
        <line num="407" count="1" type="stmt"/>
        <line num="409" count="0" type="stmt"/>
        <line num="414" count="4" type="stmt"/>
        <line num="415" count="4" type="cond" truecount="2" falsecount="0"/>
        <line num="416" count="3" type="stmt"/>
        <line num="417" count="1" type="stmt"/>
        <line num="418" count="4" type="cond" truecount="1" falsecount="1"/>
        <line num="420" count="4" type="cond" truecount="1" falsecount="1"/>
        <line num="421" count="4" type="cond" truecount="2" falsecount="0"/>
        <line num="422" count="4" type="cond" truecount="2" falsecount="0"/>
        <line num="423" count="4" type="cond" truecount="2" falsecount="0"/>
        <line num="425" count="3" type="stmt"/>
        <line num="426" count="3" type="cond" truecount="2" falsecount="0"/>
        <line num="429" count="2" type="stmt"/>
        <line num="430" count="2" type="stmt"/>
        <line num="432" count="1" type="stmt"/>
        <line num="437" count="5" type="cond" truecount="2" falsecount="0"/>
        <line num="438" count="3" type="stmt"/>
        <line num="441" count="13" type="stmt"/>
        <line num="460" count="7" type="cond" truecount="2" falsecount="0"/>
        <line num="461" count="3" type="stmt"/>
        <line num="463" count="7" type="cond" truecount="2" falsecount="0"/>
        <line num="464" count="5" type="stmt"/>
        <line num="466" count="7" type="cond" truecount="2" falsecount="0"/>
        <line num="467" count="1" type="stmt"/>
        <line num="469" count="7" type="cond" truecount="2" falsecount="0"/>
        <line num="470" count="1" type="stmt"/>
        <line num="474" count="1" type="stmt"/>
        <line num="482" count="13" type="stmt"/>
        <line num="483" count="13" type="stmt"/>
        <line num="484" count="13" type="stmt"/>
        <line num="485" count="13" type="stmt"/>
      </file>
      <file name="module7.js" path="D:\Y3S2\CPT202\CPT202-Final\CPT202-Final-main\frontend\module7\module7.js">
        <metrics statements="40" coveredstatements="40" conditionals="42" coveredconditionals="31" methods="13" coveredmethods="13"/>
        <line num="1" count="10" type="stmt"/>
        <line num="2" count="10" type="stmt"/>
        <line num="9" count="10" type="stmt"/>
        <line num="12" count="1" type="stmt"/>
        <line num="19" count="4" type="stmt"/>
        <line num="20" count="4" type="stmt"/>
        <line num="21" count="2" type="cond" truecount="4" falsecount="0"/>
        <line num="22" count="1" type="stmt"/>
        <line num="23" count="1" type="stmt"/>
        <line num="25" count="1" type="stmt"/>
        <line num="27" count="2" type="cond" truecount="2" falsecount="0"/>
        <line num="28" count="1" type="stmt"/>
        <line num="29" count="1" type="stmt"/>
        <line num="30" count="1" type="stmt"/>
        <line num="32" count="1" type="cond" truecount="1" falsecount="1"/>
        <line num="33" count="1" type="stmt"/>
        <line num="38" count="2" type="stmt"/>
        <line num="39" count="2" type="cond" truecount="1" falsecount="1"/>
        <line num="40" count="2" type="stmt"/>
        <line num="52" count="3" type="stmt"/>
        <line num="53" count="3" type="cond" truecount="1" falsecount="1"/>
        <line num="54" count="3" type="cond" truecount="1" falsecount="1"/>
        <line num="55" count="3" type="cond" truecount="1" falsecount="1"/>
        <line num="56" count="3" type="cond" truecount="1" falsecount="1"/>
        <line num="57" count="3" type="cond" truecount="4" falsecount="0"/>
        <line num="58" count="2" type="cond" truecount="2" falsecount="0"/>
        <line num="59" count="1" type="stmt"/>
        <line num="63" count="3" type="stmt"/>
        <line num="67" count="5" type="cond" truecount="4" falsecount="0"/>
        <line num="68" count="4" type="stmt"/>
        <line num="72" count="7" type="stmt"/>
        <line num="76" count="3" type="cond" truecount="1" falsecount="1"/>
        <line num="84" count="1" type="stmt"/>
        <line num="88" count="1" type="stmt"/>
        <line num="89" count="1" type="cond" truecount="1" falsecount="1"/>
        <line num="90" count="1" type="stmt"/>
        <line num="94" count="2" type="cond" truecount="4" falsecount="0"/>
        <line num="98" count="2" type="cond" truecount="2" falsecount="0"/>
        <line num="101" count="2" type="stmt"/>
        <line num="104" count="10" type="stmt"/>
      </file>
      <file name="tag-management.js" path="D:\Y3S2\CPT202\CPT202-Final\CPT202-Final-main\frontend\module7\tag-management.js">
        <metrics statements="114" coveredstatements="112" conditionals="91" coveredconditionals="63" methods="26" coveredmethods="26"/>
        <line num="1" count="13" type="stmt"/>
        <line num="2" count="13" type="stmt"/>
        <line num="3" count="13" type="stmt"/>
        <line num="5" count="13" type="stmt"/>
        <line num="6" count="13" type="stmt"/>
        <line num="7" count="13" type="stmt"/>
        <line num="9" count="13" type="stmt"/>
        <line num="10" count="1" type="stmt"/>
        <line num="11" count="1" type="stmt"/>
        <line num="12" count="1" type="stmt"/>
        <line num="13" count="1" type="cond" truecount="1" falsecount="1"/>
        <line num="15" count="1" type="stmt"/>
        <line num="16" count="1" type="stmt"/>
        <line num="17" count="1" type="stmt"/>
        <line num="21" count="1" type="stmt"/>
        <line num="22" count="3" type="stmt"/>
        <line num="23" count="3" type="cond" truecount="2" falsecount="0"/>
        <line num="24" count="1" type="stmt"/>
        <line num="25" count="1" type="stmt"/>
        <line num="26" count="2" type="stmt"/>
        <line num="28" count="1" type="stmt"/>
        <line num="29" count="2" type="stmt"/>
        <line num="31" count="1" type="stmt"/>
        <line num="32" count="1" type="cond" truecount="1" falsecount="1"/>
        <line num="37" count="1" type="stmt"/>
        <line num="38" count="1" type="cond" truecount="1" falsecount="1"/>
        <line num="39" count="1" type="stmt"/>
        <line num="42" count="1" type="stmt"/>
        <line num="43" count="3" type="stmt"/>
        <line num="44" count="3" type="cond" truecount="2" falsecount="0"/>
        <line num="45" count="1" type="stmt"/>
        <line num="46" count="1" type="stmt"/>
        <line num="47" count="1" type="cond" truecount="1" falsecount="1"/>
        <line num="48" count="1" type="cond" truecount="1" falsecount="1"/>
        <line num="49" count="1" type="stmt"/>
        <line num="50" count="1" type="stmt"/>
        <line num="52" count="0" type="cond" truecount="0" falsecount="2"/>
        <line num="53" count="0" type="stmt"/>
        <line num="59" count="7" type="stmt"/>
        <line num="60" count="7" type="stmt"/>
        <line num="61" count="7" type="stmt"/>
        <line num="62" count="7" type="stmt"/>
        <line num="63" count="7" type="stmt"/>
        <line num="65" count="7" type="stmt"/>
        <line num="66" count="7" type="stmt"/>
        <line num="71" count="6" type="cond" truecount="1" falsecount="1"/>
        <line num="72" count="6" type="cond" truecount="1" falsecount="1"/>
        <line num="73" count="6" type="cond" truecount="1" falsecount="1"/>
        <line num="74" count="6" type="stmt"/>
        <line num="76" count="1" type="stmt"/>
        <line num="77" count="1" type="stmt"/>
        <line num="78" count="1" type="stmt"/>
        <line num="79" count="1" type="stmt"/>
        <line num="80" count="1" type="stmt"/>
        <line num="85" count="7" type="stmt"/>
        <line num="86" count="7" type="stmt"/>
        <line num="87" count="7" type="stmt"/>
        <line num="88" count="7" type="stmt"/>
        <line num="92" count="7" type="stmt"/>
        <line num="93" count="7" type="cond" truecount="1" falsecount="1"/>
        <line num="94" count="7" type="stmt"/>
        <line num="116" count="3" type="stmt"/>
        <line num="117" count="3" type="cond" truecount="1" falsecount="1"/>
        <line num="118" count="3" type="stmt"/>
        <line num="138" count="7" type="stmt"/>
        <line num="139" count="7" type="cond" truecount="1" falsecount="1"/>
        <line num="140" count="7" type="stmt"/>
        <line num="164" count="2" type="stmt"/>
        <line num="173" count="7" type="stmt"/>
        <line num="174" count="7" type="cond" truecount="1" falsecount="1"/>
        <line num="175" count="7" type="stmt"/>
        <line num="200" count="3" type="stmt"/>
        <line num="201" count="3" type="stmt"/>
        <line num="211" count="7" type="stmt"/>
        <line num="212" count="7" type="cond" truecount="1" falsecount="1"/>
        <line num="213" count="7" type="stmt"/>
        <line num="239" count="2" type="stmt"/>
        <line num="240" count="2" type="stmt"/>
        <line num="251" count="6" type="stmt"/>
        <line num="252" count="6" type="cond" truecount="2" falsecount="0"/>
        <line num="253" count="4" type="cond" truecount="1" falsecount="1"/>
        <line num="254" count="4" type="cond" truecount="2" falsecount="0"/>
        <line num="255" count="3" type="stmt"/>
        <line num="256" count="3" type="cond" truecount="2" falsecount="0"/>
        <line num="257" count="1" type="stmt"/>
        <line num="258" count="1" type="stmt"/>
        <line num="261" count="2" type="stmt"/>
        <line num="262" count="2" type="stmt"/>
        <line num="266" count="1" type="stmt"/>
        <line num="267" count="1" type="stmt"/>
        <line num="269" count="1" type="stmt"/>
        <line num="274" count="5" type="stmt"/>
        <line num="275" count="5" type="cond" truecount="2" falsecount="0"/>
        <line num="276" count="4" type="cond" truecount="1" falsecount="1"/>
        <line num="277" count="4" type="cond" truecount="2" falsecount="0"/>
        <line num="278" count="4" type="cond" truecount="2" falsecount="0"/>
        <line num="280" count="3" type="stmt"/>
        <line num="281" count="3" type="stmt"/>
        <line num="282" count="2" type="stmt"/>
        <line num="283" count="2" type="stmt"/>
        <line num="285" count="1" type="stmt"/>
        <line num="290" count="5" type="cond" truecount="2" falsecount="0"/>
        <line num="291" count="3" type="stmt"/>
        <line num="294" count="13" type="stmt"/>
        <line num="311" count="9" type="cond" truecount="1" falsecount="1"/>
        <line num="312" count="9" type="stmt"/>
        <line num="314" count="9" type="cond" truecount="2" falsecount="0"/>
        <line num="315" count="1" type="stmt"/>
        <line num="317" count="9" type="cond" truecount="2" falsecount="0"/>
        <line num="318" count="1" type="stmt"/>
        <line num="322" count="3" type="stmt"/>
        <line num="329" count="13" type="stmt"/>
        <line num="330" count="13" type="stmt"/>
        <line num="331" count="13" type="stmt"/>
      </file>
    </package>
    <package name="shared">
      <metrics statements="64" coveredstatements="63" conditionals="52" coveredconditionals="47" methods="14" coveredmethods="14"/>
      <file name="shared.js" path="D:\Y3S2\CPT202\CPT202-Final\CPT202-Final-main\frontend\shared\shared.js">
        <metrics statements="64" coveredstatements="63" conditionals="52" coveredconditionals="47" methods="14" coveredmethods="14"/>
        <line num="1" count="31" type="stmt"/>
        <line num="3" count="5" type="stmt"/>
        <line num="7" count="5" type="stmt"/>
        <line num="8" count="5" type="stmt"/>
        <line num="14" count="9" type="stmt"/>
        <line num="15" count="9" type="stmt"/>
        <line num="17" count="2" type="stmt"/>
        <line num="18" count="2" type="stmt"/>
        <line num="19" count="2" type="stmt"/>
        <line num="22" count="7" type="cond" truecount="2" falsecount="0"/>
        <line num="23" count="3" type="stmt"/>
        <line num="24" count="3" type="stmt"/>
        <line num="26" count="3" type="stmt"/>
        <line num="27" count="3" type="stmt"/>
        <line num="28" count="1" type="cond" truecount="1" falsecount="1"/>
        <line num="29" count="1" type="cond" truecount="1" falsecount="1"/>
        <line num="31" count="2" type="stmt"/>
        <line num="32" count="2" type="stmt"/>
        <line num="37" count="3" type="cond" truecount="2" falsecount="0"/>
        <line num="38" count="3" type="stmt"/>
        <line num="39" count="3" type="stmt"/>
        <line num="40" count="3" type="stmt"/>
        <line num="41" count="3" type="stmt"/>
        <line num="44" count="4" type="cond" truecount="2" falsecount="0"/>
        <line num="45" count="4" type="cond" truecount="2" falsecount="0"/>
        <line num="46" count="3" type="stmt"/>
        <line num="49" count="1" type="stmt"/>
        <line num="53" count="5" type="stmt"/>
        <line num="54" count="5" type="cond" truecount="2" falsecount="0"/>
        <line num="56" count="4" type="stmt"/>
        <line num="57" count="4" type="stmt"/>
        <line num="59" count="4" type="stmt"/>
        <line num="60" count="4" type="stmt"/>
        <line num="61" count="2" type="stmt"/>
        <line num="66" count="2" type="stmt"/>
        <line num="67" count="2" type="cond" truecount="2" falsecount="0"/>
        <line num="68" count="1" type="stmt"/>
        <line num="73" count="6" type="cond" truecount="4" falsecount="0"/>
        <line num="74" count="4" type="cond" truecount="2" falsecount="0"/>
        <line num="76" count="3" type="stmt"/>
        <line num="78" count="3" type="stmt"/>
        <line num="79" count="3" type="stmt"/>
        <line num="80" count="3" type="cond" truecount="2" falsecount="0"/>
        <line num="82" count="2" type="stmt"/>
        <line num="84" count="2" type="stmt"/>
        <line num="85" count="2" type="stmt"/>
        <line num="90" count="2" type="stmt"/>
        <line num="95" count="4" type="cond" truecount="2" falsecount="0"/>
        <line num="104" count="2" type="cond" truecount="1" falsecount="1"/>
        <line num="105" count="2" type="cond" truecount="1" falsecount="1"/>
        <line num="106" count="2" type="stmt"/>
        <line num="107" count="2" type="cond" truecount="2" falsecount="0"/>
        <line num="109" count="0" type="stmt"/>
        <line num="113" count="4" type="cond" truecount="2" falsecount="0"/>
        <line num="114" count="2" type="stmt"/>
        <line num="115" count="2" type="cond" truecount="2" falsecount="0"/>
        <line num="116" count="1" type="stmt"/>
        <line num="120" count="3" type="stmt"/>
        <line num="121" count="3" type="cond" truecount="2" falsecount="0"/>
        <line num="122" count="2" type="cond" truecount="2" falsecount="0"/>
        <line num="126" count="3" type="stmt"/>
        <line num="127" count="3" type="cond" truecount="2" falsecount="0"/>
        <line num="128" count="2" type="cond" truecount="2" falsecount="0"/>
        <line num="131" count="31" type="stmt"/>
      </file>
    </package>
  </project>
</coverage>
