{"total": {"lines":{"total":2546,"covered":2302,"skipped":0,"pct":90.41},"statements":{"total":2748,"covered":2392,"skipped":0,"pct":87.04},"functions":{"total":459,"covered":428,"skipped":0,"pct":93.24},"branches":{"total":1971,"covered":1380,"skipped":0,"pct":70.01},"branchesTrue":{"total":0,"covered":0,"skipped":0,"pct":100}}
,"D:\\Y3S2\\CPT202\\CPT202-Final\\CPT202-Final-main\\frontend\\module1\\module1.js": {"lines":{"total":351,"covered":315,"skipped":0,"pct":89.74},"functions":{"total":43,"covered":42,"skipped":0,"pct":97.67},"statements":{"total":363,"covered":319,"skipped":0,"pct":87.87},"branches":{"total":223,"covered":153,"skipped":0,"pct":68.6}}
,"D:\\Y3S2\\CPT202\\CPT202-Final\\CPT202-Final-main\\frontend\\module2\\admin-approval.js": {"lines":{"total":112,"covered":107,"skipped":0,"pct":95.53},"functions":{"total":22,"covered":22,"skipped":0,"pct":100},"statements":{"total":122,"covered":113,"skipped":0,"pct":92.62},"branches":{"total":65,"covered":48,"skipped":0,"pct":73.84}}
,"D:\\Y3S2\\CPT202\\CPT202-Final\\CPT202-Final-main\\frontend\\module3\\module3.js": {"lines":{"total":1032,"covered":879,"skipped":0,"pct":85.17},"functions":{"total":193,"covered":169,"skipped":0,"pct":87.56},"statements":{"total":1118,"covered":911,"skipped":0,"pct":81.48},"branches":{"total":817,"covered":555,"skipped":0,"pct":67.93}}
,"D:\\Y3S2\\CPT202\\CPT202-Final\\CPT202-Final-main\\frontend\\module5\\review-approval.js": {"lines":{"total":124,"covered":123,"skipped":0,"pct":99.19},"functions":{"total":19,"covered":19,"skipped":0,"pct":100},"statements":{"total":129,"covered":127,"skipped":0,"pct":98.44},"branches":{"total":133,"covered":95,"skipped":0,"pct":71.42}}
,"D:\\Y3S2\\CPT202\\CPT202-Final\\CPT202-Final-main\\frontend\\module6\\module6.js": {"lines":{"total":436,"covered":397,"skipped":0,"pct":91.05},"functions":{"total":75,"covered":69,"skipped":0,"pct":92},"statements":{"total":471,"covered":410,"skipped":0,"pct":87.04},"branches":{"total":331,"covered":231,"skipped":0,"pct":69.78}}
,"D:\\Y3S2\\CPT202\\CPT202-Final\\CPT202-Final-main\\frontend\\module7\\admin-dashboard.js": {"lines":{"total":11,"covered":11,"skipped":0,"pct":100},"functions":{"total":1,"covered":1,"skipped":0,"pct":100},"statements":{"total":12,"covered":12,"skipped":0,"pct":100},"branches":{"total":8,"covered":8,"skipped":0,"pct":100}}
,"D:\\Y3S2\\CPT202\\CPT202-Final\\CPT202-Final-main\\frontend\\module7\\admin-resources.js": {"lines":{"total":87,"covered":87,"skipped":0,"pct":100},"functions":{"total":17,"covered":17,"skipped":0,"pct":100},"statements":{"total":89,"covered":88,"skipped":0,"pct":98.87},"branches":{"total":54,"covered":47,"skipped":0,"pct":87.03}}
,"D:\\Y3S2\\CPT202\\CPT202-Final\\CPT202-Final-main\\frontend\\module7\\classification-management.js": {"lines":{"total":175,"covered":168,"skipped":0,"pct":96},"functions":{"total":36,"covered":36,"skipped":0,"pct":100},"statements":{"total":192,"covered":176,"skipped":0,"pct":91.66},"branches":{"total":155,"covered":102,"skipped":0,"pct":65.8}}
,"D:\\Y3S2\\CPT202\\CPT202-Final\\CPT202-Final-main\\frontend\\module7\\module7.js": {"lines":{"total":40,"covered":40,"skipped":0,"pct":100},"functions":{"total":13,"covered":13,"skipped":0,"pct":100},"statements":{"total":49,"covered":43,"skipped":0,"pct":87.75},"branches":{"total":42,"covered":31,"skipped":0,"pct":73.8}}
,"D:\\Y3S2\\CPT202\\CPT202-Final\\CPT202-Final-main\\frontend\\module7\\tag-management.js": {"lines":{"total":114,"covered":112,"skipped":0,"pct":98.24},"functions":{"total":26,"covered":26,"skipped":0,"pct":100},"statements":{"total":130,"covered":122,"skipped":0,"pct":93.84},"branches":{"total":91,"covered":63,"skipped":0,"pct":69.23}}
,"D:\\Y3S2\\CPT202\\CPT202-Final\\CPT202-Final-main\\frontend\\shared\\shared.js": {"lines":{"total":64,"covered":63,"skipped":0,"pct":98.43},"functions":{"total":14,"covered":14,"skipped":0,"pct":100},"statements":{"total":73,"covered":71,"skipped":0,"pct":97.26},"branches":{"total":52,"covered":47,"skipped":0,"pct":90.38}}
}
