TN:
SF:module1\module1.js
FN:2,(anonymous_0)
FN:21,(anonymous_1)
FN:50,initHomePage
FN:59,initLoginPage
FN:72,(anonymous_4)
FN:95,initRegisterPage
FN:114,(anonymous_6)
FN:149,(anonymous_7)
FN:190,initAccountPage
FN:196,(anonymous_9)
FN:223,(anonymous_10)
FN:254,startRegisterCodeCooldown
FN:265,(anonymous_12)
FN:279,initAdminApprovalPage
FN:293,(anonymous_14)
FN:326,renderAccountPage
FN:336,populateAccountHeader
FN:356,populateAccountForm
FN:362,populateContributorPanel
FN:427,populateLatestRequestCard
FN:465,buildAccountRequestRow
FN:474,getAccountRequestStatusTone
FN:490,loadPendingRequestList
FN:504,(anonymous_23)
FN:546,renderHomeSession
FN:573,buildAccountStatusCopy
FN:593,getAccountStatusPresentation
FN:617,getContributorRecordLabel
FN:633,isApprovedContributor
FN:637,bindAccountBackButton
FN:641,(anonymous_30)
FN:653,canUseAccountHistoryBack
FN:666,resolveAccountBackFallback
FN:678,requireAuthenticatedUser
FN:692,resolvePostLoginRedirect
FN:709,setAuthLinkHref
FN:716,buildAuthPageUrl
FN:723,(anonymous_37)
FN:733,getSafeNextPath
FN:738,sanitizeNextPath
FN:777,isAllowedNextPath
FN:795,formatEnumLabel
FN:801,(anonymous_42)
FNF:43
FNH:42
FNDA:33,(anonymous_0)
FNDA:0,(anonymous_1)
FNDA:2,initHomePage
FNDA:3,initLoginPage
FNDA:2,(anonymous_4)
FNDA:6,initRegisterPage
FNDA:4,(anonymous_6)
FNDA:3,(anonymous_7)
FNDA:1,initAccountPage
FNDA:1,(anonymous_9)
FNDA:2,(anonymous_10)
FNDA:3,startRegisterCodeCooldown
FNDA:62,(anonymous_12)
FNDA:2,initAdminApprovalPage
FNDA:1,(anonymous_14)
FNDA:3,renderAccountPage
FNDA:3,populateAccountHeader
FNDA:3,populateAccountForm
FNDA:6,populateContributorPanel
FNDA:5,populateLatestRequestCard
FNDA:7,buildAccountRequestRow
FNDA:5,getAccountRequestStatusTone
FNDA:7,loadPendingRequestList
FNDA:2,(anonymous_23)
FNDA:4,renderHomeSession
FNDA:7,buildAccountStatusCopy
FNDA:3,getAccountStatusPresentation
FNDA:6,getContributorRecordLabel
FNDA:31,isApprovedContributor
FNDA:4,bindAccountBackButton
FNDA:1,(anonymous_30)
FNDA:1,canUseAccountHistoryBack
FNDA:4,resolveAccountBackFallback
FNDA:5,requireAuthenticatedUser
FNDA:8,resolvePostLoginRedirect
FNDA:9,setAuthLinkHref
FNDA:11,buildAuthPageUrl
FNDA:4,(anonymous_37)
FNDA:19,getSafeNextPath
FNDA:24,sanitizeNextPath
FNDA:6,isAllowedNextPath
FNDA:11,formatEnumLabel
FNDA:13,(anonymous_42)
DA:2,33
DA:3,33
DA:4,33
DA:5,33
DA:6,33
DA:16,33
DA:17,33
DA:18,33
DA:19,33
DA:21,33
DA:22,0
DA:23,0
DA:27,0
DA:29,0
DA:30,0
DA:33,0
DA:34,0
DA:37,0
DA:38,0
DA:41,0
DA:42,0
DA:45,0
DA:46,0
DA:51,2
DA:52,2
DA:53,1
DA:55,1
DA:60,3
DA:61,3
DA:62,3
DA:64,3
DA:65,3
DA:66,1
DA:67,1
DA:72,2
DA:73,2
DA:75,2
DA:80,2
DA:81,2
DA:87,1
DA:88,1
DA:90,1
DA:96,6
DA:97,6
DA:98,6
DA:99,6
DA:100,6
DA:101,6
DA:102,6
DA:103,6
DA:105,6
DA:106,6
DA:107,0
DA:108,0
DA:113,6
DA:114,6
DA:115,4
DA:116,4
DA:117,1
DA:118,1
DA:119,1
DA:122,3
DA:123,1
DA:124,1
DA:125,1
DA:128,2
DA:130,2
DA:131,2
DA:137,1
DA:138,1
DA:139,1
DA:140,1
DA:143,1
DA:144,1
DA:149,6
DA:150,3
DA:152,3
DA:153,3
DA:154,3
DA:156,3
DA:157,1
DA:158,1
DA:159,1
DA:161,1
DA:164,2
DA:172,2
DA:173,2
DA:179,1
DA:180,1
DA:185,1
DA:191,1
DA:192,1
DA:194,1
DA:195,1
DA:196,1
DA:197,1
DA:199,1
DA:205,1
DA:206,1
DA:212,1
DA:213,1
DA:214,1
DA:216,0
DA:221,1
DA:222,1
DA:223,1
DA:224,2
DA:225,2
DA:226,2
DA:227,1
DA:228,1
DA:229,1
DA:231,1
DA:234,1
DA:236,1
DA:237,1
DA:242,1
DA:243,1
DA:244,1
DA:246,0
DA:248,1
DA:255,3
DA:257,2
DA:258,2
DA:260,2
DA:261,2
DA:262,2
DA:264,2
DA:265,2
DA:266,62
DA:268,62
DA:269,2
DA:270,2
DA:271,2
DA:272,2
DA:275,60
DA:280,2
DA:281,2
DA:282,1
DA:283,1
DA:286,1
DA:287,1
DA:288,1
DA:291,1
DA:292,1
DA:293,1
DA:294,1
DA:295,1
DA:297,1
DA:298,1
DA:299,1
DA:301,1
DA:303,1
DA:304,1
DA:313,1
DA:314,1
DA:316,0
DA:318,1
DA:323,1
DA:327,3
DA:328,3
DA:329,3
DA:331,3
DA:332,3
DA:333,3
DA:337,3
DA:339,3
DA:340,3
DA:344,3
DA:345,3
DA:346,3
DA:347,3
DA:349,3
DA:350,3
DA:351,3
DA:352,3
DA:357,3
DA:358,3
DA:359,3
DA:363,6
DA:364,6
DA:365,6
DA:366,6
DA:368,6
DA:369,6
DA:372,6
DA:373,6
DA:375,6
DA:376,1
DA:377,1
DA:378,1
DA:379,5
DA:380,1
DA:381,1
DA:382,1
DA:386,6
DA:388,6
DA:389,1
DA:390,1
DA:391,1
DA:392,1
DA:394,1
DA:397,5
DA:399,5
DA:400,1
DA:401,1
DA:402,1
DA:403,1
DA:405,1
DA:408,4
DA:409,0
DA:410,0
DA:411,0
DA:412,0
DA:414,0
DA:417,4
DA:418,1
DA:419,1
DA:420,1
DA:423,3
DA:424,3
DA:428,5
DA:429,5
DA:431,5
DA:432,4
DA:433,4
DA:438,4
DA:441,1
DA:442,1
DA:444,1
DA:445,1
DA:466,7
DA:475,5
DA:476,1
DA:479,4
DA:480,2
DA:483,2
DA:484,1
DA:487,1
DA:491,7
DA:492,7
DA:494,6
DA:496,6
DA:497,6
DA:499,5
DA:500,3
DA:501,3
DA:504,2
DA:542,1
DA:547,4
DA:548,4
DA:550,4
DA:551,2
DA:552,2
DA:556,2
DA:559,2
DA:560,2
DA:574,7
DA:575,1
DA:578,6
DA:579,1
DA:582,5
DA:583,0
DA:586,5
DA:587,1
DA:590,4
DA:594,3
DA:595,0
DA:602,3
DA:603,0
DA:610,3
DA:618,6
DA:619,1
DA:622,5
DA:623,0
DA:626,5
DA:627,4
DA:630,1
DA:634,31
DA:638,4
DA:639,4
DA:641,4
DA:642,1
DA:644,1
DA:645,0
DA:646,0
DA:649,1
DA:654,1
DA:655,1
DA:658,0
DA:659,0
DA:660,0
DA:662,0
DA:667,4
DA:668,1
DA:671,3
DA:672,1
DA:675,2
DA:679,5
DA:680,5
DA:682,2
DA:683,1
DA:684,1
DA:686,1
DA:688,2
DA:693,8
DA:694,8
DA:695,2
DA:698,6
DA:699,2
DA:702,4
DA:703,2
DA:706,2
DA:710,9
DA:711,9
DA:713,9
DA:717,11
DA:718,11
DA:719,11
DA:720,2
DA:723,11
DA:724,4
DA:725,2
DA:727,2
DA:730,11
DA:734,19
DA:735,19
DA:739,24
DA:740,15
DA:743,9
DA:744,9
DA:745,1
DA:748,8
DA:749,8
DA:755,2
DA:758,6
DA:759,0
DA:762,6
DA:763,6
DA:764,6
DA:765,0
DA:767,6
DA:768,1
DA:771,5
DA:773,0
DA:778,6
DA:792,6
DA:796,11
DA:797,10
DA:801,13
DA:804,33
LF:351
LH:315
BRDA:29,0,0,0
BRDA:29,0,1,0
BRDA:33,1,0,0
BRDA:33,1,1,0
BRDA:37,2,0,0
BRDA:37,2,1,0
BRDA:41,3,0,0
BRDA:41,3,1,0
BRDA:45,4,0,0
BRDA:45,4,1,0
BRDA:61,5,0,0
BRDA:61,5,1,3
BRDA:90,6,0,1
BRDA:90,6,1,0
BRDA:97,7,0,0
BRDA:97,7,1,6
BRDA:113,8,0,6
BRDA:113,8,1,0
BRDA:113,9,0,6
BRDA:113,9,1,6
BRDA:116,10,0,1
BRDA:116,10,1,3
BRDA:122,11,0,1
BRDA:122,11,1,2
BRDA:139,12,0,1
BRDA:139,12,1,0
BRDA:144,13,0,1
BRDA:144,13,1,0
BRDA:152,14,0,3
BRDA:152,14,1,0
BRDA:153,15,0,3
BRDA:153,15,1,0
BRDA:154,16,0,3
BRDA:154,16,1,0
BRDA:156,17,0,1
BRDA:156,17,1,2
BRDA:158,18,0,1
BRDA:158,18,1,0
BRDA:185,19,0,1
BRDA:185,19,1,0
BRDA:195,20,0,1
BRDA:195,20,1,0
BRDA:216,21,0,0
BRDA:216,21,1,0
BRDA:222,22,0,1
BRDA:222,22,1,0
BRDA:225,23,0,2
BRDA:225,23,1,0
BRDA:226,24,0,1
BRDA:226,24,1,1
BRDA:228,25,0,1
BRDA:228,25,1,0
BRDA:246,26,0,0
BRDA:246,26,1,0
BRDA:255,27,0,1
BRDA:255,27,1,2
BRDA:257,28,0,2
BRDA:257,28,1,2
BRDA:257,28,2,1
BRDA:268,29,0,2
BRDA:268,29,1,60
BRDA:281,30,0,1
BRDA:281,30,1,1
BRDA:287,31,0,1
BRDA:287,31,1,0
BRDA:292,32,0,1
BRDA:292,32,1,0
BRDA:295,33,0,0
BRDA:295,33,1,1
BRDA:309,34,0,1
BRDA:309,34,1,0
BRDA:316,35,0,0
BRDA:316,35,1,0
BRDA:345,36,0,0
BRDA:345,36,1,3
BRDA:350,37,0,3
BRDA:350,37,1,0
BRDA:368,38,0,6
BRDA:368,38,1,0
BRDA:372,39,0,6
BRDA:372,39,1,0
BRDA:375,40,0,1
BRDA:375,40,1,5
BRDA:379,41,0,1
BRDA:379,41,1,4
BRDA:386,42,0,0
BRDA:386,42,1,6
BRDA:386,43,0,6
BRDA:386,43,1,6
BRDA:388,44,0,1
BRDA:388,44,1,5
BRDA:391,45,0,1
BRDA:391,45,1,0
BRDA:399,46,0,1
BRDA:399,46,1,4
BRDA:402,47,0,1
BRDA:402,47,1,0
BRDA:408,48,0,0
BRDA:408,48,1,4
BRDA:408,49,0,4
BRDA:408,49,1,1
BRDA:411,50,0,0
BRDA:411,50,1,0
BRDA:417,51,0,1
BRDA:417,51,1,3
BRDA:417,52,0,4
BRDA:417,52,1,1
BRDA:429,53,0,0
BRDA:429,53,1,5
BRDA:431,54,0,4
BRDA:431,54,1,1
BRDA:448,55,0,1
BRDA:448,55,1,0
BRDA:449,56,0,1
BRDA:449,56,1,0
BRDA:450,57,0,1
BRDA:450,57,1,0
BRDA:459,58,0,1
BRDA:459,58,1,0
BRDA:475,59,0,1
BRDA:475,59,1,4
BRDA:479,60,0,2
BRDA:479,60,1,2
BRDA:483,61,0,1
BRDA:483,61,1,1
BRDA:492,62,0,1
BRDA:492,62,1,6
BRDA:499,63,0,3
BRDA:499,63,1,2
BRDA:499,64,0,5
BRDA:499,64,1,5
BRDA:508,65,0,2
BRDA:508,65,1,0
BRDA:509,66,0,2
BRDA:509,66,1,0
BRDA:517,67,0,2
BRDA:517,67,1,0
BRDA:527,68,0,2
BRDA:527,68,1,0
BRDA:542,69,0,1
BRDA:542,69,1,0
BRDA:548,70,0,0
BRDA:548,70,1,4
BRDA:550,71,0,2
BRDA:550,71,1,2
BRDA:574,72,0,1
BRDA:574,72,1,6
BRDA:578,73,0,1
BRDA:578,73,1,5
BRDA:582,74,0,0
BRDA:582,74,1,5
BRDA:586,75,0,1
BRDA:586,75,1,4
BRDA:594,76,0,0
BRDA:594,76,1,3
BRDA:602,77,0,0
BRDA:602,77,1,3
BRDA:618,78,0,1
BRDA:618,78,1,5
BRDA:622,79,0,0
BRDA:622,79,1,5
BRDA:626,80,0,4
BRDA:626,80,1,1
BRDA:626,81,0,5
BRDA:626,81,1,5
BRDA:634,82,0,31
BRDA:634,82,1,30
BRDA:634,82,2,25
BRDA:639,83,0,0
BRDA:639,83,1,4
BRDA:644,84,0,0
BRDA:644,84,1,1
BRDA:654,85,0,1
BRDA:654,85,1,0
BRDA:654,86,0,1
BRDA:654,86,1,0
BRDA:667,87,0,1
BRDA:667,87,1,3
BRDA:671,88,0,1
BRDA:671,88,1,2
BRDA:682,89,0,1
BRDA:682,89,1,1
BRDA:686,90,0,1
BRDA:686,90,1,0
BRDA:694,91,0,2
BRDA:694,91,1,6
BRDA:698,92,0,2
BRDA:698,92,1,4
BRDA:702,93,0,2
BRDA:702,93,1,2
BRDA:709,94,0,9
BRDA:711,95,0,0
BRDA:711,95,1,9
BRDA:716,96,0,0
BRDA:719,97,0,2
BRDA:719,97,1,9
BRDA:724,98,0,2
BRDA:724,98,1,2
BRDA:724,99,0,4
BRDA:724,99,1,3
BRDA:739,100,0,15
BRDA:739,100,1,9
BRDA:744,101,0,1
BRDA:744,101,1,8
BRDA:749,102,0,2
BRDA:749,102,1,6
BRDA:749,103,0,8
BRDA:749,103,1,8
BRDA:749,103,2,7
BRDA:749,103,3,7
BRDA:749,103,4,6
BRDA:749,103,5,6
BRDA:758,104,0,0
BRDA:758,104,1,6
BRDA:758,105,0,6
BRDA:758,105,1,1
BRDA:758,105,2,0
BRDA:764,106,0,0
BRDA:764,106,1,6
BRDA:767,107,0,1
BRDA:767,107,1,5
BRDA:796,108,0,1
BRDA:796,108,1,10
BRF:223
BRH:153
end_of_record
TN:
SF:module2\admin-approval.js
FN:1,(anonymous_0)
FN:7,(anonymous_1)
FN:18,bindApprovalTabs
FN:19,(anonymous_3)
FN:23,(anonymous_4)
FN:26,(anonymous_5)
FN:39,bindContributorActions
FN:40,(anonymous_7)
FN:64,loadContributorApprovalData
FN:85,renderPendingRequests
FN:95,renderPendingRequestCard
FN:117,renderApprovedContributors
FN:143,renderApprovedContributorRow
FN:159,loadContributorDetail
FN:171,renderContributorDetail
FN:196,submitContributorDecision
FN:221,revokeContributor
FN:240,detailItem
FN:250,capitalize
FN:274,(anonymous_19)
FN:282,(anonymous_20)
FN:288,(anonymous_21)
FNF:22
FNH:22
FNDA:20,(anonymous_0)
FNDA:1,(anonymous_1)
FNDA:1,bindApprovalTabs
FNDA:2,(anonymous_3)
FNDA:2,(anonymous_4)
FNDA:2,(anonymous_5)
FNDA:1,bindContributorActions
FNDA:2,(anonymous_7)
FNDA:6,loadContributorApprovalData
FNDA:7,renderPendingRequests
FNDA:3,renderPendingRequestCard
FNDA:7,renderApprovedContributors
FNDA:3,renderApprovedContributorRow
FNDA:4,loadContributorDetail
FNDA:2,renderContributorDetail
FNDA:5,submitContributorDecision
FNDA:4,revokeContributor
FNDA:17,detailItem
FNDA:5,capitalize
FNDA:4,(anonymous_19)
FNDA:2,(anonymous_20)
FNDA:20,(anonymous_21)
DA:1,20
DA:2,20
DA:4,20
DA:5,20
DA:7,20
DA:8,1
DA:9,1
DA:10,1
DA:11,1
DA:13,1
DA:14,1
DA:15,1
DA:19,1
DA:20,2
DA:21,2
DA:22,1
DA:23,1
DA:24,2
DA:26,1
DA:27,2
DA:29,1
DA:30,1
DA:33,1
DA:34,1
DA:35,1
DA:40,1
DA:41,2
DA:42,2
DA:43,0
DA:44,0
DA:47,2
DA:48,2
DA:49,0
DA:54,0
DA:57,2
DA:58,2
DA:59,0
DA:65,6
DA:66,6
DA:67,6
DA:69,6
DA:70,6
DA:74,5
DA:75,5
DA:76,5
DA:77,5
DA:79,1
DA:80,1
DA:81,1
DA:86,7
DA:87,7
DA:88,7
DA:89,5
DA:90,5
DA:92,2
DA:96,3
DA:97,3
DA:98,3
DA:118,7
DA:119,7
DA:120,7
DA:121,5
DA:122,5
DA:124,2
DA:144,3
DA:145,3
DA:160,4
DA:161,3
DA:162,3
DA:163,3
DA:164,3
DA:165,2
DA:167,1
DA:172,2
DA:173,2
DA:174,2
DA:175,2
DA:197,5
DA:198,3
DA:199,1
DA:201,2
DA:202,2
DA:203,2
DA:204,2
DA:211,1
DA:212,1
DA:213,1
DA:215,1
DA:217,2
DA:222,4
DA:223,3
DA:224,1
DA:226,2
DA:227,2
DA:228,2
DA:231,1
DA:232,1
DA:234,1
DA:236,2
DA:241,17
DA:242,17
DA:251,5
DA:252,3
DA:256,20
DA:260,20
DA:275,4
DA:276,2
DA:278,4
DA:279,2
DA:283,2
DA:289,20
DA:290,20
LF:112
LH:107
BRDA:11,0,0,0
BRDA:11,0,1,1
BRDA:21,1,0,1
BRDA:21,1,1,1
BRDA:30,2,0,1
BRDA:30,2,1,0
BRDA:34,3,0,1
BRDA:34,3,1,0
BRDA:42,4,0,0
BRDA:42,4,1,2
BRDA:48,5,0,0
BRDA:48,5,1,2
BRDA:58,6,0,0
BRDA:58,6,1,2
BRDA:74,7,0,5
BRDA:74,7,1,0
BRDA:75,8,0,5
BRDA:75,8,1,0
BRDA:87,9,0,0
BRDA:87,9,1,7
BRDA:88,10,0,5
BRDA:88,10,1,2
BRDA:100,11,0,3
BRDA:100,11,1,0
BRDA:101,12,0,3
BRDA:101,12,1,0
BRDA:119,13,0,0
BRDA:119,13,1,7
BRDA:120,14,0,5
BRDA:120,14,1,2
BRDA:147,15,0,3
BRDA:147,15,1,1
BRDA:148,16,0,3
BRDA:148,16,1,1
BRDA:149,17,0,2
BRDA:149,17,1,1
BRDA:160,18,0,1
BRDA:160,18,1,3
BRDA:173,19,0,0
BRDA:173,19,1,2
BRDA:179,20,0,2
BRDA:179,20,1,0
BRDA:197,21,0,2
BRDA:197,21,1,3
BRDA:197,22,0,5
BRDA:197,22,1,4
BRDA:198,23,0,1
BRDA:198,23,1,2
BRDA:208,24,0,2
BRDA:208,24,1,0
BRDA:222,25,0,1
BRDA:222,25,1,3
BRDA:223,26,0,1
BRDA:223,26,1,2
BRDA:245,27,0,0
BRDA:245,27,1,17
BRDA:245,28,0,17
BRDA:245,28,1,17
BRDA:251,29,0,2
BRDA:251,29,1,3
BRDA:274,30,0,0
BRDA:275,31,0,2
BRDA:275,31,1,2
BRDA:278,32,0,2
BRDA:278,32,1,2
BRF:65
BRH:48
end_of_record
TN:
SF:module3\module3.js
FN:2,(anonymous_0)
FN:13,(anonymous_1)
FN:66,(anonymous_2)
FN:83,initMyResourcesPage
FN:103,initResourceEditPage
FN:136,bindFilePickerUI
FN:143,bindSingleFilePicker
FN:152,(anonymous_7)
FN:167,(anonymous_8)
FN:172,(anonymous_9)
FN:199,clearSelectedFile
FN:220,setFileClearButtonVisible
FN:225,formatSelectedFileText
FN:235,bindMediaFileList
FN:239,(anonymous_14)
FN:253,renderMediaFileList
FN:255,(anonymous_16)
FN:261,(anonymous_17)
FN:274,addPendingMediaFiles
FN:275,(anonymous_19)
FN:282,hasPendingMediaFile
FN:283,(anonymous_21)
FN:290,resetMediaFilePrompt
FN:296,setMediaFileListHtml
FN:301,removeSelectedMediaFile
FN:305,(anonymous_25)
FN:311,syncPendingMediaInput
FN:316,(anonymous_27)
FN:326,deleteUploadedMediaFile
FN:341,normalizeMediaUrls
FN:347,(anonymous_30)
FN:355,getMediaFileDisplayName
FN:363,clearMediaFileObjectUrls
FN:365,(anonymous_33)
FN:370,createMediaFileObjectUrl
FN:379,applyEditorScenery
FN:391,(anonymous_36)
FN:394,bindHeritageLanding
FN:400,(anonymous_38)
FN:404,(anonymous_39)
FN:405,(anonymous_40)
FN:413,(anonymous_41)
FN:422,bindModuleModalUI
FN:423,(anonymous_43)
FN:424,(anonymous_44)
FN:430,(anonymous_45)
FN:437,applyMyResourcesScenery
FN:449,(anonymous_47)
FN:452,pickRandomItem
FN:456,shuffleArray
FN:464,bindCreateDraftButton
FN:468,(anonymous_51)
FN:486,bindResourceTypeMirror
FN:491,(anonymous_53)
FN:496,(anonymous_54)
FN:505,bindTagEditor
FN:509,(anonymous_56)
FN:516,(anonymous_57)
FN:523,bindListFilterButtons
FN:533,(anonymous_59)
FN:542,(anonymous_60)
FN:551,bindHistoryModal
FN:556,(anonymous_62)
FN:563,(anonymous_63)
FN:593,(anonymous_64)
FN:600,loadCategoryFilterOptions
FN:617,loadCategorySelectOptions
FN:636,loadResourceTypeSelectOptions
FN:665,loadResourceList
FN:699,renderResourceTable
FN:708,(anonymous_70)
FN:747,renderMyResourceEditAction
FN:755,openHistoryModal
FN:777,closeHistoryModal
FN:782,(anonymous_74)
FN:789,renderHistoryLoading
FN:800,loadHistoryModalData
FN:836,renderHistorySummary
FN:862,renderSubmissionHistoryLoading
FN:869,renderSubmissionHistory
FN:878,(anonymous_80)
FN:888,renderSubmissionHistoryError
FN:895,renderVersionHistoryLoading
FN:902,renderVersionHistory
FN:914,(anonymous_84)
FN:958,renderVersionHistoryError
FN:965,viewVersionSnapshot
FN:977,compareVersionWithCurrent
FN:997,rollbackToVersion
FN:1028,renderVersionSnapshot
FN:1052,(anonymous_90)
FN:1062,renderVersionCompare
FN:1088,(anonymous_92)
FN:1110,renderHistoryInspectorEmpty
FN:1122,renderHistoryLoadFailure
FN:1133,setHistorySummaryText
FN:1139,isHistoryResourceEditable
FN:1143,formatSnapshotCategory
FN:1150,formatSnapshotTagNames
FN:1157,createEmptyHistoryState
FN:1167,bindMetadataForm
FN:1171,(anonymous_101)
FN:1175,(anonymous_102)
FN:1179,(anonymous_103)
FN:1193,scheduleMetadataAutoSave
FN:1195,(anonymous_105)
FN:1206,cancelScheduledMetadataAutoSave
FN:1213,buildMetadataPayload
FN:1225,saveMetadata
FN:1295,applySavedMetadataDetail
FN:1301,bindUploadForm
FN:1305,(anonymous_111)
FN:1311,uploadSelectedFiles
FN:1348,(anonymous_113)
FN:1385,clearUploadedFileInputs
FN:1400,bindSubmitForm
FN:1404,(anonymous_116)
FN:1451,loadResourceDetail
FN:1460,fillEditor
FN:1484,renderLocalPreviewImage
FN:1494,(anonymous_120)
FN:1498,renderPreviewFrame
FN:1513,toPublicMediaUrl
FN:1526,updateEditorMeta
FN:1548,applyEditorLifecycleLock
FN:1564,createDraftForEditing
FN:1586,updateEditorUrlWithResourceId
FN:1596,getInitialModuleId
FN:1604,getModuleIdFromTrigger
FN:1616,activateHeritageModule
FN:1624,(anonymous_130)
FN:1628,(anonymous_131)
FN:1634,(anonymous_132)
FN:1656,openHeritageModuleModal
FN:1667,closeHeritageModuleModal
FN:1678,highlightModuleCard
FN:1681,(anonymous_136)
FN:1688,(anonymous_137)
FN:1693,clearHeritageModuleSelection
FN:1694,(anonymous_139)
FN:1698,(anonymous_140)
FN:1703,(anonymous_141)
FN:1709,updateActiveModuleMeta
FN:1725,resetActiveModuleMeta
FN:1738,focusModuleField
FN:1742,(anonymous_145)
FN:1757,syncResourceTypeMirror
FN:1765,updateMediaFileAccept
FN:1789,persistResourceTypeSelection
FN:1834,renderSelectOptions
FN:1838,(anonymous_150)
FN:1849,renderResourceTypeSelectOptions
FN:1853,(anonymous_152)
FN:1866,ensureResourceTypeOption
FN:1872,(anonymous_154)
FN:1881,commitTagInputValue
FN:1895,setTagValues
FN:1900,renderTagChips
FN:1908,(anonymous_158)
FN:1918,(anonymous_159)
FN:1919,(anonymous_160)
FN:1921,(anonymous_161)
FN:1927,getSelectedTagNames
FN:1931,normalizeTagNames
FN:1935,(anonymous_164)
FN:1938,(anonymous_165)
FN:1940,(anonymous_166)
FN:1954,getCategoryOptions
FN:1964,normalizeCategoryOptions
FN:1970,(anonymous_169)
FN:1974,normalizeCategoryOption
FN:2013,normalizeResourceTypeOptions
FN:2019,(anonymous_172)
FN:2023,normalizeResourceTypeOption
FN:2051,ensureContributorWorkspaceAccess
FN:2075,populateWorkspaceSession
FN:2090,getResourceIdFromQuery
FN:2095,parseNullableLong
FN:2102,formatStatus
FN:2108,(anonymous_179)
FN:2111,formatResourceType
FN:2128,normalizeResourceTypeValue
FN:2151,isEditableResourceStatus
FN:2156,normalizeStatusForCheck
FN:2164,toStatusClassName
FN:2171,setEditorCategoryAvailability
FN:2183,setActionDisabled
FN:2189,setFileUploadBusy
FN:2195,setFilePickerDisabled
FN:2196,(anonymous_189)
FN:2201,(anonymous_190)
FN:2206,showEditorAlert
FN:2214,clearEditorAlert
FNF:193
FNH:169
FNDA:52,(anonymous_0)
FNDA:7,(anonymous_1)
FNDA:0,(anonymous_2)
FNDA:2,initMyResourcesPage
FNDA:2,initResourceEditPage
FNDA:3,bindFilePickerUI
FNDA:7,bindSingleFilePicker
FNDA:1,(anonymous_7)
FNDA:0,(anonymous_8)
FNDA:2,(anonymous_9)
FNDA:0,clearSelectedFile
FNDA:15,setFileClearButtonVisible
FNDA:1,formatSelectedFileText
FNDA:3,bindMediaFileList
FNDA:0,(anonymous_14)
FNDA:11,renderMediaFileList
FNDA:4,(anonymous_16)
FNDA:1,(anonymous_17)
FNDA:1,addPendingMediaFiles
FNDA:1,(anonymous_19)
FNDA:1,hasPendingMediaFile
FNDA:0,(anonymous_21)
FNDA:12,resetMediaFilePrompt
FNDA:11,setMediaFileListHtml
FNDA:0,removeSelectedMediaFile
FNDA:0,(anonymous_25)
FNDA:1,syncPendingMediaInput
FNDA:0,(anonymous_27)
FNDA:0,deleteUploadedMediaFile
FNDA:12,normalizeMediaUrls
FNDA:9,(anonymous_30)
FNDA:6,getMediaFileDisplayName
FNDA:11,clearMediaFileObjectUrls
FNDA:0,(anonymous_33)
FNDA:1,createMediaFileObjectUrl
FNDA:2,applyEditorScenery
FNDA:0,(anonymous_36)
FNDA:3,bindHeritageLanding
FNDA:1,(anonymous_38)
FNDA:1,(anonymous_39)
FNDA:1,(anonymous_40)
FNDA:1,(anonymous_41)
FNDA:3,bindModuleModalUI
FNDA:1,(anonymous_43)
FNDA:0,(anonymous_44)
FNDA:3,(anonymous_45)
FNDA:2,applyMyResourcesScenery
FNDA:0,(anonymous_47)
FNDA:0,pickRandomItem
FNDA:0,shuffleArray
FNDA:5,bindCreateDraftButton
FNDA:1,(anonymous_51)
FNDA:2,bindResourceTypeMirror
FNDA:0,(anonymous_53)
FNDA:0,(anonymous_54)
FNDA:2,bindTagEditor
FNDA:0,(anonymous_56)
FNDA:0,(anonymous_57)
FNDA:3,bindListFilterButtons
FNDA:1,(anonymous_59)
FNDA:0,(anonymous_60)
FNDA:3,bindHistoryModal
FNDA:1,(anonymous_62)
FNDA:1,(anonymous_63)
FNDA:6,(anonymous_64)
FNDA:3,loadCategoryFilterOptions
FNDA:4,loadCategorySelectOptions
FNDA:4,loadResourceTypeSelectOptions
FNDA:6,loadResourceList
FNDA:6,renderResourceTable
FNDA:1,(anonymous_70)
FNDA:4,renderMyResourceEditAction
FNDA:3,openHistoryModal
FNDA:3,closeHistoryModal
FNDA:3,(anonymous_74)
FNDA:3,renderHistoryLoading
FNDA:9,loadHistoryModalData
FNDA:8,renderHistorySummary
FNDA:3,renderSubmissionHistoryLoading
FNDA:8,renderSubmissionHistory
FNDA:1,(anonymous_80)
FNDA:1,renderSubmissionHistoryError
FNDA:3,renderVersionHistoryLoading
FNDA:8,renderVersionHistory
FNDA:1,(anonymous_84)
FNDA:1,renderVersionHistoryError
FNDA:2,viewVersionSnapshot
FNDA:2,compareVersionWithCurrent
FNDA:3,rollbackToVersion
FNDA:1,renderVersionSnapshot
FNDA:9,(anonymous_90)
FNDA:2,renderVersionCompare
FNDA:1,(anonymous_92)
FNDA:18,renderHistoryInspectorEmpty
FNDA:1,renderHistoryLoadFailure
FNDA:60,setHistorySummaryText
FNDA:4,isHistoryResourceEditable
FNDA:1,formatSnapshotCategory
FNDA:1,formatSnapshotTagNames
FNDA:58,createEmptyHistoryState
FNDA:6,bindMetadataForm
FNDA:2,(anonymous_101)
FNDA:0,(anonymous_102)
FNDA:2,(anonymous_103)
FNDA:6,scheduleMetadataAutoSave
FNDA:3,(anonymous_105)
FNDA:10,cancelScheduledMetadataAutoSave
FNDA:16,buildMetadataPayload
FNDA:7,saveMetadata
FNDA:7,applySavedMetadataDetail
FNDA:2,bindUploadForm
FNDA:0,(anonymous_111)
FNDA:6,uploadSelectedFiles
FNDA:2,(anonymous_113)
FNDA:3,clearUploadedFileInputs
FNDA:4,bindSubmitForm
FNDA:2,(anonymous_116)
FNDA:3,loadResourceDetail
FNDA:10,fillEditor
FNDA:1,renderLocalPreviewImage
FNDA:0,(anonymous_120)
FNDA:10,renderPreviewFrame
FNDA:10,toPublicMediaUrl
FNDA:21,updateEditorMeta
FNDA:21,applyEditorLifecycleLock
FNDA:5,createDraftForEditing
FNDA:3,updateEditorUrlWithResourceId
FNDA:1,getInitialModuleId
FNDA:7,getModuleIdFromTrigger
FNDA:4,activateHeritageModule
FNDA:6,(anonymous_130)
FNDA:6,(anonymous_131)
FNDA:6,(anonymous_132)
FNDA:3,openHeritageModuleModal
FNDA:2,closeHeritageModuleModal
FNDA:4,highlightModuleCard
FNDA:2,(anonymous_136)
FNDA:0,(anonymous_137)
FNDA:2,clearHeritageModuleSelection
FNDA:3,(anonymous_139)
FNDA:3,(anonymous_140)
FNDA:3,(anonymous_141)
FNDA:4,updateActiveModuleMeta
FNDA:2,resetActiveModuleMeta
FNDA:3,focusModuleField
FNDA:2,(anonymous_145)
FNDA:15,syncResourceTypeMirror
FNDA:23,updateMediaFileAccept
FNDA:6,persistResourceTypeSelection
FNDA:8,renderSelectOptions
FNDA:8,(anonymous_150)
FNDA:5,renderResourceTypeSelectOptions
FNDA:7,(anonymous_152)
FNDA:15,ensureResourceTypeOption
FNDA:13,(anonymous_154)
FNDA:3,commitTagInputValue
FNDA:14,setTagValues
FNDA:14,renderTagChips
FNDA:3,(anonymous_158)
FNDA:3,(anonymous_159)
FNDA:1,(anonymous_160)
FNDA:2,(anonymous_161)
FNDA:16,getSelectedTagNames
FNDA:19,normalizeTagNames
FNDA:12,(anonymous_164)
FNDA:15,(anonymous_165)
FNDA:10,(anonymous_166)
FNDA:7,getCategoryOptions
FNDA:17,normalizeCategoryOptions
FNDA:17,(anonymous_169)
FNDA:21,normalizeCategoryOption
FNDA:10,normalizeResourceTypeOptions
FNDA:12,(anonymous_172)
FNDA:13,normalizeResourceTypeOption
FNDA:8,ensureContributorWorkspaceAccess
FNDA:5,populateWorkspaceSession
FNDA:25,getResourceIdFromQuery
FNDA:20,parseNullableLong
FNDA:57,formatStatus
FNDA:60,(anonymous_179)
FNDA:18,formatResourceType
FNDA:96,normalizeResourceTypeValue
FNDA:31,isEditableResourceStatus
FNDA:37,normalizeStatusForCheck
FNDA:22,toStatusClassName
FNDA:4,setEditorCategoryAvailability
FNDA:14,setActionDisabled
FNDA:6,setFileUploadBusy
FNDA:27,setFilePickerDisabled
FNDA:54,(anonymous_189)
FNDA:20,(anonymous_190)
FNDA:2,showEditorAlert
FNDA:3,clearEditorAlert
DA:2,52
DA:3,52
DA:4,52
DA:12,52
DA:13,52
DA:14,52
DA:15,52
DA:53,52
DA:54,52
DA:55,52
DA:56,52
DA:57,52
DA:58,52
DA:59,52
DA:60,52
DA:61,52
DA:62,52
DA:63,52
DA:64,52
DA:66,52
DA:67,0
DA:68,0
DA:72,0
DA:74,0
DA:75,0
DA:78,0
DA:79,0
DA:84,2
DA:85,2
DA:86,2
DA:87,2
DA:88,2
DA:90,2
DA:91,2
DA:92,1
DA:94,1
DA:95,1
DA:97,1
DA:100,1
DA:104,2
DA:105,2
DA:106,2
DA:107,2
DA:108,2
DA:109,2
DA:110,2
DA:111,2
DA:112,2
DA:113,2
DA:114,2
DA:115,2
DA:117,2
DA:118,2
DA:119,2
DA:121,0
DA:122,0
DA:124,0
DA:127,2
DA:129,2
DA:130,1
DA:132,1
DA:137,3
DA:138,3
DA:139,3
DA:140,3
DA:144,7
DA:145,7
DA:146,7
DA:147,7
DA:148,7
DA:149,7
DA:151,7
DA:152,7
DA:153,1
DA:154,1
DA:155,1
DA:156,0
DA:162,1
DA:166,7
DA:167,0
DA:168,0
DA:172,7
DA:173,2
DA:174,2
DA:175,2
DA:178,2
DA:179,2
DA:180,1
DA:182,2
DA:183,1
DA:184,1
DA:185,1
DA:187,2
DA:188,2
DA:190,2
DA:192,1
DA:200,0
DA:201,0
DA:202,0
DA:204,0
DA:205,0
DA:206,0
DA:208,0
DA:209,0
DA:210,0
DA:212,0
DA:213,0
DA:214,0
DA:215,0
DA:216,0
DA:221,15
DA:222,15
DA:226,1
DA:227,0
DA:229,1
DA:230,1
DA:232,0
DA:236,3
DA:237,3
DA:239,2
DA:240,0
DA:241,0
DA:242,0
DA:243,0
DA:246,0
DA:247,0
DA:248,0
DA:254,11
DA:255,11
DA:261,11
DA:262,1
DA:263,1
DA:271,11
DA:275,1
DA:276,1
DA:277,1
DA:283,1
DA:284,0
DA:291,12
DA:292,12
DA:293,12
DA:297,11
DA:298,11
DA:302,0
DA:303,0
DA:305,0
DA:306,0
DA:307,0
DA:308,0
DA:312,1
DA:314,1
DA:315,0
DA:316,0
DA:317,0
DA:318,0
DA:321,1
DA:322,0
DA:327,0
DA:328,0
DA:330,0
DA:331,0
DA:334,0
DA:335,0
DA:337,0
DA:342,12
DA:343,12
DA:344,1
DA:347,11
DA:348,9
DA:349,6
DA:352,11
DA:356,6
DA:357,1
DA:359,5
DA:360,5
DA:364,11
DA:365,1
DA:367,11
DA:371,1
DA:372,1
DA:374,0
DA:375,0
DA:376,0
DA:380,2
DA:381,2
DA:382,0
DA:385,2
DA:386,2
DA:387,0
DA:390,2
DA:391,2
DA:395,3
DA:396,3
DA:398,1
DA:400,1
DA:401,1
DA:404,1
DA:405,1
DA:406,1
DA:407,1
DA:411,1
DA:412,1
DA:413,1
DA:414,1
DA:417,0
DA:418,0
DA:423,3
DA:424,1
DA:425,0
DA:426,0
DA:430,3
DA:431,3
DA:432,1
DA:438,2
DA:439,2
DA:440,0
DA:443,2
DA:444,2
DA:445,0
DA:448,2
DA:449,2
DA:453,0
DA:457,0
DA:458,0
DA:459,0
DA:461,0
DA:465,5
DA:466,5
DA:468,5
DA:469,1
DA:471,1
DA:472,1
DA:476,1
DA:477,1
DA:479,0
DA:481,1
DA:487,2
DA:488,2
DA:489,2
DA:491,2
DA:492,0
DA:493,0
DA:496,2
DA:497,0
DA:498,0
DA:499,0
DA:502,2
DA:506,2
DA:507,2
DA:509,2
DA:510,0
DA:511,0
DA:512,0
DA:516,2
DA:517,0
DA:520,2
DA:524,3
DA:525,3
DA:526,3
DA:528,3
DA:529,2
DA:532,3
DA:533,2
DA:534,1
DA:535,1
DA:536,1
DA:537,1
DA:541,3
DA:542,3
DA:543,0
DA:544,0
DA:545,0
DA:552,3
DA:553,3
DA:554,3
DA:556,3
DA:557,1
DA:558,1
DA:560,1
DA:563,3
DA:564,1
DA:565,1
DA:566,1
DA:567,1
DA:570,0
DA:571,0
DA:572,0
DA:575,0
DA:576,0
DA:577,0
DA:578,0
DA:580,0
DA:581,0
DA:582,0
DA:583,0
DA:584,0
DA:585,0
DA:586,0
DA:589,0
DA:593,3
DA:594,6
DA:595,1
DA:601,3
DA:602,3
DA:604,3
DA:605,3
DA:606,3
DA:607,3
DA:609,0
DA:610,0
DA:611,0
DA:612,0
DA:613,0
DA:618,4
DA:619,4
DA:621,4
DA:622,4
DA:623,3
DA:624,3
DA:625,3
DA:627,1
DA:628,1
DA:629,1
DA:630,1
DA:631,1
DA:632,1
DA:637,4
DA:638,4
DA:639,4
DA:641,4
DA:642,4
DA:643,4
DA:644,1
DA:647,3
DA:648,3
DA:649,3
DA:650,3
DA:651,3
DA:653,1
DA:654,1
DA:655,1
DA:656,1
DA:657,1
DA:658,1
DA:659,1
DA:660,1
DA:661,1
DA:666,6
DA:667,6
DA:669,6
DA:671,6
DA:673,6
DA:674,6
DA:675,6
DA:676,6
DA:678,6
DA:679,6
DA:680,6
DA:681,6
DA:683,6
DA:684,6
DA:686,5
DA:687,5
DA:688,5
DA:691,1
DA:692,1
DA:693,1
DA:695,1
DA:700,6
DA:701,6
DA:703,6
DA:704,5
DA:705,5
DA:708,1
DA:709,1
DA:710,1
DA:711,1
DA:714,1
DA:717,1
DA:719,1
DA:748,4
DA:749,2
DA:751,2
DA:752,2
DA:756,3
DA:757,3
DA:759,3
DA:760,3
DA:761,3
DA:762,3
DA:763,3
DA:764,1
DA:766,3
DA:767,3
DA:769,3
DA:770,3
DA:772,1
DA:773,1
DA:778,3
DA:779,3
DA:781,3
DA:782,3
DA:783,3
DA:785,3
DA:786,3
DA:790,3
DA:791,3
DA:792,3
DA:793,3
DA:794,3
DA:795,3
DA:796,3
DA:797,3
DA:801,9
DA:807,9
DA:808,1
DA:811,8
DA:812,8
DA:820,8
DA:821,8
DA:823,8
DA:824,8
DA:826,0
DA:829,8
DA:830,8
DA:832,0
DA:837,8
DA:838,8
DA:839,8
DA:843,8
DA:848,8
DA:849,8
DA:850,1
DA:852,8
DA:853,1
DA:856,8
DA:863,3
DA:864,3
DA:866,3
DA:870,8
DA:871,8
DA:873,7
DA:874,6
DA:875,6
DA:878,1
DA:889,1
DA:890,1
DA:892,1
DA:896,3
DA:897,3
DA:899,3
DA:903,8
DA:904,8
DA:906,7
DA:907,6
DA:908,6
DA:911,1
DA:912,1
DA:914,1
DA:915,1
DA:916,1
DA:918,1
DA:959,1
DA:960,1
DA:962,1
DA:966,2
DA:968,2
DA:969,2
DA:970,1
DA:972,1
DA:973,1
DA:978,2
DA:979,1
DA:980,1
DA:983,1
DA:985,1
DA:986,1
DA:990,1
DA:992,0
DA:993,0
DA:998,3
DA:999,1
DA:1000,1
DA:1003,2
DA:1006,2
DA:1007,1
DA:1010,1
DA:1012,1
DA:1013,1
DA:1019,1
DA:1020,1
DA:1021,1
DA:1023,0
DA:1024,0
DA:1029,1
DA:1030,1
DA:1031,1
DA:1033,1
DA:1034,1
DA:1037,1
DA:1038,1
DA:1050,1
DA:1052,9
DA:1063,2
DA:1064,2
DA:1065,2
DA:1067,2
DA:1068,2
DA:1071,2
DA:1072,2
DA:1073,1
DA:1074,1
DA:1077,1
DA:1089,1
DA:1092,1
DA:1096,1
DA:1111,18
DA:1112,18
DA:1113,18
DA:1115,18
DA:1116,18
DA:1119,18
DA:1123,1
DA:1124,1
DA:1125,1
DA:1126,1
DA:1127,1
DA:1128,1
DA:1129,1
DA:1130,1
DA:1134,60
DA:1135,60
DA:1136,55
DA:1140,4
DA:1144,1
DA:1145,0
DA:1147,1
DA:1151,1
DA:1152,0
DA:1154,1
DA:1158,58
DA:1168,6
DA:1169,6
DA:1171,6
DA:1172,2
DA:1175,6
DA:1176,0
DA:1179,6
DA:1180,2
DA:1182,2
DA:1183,2
DA:1194,6
DA:1195,6
DA:1196,3
DA:1197,3
DA:1207,10
DA:1208,1
DA:1209,1
DA:1214,16
DA:1234,7
DA:1235,7
DA:1236,2
DA:1237,2
DA:1239,7
DA:1240,1
DA:1241,0
DA:1243,1
DA:1246,6
DA:1247,6
DA:1248,6
DA:1250,6
DA:1251,6
DA:1252,6
DA:1257,6
DA:1259,6
DA:1260,2
DA:1262,4
DA:1266,6
DA:1267,5
DA:1273,5
DA:1274,5
DA:1275,2
DA:1277,3
DA:1282,6
DA:1283,2
DA:1285,6
DA:1287,0
DA:1288,0
DA:1289,0
DA:1291,0
DA:1296,7
DA:1297,7
DA:1298,7
DA:1302,2
DA:1303,2
DA:1305,2
DA:1306,0
DA:1307,0
DA:1319,6
DA:1320,0
DA:1321,0
DA:1324,6
DA:1325,6
DA:1326,0
DA:1327,0
DA:1329,0
DA:1332,6
DA:1333,6
DA:1334,6
DA:1335,6
DA:1339,6
DA:1340,3
DA:1341,0
DA:1343,3
DA:1346,3
DA:1347,3
DA:1348,3
DA:1350,3
DA:1352,3
DA:1353,3
DA:1354,3
DA:1356,0
DA:1359,3
DA:1361,3
DA:1366,3
DA:1367,3
DA:1368,3
DA:1369,1
DA:1371,3
DA:1373,0
DA:1374,0
DA:1376,0
DA:1377,0
DA:1379,0
DA:1381,3
DA:1386,3
DA:1387,2
DA:1388,2
DA:1389,2
DA:1392,3
DA:1393,1
DA:1394,1
DA:1395,1
DA:1396,1
DA:1401,4
DA:1402,4
DA:1404,4
DA:1405,2
DA:1407,2
DA:1408,2
DA:1409,1
DA:1410,1
DA:1411,0
DA:1412,0
DA:1416,2
DA:1420,2
DA:1421,2
DA:1422,2
DA:1431,2
DA:1432,2
DA:1433,0
DA:1434,0
DA:1437,2
DA:1443,2
DA:1444,2
DA:1446,0
DA:1452,3
DA:1453,3
DA:1454,3
DA:1456,0
DA:1461,10
DA:1463,10
DA:1464,10
DA:1465,10
DA:1466,10
DA:1467,10
DA:1468,10
DA:1469,10
DA:1470,10
DA:1471,10
DA:1473,10
DA:1474,10
DA:1475,10
DA:1476,10
DA:1477,10
DA:1478,10
DA:1479,10
DA:1480,10
DA:1481,10
DA:1485,1
DA:1487,1
DA:1488,1
DA:1490,1
DA:1491,1
DA:1492,1
DA:1493,1
DA:1494,1
DA:1499,10
DA:1500,10
DA:1502,8
DA:1503,6
DA:1504,6
DA:1505,6
DA:1508,2
DA:1509,2
DA:1510,2
DA:1514,10
DA:1516,10
DA:1517,10
DA:1519,9
DA:1520,2
DA:1523,7
DA:1527,21
DA:1528,21
DA:1529,21
DA:1530,21
DA:1532,21
DA:1533,21
DA:1534,21
DA:1536,21
DA:1537,21
DA:1538,21
DA:1540,21
DA:1541,21
DA:1542,21
DA:1545,21
DA:1549,21
DA:1550,21
DA:1552,21
DA:1553,19
DA:1556,2
DA:1557,2
DA:1559,2
DA:1560,0
DA:1565,5
DA:1566,5
DA:1569,3
DA:1570,3
DA:1571,0
DA:1574,3
DA:1575,3
DA:1576,3
DA:1578,2
DA:1579,1
DA:1581,1
DA:1582,1
DA:1587,3
DA:1588,0
DA:1591,3
DA:1592,3
DA:1593,3
DA:1597,1
DA:1598,1
DA:1599,1
DA:1601,0
DA:1605,7
DA:1606,7
DA:1608,2
DA:1609,2
DA:1610,2
DA:1613,0
DA:1617,4
DA:1619,4
DA:1620,4
DA:1622,4
DA:1624,4
DA:1625,6
DA:1628,4
DA:1629,6
DA:1630,6
DA:1631,6
DA:1634,4
DA:1635,6
DA:1636,6
DA:1637,6
DA:1640,4
DA:1641,4
DA:1643,4
DA:1644,1
DA:1647,4
DA:1648,2
DA:1651,4
DA:1652,3
DA:1657,3
DA:1659,3
DA:1660,3
DA:1668,2
DA:1669,2
DA:1670,2
DA:1672,2
DA:1673,2
DA:1674,2
DA:1679,4
DA:1681,4
DA:1682,2
DA:1685,4
DA:1687,4
DA:1688,4
DA:1689,0
DA:1694,2
DA:1695,3
DA:1698,2
DA:1699,3
DA:1700,3
DA:1703,2
DA:1704,3
DA:1705,3
DA:1710,4
DA:1711,4
DA:1713,4
DA:1714,4
DA:1716,4
DA:1717,4
DA:1720,4
DA:1721,4
DA:1726,2
DA:1727,2
DA:1729,2
DA:1730,2
DA:1733,2
DA:1734,2
DA:1739,3
DA:1740,3
DA:1742,3
DA:1743,2
DA:1745,2
DA:1746,1
DA:1749,2
DA:1751,2
DA:1752,2
DA:1758,15
DA:1759,15
DA:1760,15
DA:1762,15
DA:1766,23
DA:1767,23
DA:1769,23
DA:1770,23
DA:1772,13
DA:1773,13
DA:1775,3
DA:1776,3
DA:1778,0
DA:1779,0
DA:1781,1
DA:1782,1
DA:1784,6
DA:1785,6
DA:1790,6
DA:1791,6
DA:1792,6
DA:1794,6
DA:1795,0
DA:1798,6
DA:1799,6
DA:1800,6
DA:1802,6
DA:1803,1
DA:1806,5
DA:1807,3
DA:1810,2
DA:1811,2
DA:1819,1
DA:1820,0
DA:1822,1
DA:1825,1
DA:1827,1
DA:1828,1
DA:1830,1
DA:1835,8
DA:1836,8
DA:1838,8
DA:1839,8
DA:1842,8
DA:1844,8
DA:1845,1
DA:1850,5
DA:1851,5
DA:1853,5
DA:1854,7
DA:1855,7
DA:1858,5
DA:1860,5
DA:1861,2
DA:1862,2
DA:1867,15
DA:1869,15
DA:1870,15
DA:1872,13
DA:1873,10
DA:1875,3
DA:1876,3
DA:1877,3
DA:1878,3
DA:1882,3
DA:1884,2
DA:1885,2
DA:1886,1
DA:1887,1
DA:1890,1
DA:1891,1
DA:1892,1
DA:1896,14
DA:1897,14
DA:1901,14
DA:1903,14
DA:1904,12
DA:1905,12
DA:1908,3
DA:1918,2
DA:1919,3
DA:1920,1
DA:1921,2
DA:1922,1
DA:1928,16
DA:1932,19
DA:1933,19
DA:1935,19
DA:1936,12
DA:1938,15
DA:1941,10
DA:1942,10
DA:1943,2
DA:1946,8
DA:1947,8
DA:1951,19
DA:1955,7
DA:1956,7
DA:1957,1
DA:1960,6
DA:1961,6
DA:1965,17
DA:1966,1
DA:1969,16
DA:1970,17
DA:1975,21
DA:1976,1
DA:1979,20
DA:1980,2
DA:1981,2
DA:1982,1
DA:1984,1
DA:1990,18
DA:1998,18
DA:2003,18
DA:2004,2
DA:2007,16
DA:2014,10
DA:2015,1
DA:2018,9
DA:2019,12
DA:2024,13
DA:2025,0
DA:2028,13
DA:2029,0
DA:2030,0
DA:2033,13
DA:2041,13
DA:2042,1
DA:2045,12
DA:2052,8
DA:2053,8
DA:2054,5
DA:2055,1
DA:2056,1
DA:2058,4
DA:2060,4
DA:2061,1
DA:2062,1
DA:2063,1
DA:2066,3
DA:2067,1
DA:2068,1
DA:2071,2
DA:2076,5
DA:2077,5
DA:2079,5
DA:2080,5
DA:2083,5
DA:2084,5
DA:2091,25
DA:2092,25
DA:2096,20
DA:2097,5
DA:2099,15
DA:2103,57
DA:2104,56
DA:2108,60
DA:2112,18
DA:2114,18
DA:2116,8
DA:2118,5
DA:2120,0
DA:2122,2
DA:2124,3
DA:2129,96
DA:2131,96
DA:2137,58
DA:2139,13
DA:2141,0
DA:2145,4
DA:2147,21
DA:2152,31
DA:2153,31
DA:2157,37
DA:2165,22
DA:2172,4
DA:2173,4
DA:2175,4
DA:2176,3
DA:2177,3
DA:2180,1
DA:2184,14
DA:2185,14
DA:2186,10
DA:2190,6
DA:2191,6
DA:2192,6
DA:2196,27
DA:2197,54
DA:2198,54
DA:2201,27
DA:2202,20
DA:2207,2
DA:2208,2
DA:2210,2
DA:2211,2
DA:2215,3
DA:2216,3
DA:2218,3
DA:2219,3
DA:2222,52
LF:1032
LH:879
BRDA:74,0,0,0
BRDA:74,0,1,0
BRDA:78,1,0,0
BRDA:78,1,1,0
BRDA:94,2,0,1
BRDA:94,2,1,0
BRDA:121,3,0,0
BRDA:121,3,1,0
BRDA:129,4,0,1
BRDA:129,4,1,1
BRDA:140,5,0,3
BRDA:140,5,1,2
BRDA:143,6,0,6
BRDA:148,7,0,7
BRDA:148,7,1,2
BRDA:149,8,0,0
BRDA:149,8,1,7
BRDA:149,9,0,7
BRDA:149,9,1,7
BRDA:151,10,0,7
BRDA:151,10,1,0
BRDA:153,11,0,1
BRDA:153,11,1,0
BRDA:166,12,0,0
BRDA:166,12,1,7
BRDA:174,13,0,2
BRDA:174,13,1,0
BRDA:175,14,0,1
BRDA:175,14,1,1
BRDA:177,15,0,1
BRDA:177,15,1,0
BRDA:178,16,0,2
BRDA:178,16,1,1
BRDA:179,17,0,1
BRDA:179,17,1,1
BRDA:182,18,0,1
BRDA:182,18,1,1
BRDA:187,19,0,2
BRDA:187,19,1,0
BRDA:190,20,0,1
BRDA:190,20,1,1
BRDA:190,21,0,2
BRDA:190,21,1,2
BRDA:199,22,0,0
BRDA:202,23,0,0
BRDA:202,23,1,0
BRDA:205,24,0,0
BRDA:205,24,1,0
BRDA:208,25,0,0
BRDA:208,25,1,0
BRDA:209,26,0,0
BRDA:209,26,1,0
BRDA:210,27,0,0
BRDA:210,27,1,0
BRDA:210,28,0,0
BRDA:210,28,1,0
BRDA:210,28,2,0
BRDA:212,29,0,0
BRDA:212,29,1,0
BRDA:222,30,0,0
BRDA:222,30,1,15
BRDA:226,31,0,0
BRDA:226,31,1,1
BRDA:226,32,0,1
BRDA:226,32,1,1
BRDA:229,33,0,1
BRDA:229,33,1,0
BRDA:237,34,0,1
BRDA:237,34,1,2
BRDA:241,35,0,0
BRDA:241,35,1,0
BRDA:247,36,0,0
BRDA:247,36,1,0
BRDA:265,37,0,1
BRDA:265,37,1,0
BRDA:276,38,0,1
BRDA:276,38,1,0
BRDA:276,39,0,1
BRDA:276,39,1,1
BRDA:284,40,0,0
BRDA:284,40,1,0
BRDA:284,40,2,0
BRDA:292,41,0,10
BRDA:292,41,1,2
BRDA:298,42,0,2
BRDA:298,42,1,9
BRDA:303,43,0,0
BRDA:303,43,1,0
BRDA:303,44,0,0
BRDA:303,44,1,0
BRDA:312,45,0,0
BRDA:312,45,1,1
BRDA:314,46,0,0
BRDA:314,46,1,1
BRDA:321,47,0,0
BRDA:321,47,1,1
BRDA:328,48,0,0
BRDA:328,48,1,0
BRDA:328,49,0,0
BRDA:328,49,1,0
BRDA:337,50,0,0
BRDA:337,50,1,0
BRDA:343,51,0,1
BRDA:343,51,1,11
BRDA:348,52,0,6
BRDA:348,52,1,3
BRDA:348,53,0,9
BRDA:348,53,1,7
BRDA:356,54,0,1
BRDA:356,54,1,5
BRDA:360,55,0,5
BRDA:360,55,1,0
BRDA:364,56,0,1
BRDA:364,56,1,10
BRDA:371,57,0,1
BRDA:371,57,1,0
BRDA:381,58,0,0
BRDA:381,58,1,2
BRDA:386,59,0,0
BRDA:386,59,1,2
BRDA:396,60,0,2
BRDA:396,60,1,1
BRDA:412,61,0,1
BRDA:412,61,1,0
BRDA:431,62,0,1
BRDA:431,62,1,2
BRDA:431,63,0,3
BRDA:431,63,1,3
BRDA:439,64,0,0
BRDA:439,64,1,2
BRDA:444,65,0,0
BRDA:444,65,1,2
BRDA:466,66,0,0
BRDA:466,66,1,5
BRDA:479,67,0,0
BRDA:479,67,1,0
BRDA:489,68,0,0
BRDA:489,68,1,2
BRDA:489,69,0,2
BRDA:489,69,1,2
BRDA:507,70,0,0
BRDA:507,70,1,2
BRDA:510,71,0,0
BRDA:510,71,1,0
BRDA:510,72,0,0
BRDA:510,72,1,0
BRDA:528,73,0,2
BRDA:528,73,1,1
BRDA:532,74,0,2
BRDA:532,74,1,1
BRDA:541,75,0,3
BRDA:541,75,1,0
BRDA:543,76,0,0
BRDA:543,76,1,0
BRDA:554,77,0,0
BRDA:554,77,1,3
BRDA:554,78,0,3
BRDA:554,78,1,3
BRDA:558,79,0,0
BRDA:558,79,1,1
BRDA:565,80,0,1
BRDA:565,80,1,0
BRDA:571,81,0,0
BRDA:571,81,1,0
BRDA:581,82,0,0
BRDA:581,82,1,0
BRDA:583,83,0,0
BRDA:583,83,1,0
BRDA:585,84,0,0
BRDA:585,84,1,0
BRDA:594,85,0,1
BRDA:594,85,1,5
BRDA:594,86,0,6
BRDA:594,86,1,6
BRDA:602,87,0,0
BRDA:602,87,1,3
BRDA:619,88,0,0
BRDA:619,88,1,4
BRDA:632,89,0,1
BRDA:632,89,1,0
BRDA:639,90,0,0
BRDA:639,90,1,4
BRDA:639,91,0,4
BRDA:639,91,1,4
BRDA:643,92,0,1
BRDA:643,92,1,3
BRDA:661,93,0,1
BRDA:661,93,1,0
BRDA:669,94,0,0
BRDA:669,94,1,6
BRDA:674,95,0,6
BRDA:674,95,1,4
BRDA:675,96,0,6
BRDA:675,96,1,4
BRDA:676,97,0,6
BRDA:676,97,1,5
BRDA:679,98,0,2
BRDA:679,98,1,4
BRDA:680,99,0,2
BRDA:680,99,1,4
BRDA:681,100,0,1
BRDA:681,100,1,5
BRDA:683,101,0,2
BRDA:683,101,1,4
BRDA:687,102,0,5
BRDA:687,102,1,0
BRDA:691,103,0,1
BRDA:691,103,1,0
BRDA:692,104,0,1
BRDA:692,104,1,0
BRDA:695,105,0,1
BRDA:695,105,1,0
BRDA:701,106,0,0
BRDA:701,106,1,6
BRDA:703,107,0,5
BRDA:703,107,1,1
BRDA:703,108,0,6
BRDA:703,108,1,6
BRDA:709,109,0,1
BRDA:709,109,1,0
BRDA:711,110,0,1
BRDA:711,110,1,0
BRDA:714,111,0,1
BRDA:714,111,1,0
BRDA:721,112,0,1
BRDA:721,112,1,0
BRDA:724,113,0,1
BRDA:724,113,1,0
BRDA:729,114,0,1
BRDA:729,114,1,0
BRDA:748,115,0,2
BRDA:748,115,1,2
BRDA:751,116,0,1
BRDA:751,116,1,1
BRDA:757,117,0,0
BRDA:757,117,1,3
BRDA:757,118,0,3
BRDA:757,118,1,3
BRDA:763,119,0,1
BRDA:763,119,1,2
BRDA:772,120,0,1
BRDA:772,120,1,0
BRDA:773,121,0,1
BRDA:773,121,1,0
BRDA:779,122,0,0
BRDA:779,122,1,3
BRDA:807,123,0,1
BRDA:807,123,1,8
BRDA:811,124,0,8
BRDA:811,124,1,1
BRDA:814,125,0,8
BRDA:814,125,1,1
BRDA:815,126,0,8
BRDA:815,126,1,2
BRDA:816,127,0,8
BRDA:816,127,1,1
BRDA:817,128,0,8
BRDA:817,128,1,7
BRDA:823,129,0,8
BRDA:823,129,1,0
BRDA:824,130,0,8
BRDA:824,130,1,1
BRDA:826,131,0,0
BRDA:826,131,1,0
BRDA:829,132,0,8
BRDA:829,132,1,0
BRDA:830,133,0,8
BRDA:830,133,1,1
BRDA:832,134,0,0
BRDA:832,134,1,0
BRDA:837,135,0,8
BRDA:837,135,1,1
BRDA:838,136,0,8
BRDA:838,136,1,1
BRDA:841,137,0,6
BRDA:841,137,1,2
BRDA:845,138,0,1
BRDA:845,138,1,7
BRDA:849,139,0,1
BRDA:849,139,1,7
BRDA:852,140,0,1
BRDA:852,140,1,7
BRDA:858,141,0,1
BRDA:858,141,1,7
BRDA:864,142,0,0
BRDA:864,142,1,3
BRDA:871,143,0,1
BRDA:871,143,1,7
BRDA:873,144,0,6
BRDA:873,144,1,1
BRDA:873,145,0,7
BRDA:873,145,1,7
BRDA:880,146,0,1
BRDA:880,146,1,0
BRDA:882,147,0,1
BRDA:882,147,1,0
BRDA:883,148,0,1
BRDA:883,148,1,0
BRDA:890,149,0,0
BRDA:890,149,1,1
BRDA:897,150,0,0
BRDA:897,150,1,3
BRDA:904,151,0,1
BRDA:904,151,1,7
BRDA:906,152,0,6
BRDA:906,152,1,1
BRDA:906,153,0,7
BRDA:906,153,1,7
BRDA:915,154,0,1
BRDA:915,154,1,0
BRDA:916,155,0,1
BRDA:916,155,1,1
BRDA:920,156,0,1
BRDA:920,156,1,0
BRDA:921,157,0,1
BRDA:921,157,1,0
BRDA:922,158,0,1
BRDA:922,158,1,0
BRDA:931,159,0,1
BRDA:931,159,1,0
BRDA:939,160,0,1
BRDA:939,160,1,0
BRDA:944,161,0,0
BRDA:944,161,1,1
BRDA:947,162,0,1
BRDA:947,162,1,0
BRDA:948,163,0,0
BRDA:948,163,1,1
BRDA:960,164,0,0
BRDA:960,164,1,1
BRDA:972,165,0,1
BRDA:972,165,1,0
BRDA:973,166,0,1
BRDA:973,166,1,0
BRDA:978,167,0,1
BRDA:978,167,1,1
BRDA:992,168,0,0
BRDA:992,168,1,0
BRDA:993,169,0,0
BRDA:993,169,1,0
BRDA:998,170,0,1
BRDA:998,170,1,2
BRDA:1006,171,0,1
BRDA:1006,171,1,1
BRDA:1023,172,0,0
BRDA:1023,172,1,0
BRDA:1024,173,0,0
BRDA:1024,173,1,0
BRDA:1031,174,0,0
BRDA:1031,174,1,1
BRDA:1033,175,0,1
BRDA:1033,175,1,0
BRDA:1034,176,0,1
BRDA:1034,176,1,0
BRDA:1037,177,0,1
BRDA:1037,177,1,0
BRDA:1042,178,0,1
BRDA:1042,178,1,1
BRDA:1055,179,0,9
BRDA:1055,179,1,5
BRDA:1065,180,0,0
BRDA:1065,180,1,2
BRDA:1067,181,0,2
BRDA:1067,181,1,0
BRDA:1068,182,0,2
BRDA:1068,182,1,0
BRDA:1068,183,0,2
BRDA:1068,183,1,0
BRDA:1071,184,0,2
BRDA:1071,184,1,0
BRDA:1072,185,0,1
BRDA:1072,185,1,1
BRDA:1083,186,0,1
BRDA:1083,186,1,0
BRDA:1084,187,0,1
BRDA:1084,187,1,0
BRDA:1089,188,0,1
BRDA:1089,188,1,0
BRDA:1092,189,0,1
BRDA:1092,189,1,0
BRDA:1097,190,0,1
BRDA:1097,190,1,0
BRDA:1098,191,0,1
BRDA:1098,191,1,0
BRDA:1098,191,2,0
BRDA:1099,192,0,1
BRDA:1099,192,1,0
BRDA:1100,193,0,1
BRDA:1100,193,1,0
BRDA:1113,194,0,0
BRDA:1113,194,1,18
BRDA:1115,195,0,18
BRDA:1115,195,1,0
BRDA:1135,196,0,5
BRDA:1135,196,1,55
BRDA:1136,197,0,55
BRDA:1136,197,1,0
BRDA:1140,198,0,4
BRDA:1140,198,1,1
BRDA:1144,199,0,0
BRDA:1144,199,1,1
BRDA:1144,200,0,1
BRDA:1144,200,1,1
BRDA:1151,201,0,0
BRDA:1151,201,1,1
BRDA:1151,202,0,1
BRDA:1151,202,1,1
BRDA:1169,203,0,0
BRDA:1169,203,1,6
BRDA:1193,204,0,4
BRDA:1193,205,0,4
BRDA:1193,206,0,4
BRDA:1207,207,0,1
BRDA:1207,207,1,9
BRDA:1215,208,0,16
BRDA:1215,208,1,1
BRDA:1216,209,0,16
BRDA:1216,209,1,3
BRDA:1218,210,0,16
BRDA:1218,210,1,3
BRDA:1219,211,0,16
BRDA:1219,211,1,3
BRDA:1220,212,0,16
BRDA:1220,212,1,4
BRDA:1225,213,0,0
BRDA:1226,214,0,0
BRDA:1227,215,0,0
BRDA:1228,216,0,0
BRDA:1229,217,0,0
BRDA:1230,218,0,3
BRDA:1231,219,0,5
BRDA:1232,220,0,5
BRDA:1235,221,0,2
BRDA:1235,221,1,5
BRDA:1235,222,0,7
BRDA:1235,222,1,3
BRDA:1237,223,0,2
BRDA:1237,223,1,0
BRDA:1239,224,0,1
BRDA:1239,224,1,6
BRDA:1240,225,0,0
BRDA:1240,225,1,1
BRDA:1251,226,0,6
BRDA:1251,226,1,0
BRDA:1251,227,0,6
BRDA:1251,227,1,4
BRDA:1259,228,0,2
BRDA:1259,228,1,4
BRDA:1266,229,0,5
BRDA:1266,229,1,1
BRDA:1267,230,0,5
BRDA:1267,230,1,3
BRDA:1273,231,0,5
BRDA:1273,231,1,0
BRDA:1274,232,0,2
BRDA:1274,232,1,3
BRDA:1282,233,0,2
BRDA:1282,233,1,4
BRDA:1287,234,0,0
BRDA:1287,234,1,0
BRDA:1288,235,0,0
BRDA:1288,235,1,0
BRDA:1296,236,0,0
BRDA:1296,236,1,7
BRDA:1303,237,0,0
BRDA:1303,237,1,2
BRDA:1311,238,0,0
BRDA:1312,239,0,5
BRDA:1313,240,0,5
BRDA:1314,241,0,1
BRDA:1315,242,0,1
BRDA:1316,243,0,1
BRDA:1317,244,0,1
BRDA:1319,245,0,0
BRDA:1319,245,1,6
BRDA:1325,246,0,0
BRDA:1325,246,1,6
BRDA:1326,247,0,0
BRDA:1326,247,1,0
BRDA:1334,248,0,6
BRDA:1334,248,1,0
BRDA:1335,249,0,5
BRDA:1335,249,1,1
BRDA:1336,250,0,1
BRDA:1336,250,1,4
BRDA:1336,251,0,4
BRDA:1336,251,1,0
BRDA:1339,252,0,3
BRDA:1339,252,1,3
BRDA:1339,253,0,6
BRDA:1339,253,1,5
BRDA:1340,254,0,0
BRDA:1340,254,1,3
BRDA:1347,255,0,1
BRDA:1347,255,1,2
BRDA:1368,256,0,1
BRDA:1368,256,1,2
BRDA:1373,257,0,0
BRDA:1373,257,1,0
BRDA:1374,258,0,0
BRDA:1374,258,1,0
BRDA:1376,259,0,0
BRDA:1376,259,1,0
BRDA:1386,260,0,2
BRDA:1386,260,1,1
BRDA:1386,261,0,3
BRDA:1386,261,1,2
BRDA:1392,262,0,1
BRDA:1392,262,1,2
BRDA:1392,263,0,3
BRDA:1392,263,1,1
BRDA:1395,264,0,1
BRDA:1395,264,1,0
BRDA:1402,265,0,0
BRDA:1402,265,1,4
BRDA:1408,266,0,1
BRDA:1408,266,1,1
BRDA:1410,267,0,0
BRDA:1410,267,1,1
BRDA:1431,268,0,2
BRDA:1431,268,1,0
BRDA:1432,269,0,0
BRDA:1432,269,1,2
BRDA:1446,270,0,0
BRDA:1446,270,1,0
BRDA:1456,271,0,0
BRDA:1456,271,1,0
BRDA:1461,272,0,0
BRDA:1461,272,1,10
BRDA:1471,273,0,10
BRDA:1471,273,1,10
BRDA:1473,274,0,10
BRDA:1473,274,1,10
BRDA:1473,275,0,4
BRDA:1473,275,1,6
BRDA:1485,276,0,0
BRDA:1485,276,1,1
BRDA:1485,277,0,1
BRDA:1485,277,1,1
BRDA:1488,278,0,0
BRDA:1488,278,1,1
BRDA:1491,279,0,1
BRDA:1491,279,1,0
BRDA:1493,280,0,1
BRDA:1493,280,1,0
BRDA:1500,281,0,2
BRDA:1500,281,1,8
BRDA:1502,282,0,6
BRDA:1502,282,1,2
BRDA:1514,283,0,0
BRDA:1514,283,1,10
BRDA:1517,284,0,1
BRDA:1517,284,1,9
BRDA:1519,285,0,2
BRDA:1519,285,1,7
BRDA:1519,286,0,9
BRDA:1519,286,1,8
BRDA:1532,287,0,21
BRDA:1532,287,1,1
BRDA:1532,287,2,1
BRDA:1533,288,0,21
BRDA:1533,288,1,1
BRDA:1534,289,0,2
BRDA:1534,289,1,19
BRDA:1536,290,0,21
BRDA:1536,290,1,0
BRDA:1537,291,0,21
BRDA:1537,291,1,0
BRDA:1538,292,0,21
BRDA:1538,292,1,0
BRDA:1540,293,0,21
BRDA:1540,293,1,0
BRDA:1550,294,0,21
BRDA:1550,294,1,19
BRDA:1552,295,0,19
BRDA:1552,295,1,2
BRDA:1559,296,0,0
BRDA:1559,296,1,2
BRDA:1564,297,0,2
BRDA:1564,298,0,2
BRDA:1569,299,0,3
BRDA:1569,299,1,0
BRDA:1570,300,0,0
BRDA:1570,300,1,3
BRDA:1578,301,0,1
BRDA:1578,301,1,1
BRDA:1581,302,0,1
BRDA:1581,302,1,0
BRDA:1587,303,0,0
BRDA:1587,303,1,3
BRDA:1587,304,0,3
BRDA:1587,304,1,3
BRDA:1598,305,0,1
BRDA:1598,305,1,0
BRDA:1598,306,0,1
BRDA:1598,306,1,1
BRDA:1606,307,0,5
BRDA:1606,307,1,2
BRDA:1608,308,0,2
BRDA:1608,308,1,0
BRDA:1609,309,0,2
BRDA:1609,309,1,0
BRDA:1616,310,0,0
BRDA:1617,311,0,0
BRDA:1617,311,1,4
BRDA:1620,312,0,0
BRDA:1620,312,1,4
BRDA:1631,313,0,4
BRDA:1631,313,1,2
BRDA:1637,314,0,4
BRDA:1637,314,1,2
BRDA:1643,315,0,1
BRDA:1643,315,1,3
BRDA:1647,316,0,2
BRDA:1647,316,1,2
BRDA:1651,317,0,3
BRDA:1651,317,1,1
BRDA:1651,318,0,4
BRDA:1651,318,1,3
BRDA:1656,319,0,1
BRDA:1657,320,0,0
BRDA:1657,320,1,3
BRDA:1672,321,0,2
BRDA:1672,321,1,0
BRDA:1679,322,0,0
BRDA:1679,322,1,4
BRDA:1711,323,0,0
BRDA:1711,323,1,4
BRDA:1716,324,0,4
BRDA:1716,324,1,0
BRDA:1720,325,0,4
BRDA:1720,325,1,0
BRDA:1729,326,0,2
BRDA:1729,326,1,0
BRDA:1733,327,0,2
BRDA:1733,327,1,0
BRDA:1740,328,0,0
BRDA:1740,328,1,3
BRDA:1745,329,0,1
BRDA:1745,329,1,1
BRDA:1746,330,0,1
BRDA:1746,330,1,0
BRDA:1749,331,0,0
BRDA:1749,331,1,2
BRDA:1751,332,0,2
BRDA:1751,332,1,0
BRDA:1760,333,0,0
BRDA:1760,333,1,15
BRDA:1760,334,0,15
BRDA:1760,334,1,15
BRDA:1767,335,0,0
BRDA:1767,335,1,23
BRDA:1770,336,0,13
BRDA:1770,336,1,3
BRDA:1770,336,2,0
BRDA:1770,336,3,1
BRDA:1770,336,4,6
BRDA:1789,337,0,1
BRDA:1794,338,0,0
BRDA:1794,338,1,6
BRDA:1794,339,0,6
BRDA:1794,339,1,6
BRDA:1794,339,2,6
BRDA:1798,340,0,6
BRDA:1798,340,1,0
BRDA:1802,341,0,1
BRDA:1802,341,1,5
BRDA:1806,342,0,3
BRDA:1806,342,1,2
BRDA:1806,343,0,5
BRDA:1806,343,1,3
BRDA:1819,344,0,0
BRDA:1819,344,1,1
BRDA:1827,345,0,1
BRDA:1827,345,1,0
BRDA:1828,346,0,1
BRDA:1828,346,1,0
BRDA:1844,347,0,1
BRDA:1844,347,1,7
BRDA:1860,348,0,2
BRDA:1860,348,1,3
BRDA:1867,349,0,0
BRDA:1867,349,1,15
BRDA:1870,350,0,5
BRDA:1870,350,1,10
BRDA:1873,351,0,7
BRDA:1873,351,1,3
BRDA:1882,352,0,1
BRDA:1882,352,1,2
BRDA:1885,353,0,1
BRDA:1885,353,1,1
BRDA:1901,354,0,0
BRDA:1901,354,1,14
BRDA:1903,355,0,12
BRDA:1903,355,1,2
BRDA:1903,356,0,14
BRDA:1903,356,1,14
BRDA:1920,357,0,1
BRDA:1920,357,1,0
BRDA:1935,358,0,19
BRDA:1935,358,1,1
BRDA:1936,359,0,12
BRDA:1936,359,1,2
BRDA:1942,360,0,2
BRDA:1942,360,1,8
BRDA:1956,361,0,1
BRDA:1956,361,1,6
BRDA:1965,362,0,1
BRDA:1965,362,1,16
BRDA:1975,363,0,1
BRDA:1975,363,1,20
BRDA:1975,364,0,21
BRDA:1975,364,1,20
BRDA:1979,365,0,2
BRDA:1979,365,1,18
BRDA:1981,366,0,1
BRDA:1981,366,1,1
BRDA:1991,367,0,18
BRDA:1991,367,1,2
BRDA:1991,367,2,0
BRDA:1991,367,3,0
BRDA:1991,367,4,0
BRDA:1998,368,0,18
BRDA:1998,368,1,2
BRDA:1998,368,2,0
BRDA:1998,368,3,0
BRDA:2003,369,0,2
BRDA:2003,369,1,16
BRDA:2003,370,0,18
BRDA:2003,370,1,17
BRDA:2003,370,2,17
BRDA:2003,370,3,17
BRDA:2014,371,0,1
BRDA:2014,371,1,9
BRDA:2024,372,0,0
BRDA:2024,372,1,13
BRDA:2024,373,0,13
BRDA:2024,373,1,13
BRDA:2028,374,0,0
BRDA:2028,374,1,13
BRDA:2030,375,0,0
BRDA:2030,375,1,0
BRDA:2034,376,0,13
BRDA:2034,376,1,3
BRDA:2034,376,2,1
BRDA:2034,376,3,1
BRDA:2034,376,4,1
BRDA:2041,377,0,1
BRDA:2041,377,1,12
BRDA:2046,378,0,12
BRDA:2046,378,1,12
BRDA:2046,378,2,12
BRDA:2054,379,0,1
BRDA:2054,379,1,4
BRDA:2060,380,0,1
BRDA:2060,380,1,3
BRDA:2066,381,0,1
BRDA:2066,381,1,2
BRDA:2067,382,0,1
BRDA:2067,382,1,0
BRDA:2079,383,0,5
BRDA:2079,383,1,0
BRDA:2080,384,0,5
BRDA:2080,384,1,1
BRDA:2083,385,0,5
BRDA:2083,385,1,0
BRDA:2084,386,0,4
BRDA:2084,386,1,1
BRDA:2096,387,0,5
BRDA:2096,387,1,15
BRDA:2096,388,0,20
BRDA:2096,388,1,19
BRDA:2096,388,2,18
BRDA:2103,389,0,1
BRDA:2103,389,1,56
BRDA:2114,390,0,8
BRDA:2114,390,1,5
BRDA:2114,390,2,0
BRDA:2114,390,3,2
BRDA:2114,390,4,3
BRDA:2124,391,0,3
BRDA:2124,391,1,1
BRDA:2129,392,0,96
BRDA:2129,392,1,8
BRDA:2131,393,0,54
BRDA:2131,393,1,56
BRDA:2131,393,2,56
BRDA:2131,393,3,57
BRDA:2131,393,4,58
BRDA:2131,393,5,13
BRDA:2131,393,6,0
BRDA:2131,393,7,3
BRDA:2131,393,8,4
BRDA:2131,393,9,4
BRDA:2131,393,10,21
BRDA:2147,394,0,21
BRDA:2147,394,1,8
BRDA:2153,395,0,31
BRDA:2153,395,1,6
BRDA:2157,396,0,37
BRDA:2157,396,1,0
BRDA:2165,397,0,22
BRDA:2165,397,1,0
BRDA:2175,398,0,3
BRDA:2175,398,1,1
BRDA:2185,399,0,4
BRDA:2185,399,1,10
BRDA:2191,400,0,6
BRDA:2191,400,1,1
BRDA:2192,401,0,6
BRDA:2192,401,1,3
BRDA:2198,402,0,50
BRDA:2198,402,1,4
BRDA:2208,403,0,0
BRDA:2208,403,1,2
BRDA:2216,404,0,0
BRDA:2216,404,1,3
BRF:817
BRH:555
end_of_record
TN:
SF:module5\review-approval.js
FN:1,(anonymous_0)
FN:9,(anonymous_1)
FN:19,bindResourceReviewActions
FN:25,(anonymous_3)
FN:51,loadResourceReviewData
FN:65,renderPendingResources
FN:85,renderPendingResourceCard
FN:101,loadResourceDetail
FN:114,renderResourceDetail
FN:157,renderMediaSection
FN:168,(anonymous_10)
FN:208,renderReviewHistory
FN:216,(anonymous_12)
FN:228,submitResourceDecision
FN:267,toPublicMediaUrl
FN:284,detailItem
FN:310,(anonymous_16)
FN:321,(anonymous_17)
FN:328,(anonymous_18)
FNF:19
FNH:19
FNDA:16,(anonymous_0)
FNDA:2,(anonymous_1)
FNDA:1,bindResourceReviewActions
FNDA:4,(anonymous_3)
FNDA:6,loadResourceReviewData
FNDA:7,renderPendingResources
FNDA:3,renderPendingResourceCard
FNDA:5,loadResourceDetail
FNDA:3,renderResourceDetail
FNDA:4,renderMediaSection
FNDA:1,(anonymous_10)
FNDA:5,renderReviewHistory
FNDA:1,(anonymous_12)
FNDA:6,submitResourceDecision
FNDA:14,toPublicMediaUrl
FNDA:37,detailItem
FNDA:6,(anonymous_16)
FNDA:3,(anonymous_17)
FNDA:16,(anonymous_18)
DA:1,16
DA:2,16
DA:3,16
DA:5,16
DA:6,16
DA:7,16
DA:9,16
DA:10,2
DA:11,2
DA:12,2
DA:13,2
DA:15,1
DA:16,1
DA:20,1
DA:21,1
DA:22,1
DA:25,1
DA:26,4
DA:27,4
DA:28,1
DA:29,1
DA:32,3
DA:33,3
DA:34,1
DA:35,1
DA:36,1
DA:37,1
DA:39,1
DA:42,2
DA:43,2
DA:44,1
DA:45,1
DA:52,6
DA:53,6
DA:54,6
DA:55,6
DA:58,5
DA:59,5
DA:61,1
DA:66,7
DA:67,7
DA:68,6
DA:69,4
DA:70,4
DA:72,2
DA:73,2
DA:86,3
DA:87,3
DA:102,5
DA:103,4
DA:104,4
DA:105,4
DA:106,4
DA:107,3
DA:109,1
DA:110,1
DA:115,3
DA:116,3
DA:117,3
DA:118,3
DA:119,3
DA:120,3
DA:121,3
DA:122,3
DA:158,4
DA:159,4
DA:160,4
DA:161,4
DA:164,4
DA:167,4
DA:169,1
DA:170,1
DA:181,4
DA:209,5
DA:210,5
DA:211,5
DA:212,4
DA:214,1
DA:216,1
DA:229,6
DA:230,2
DA:231,2
DA:233,4
DA:234,4
DA:235,4
DA:236,4
DA:237,1
DA:238,1
DA:239,1
DA:242,3
DA:243,1
DA:246,2
DA:247,2
DA:248,2
DA:249,2
DA:257,1
DA:258,1
DA:259,1
DA:261,1
DA:263,2
DA:268,14
DA:269,6
DA:271,8
DA:272,8
DA:273,1
DA:275,7
DA:276,2
DA:278,5
DA:279,1
DA:281,4
DA:285,37
DA:286,37
DA:295,16
DA:299,16
DA:311,6
DA:312,2
DA:314,6
DA:315,4
DA:317,6
DA:318,0
DA:322,3
DA:329,16
DA:330,16
DA:331,16
LF:124
LH:123
BRDA:13,0,0,1
BRDA:13,0,1,1
BRDA:21,1,0,1
BRDA:21,1,1,0
BRDA:27,2,0,1
BRDA:27,2,1,3
BRDA:33,3,0,1
BRDA:33,3,1,2
BRDA:35,4,0,1
BRDA:35,4,1,0
BRDA:43,5,0,1
BRDA:43,5,1,1
BRDA:58,6,0,5
BRDA:58,6,1,0
BRDA:67,7,0,1
BRDA:67,7,1,6
BRDA:68,8,0,4
BRDA:68,8,1,2
BRDA:69,9,0,4
BRDA:69,9,1,0
BRDA:72,10,0,2
BRDA:72,10,1,0
BRDA:78,11,0,2
BRDA:78,11,1,0
BRDA:80,12,0,1
BRDA:80,12,1,1
BRDA:89,13,0,3
BRDA:89,13,1,0
BRDA:90,14,0,3
BRDA:90,14,1,0
BRDA:90,15,0,3
BRDA:90,15,1,0
BRDA:90,16,0,3
BRDA:90,16,1,0
BRDA:91,17,0,3
BRDA:91,17,1,0
BRDA:91,18,0,0
BRDA:91,18,1,0
BRDA:92,19,0,3
BRDA:92,19,1,0
BRDA:102,20,0,1
BRDA:102,20,1,4
BRDA:116,21,0,0
BRDA:116,21,1,3
BRDA:118,22,0,3
BRDA:118,22,1,0
BRDA:119,23,0,3
BRDA:119,23,1,0
BRDA:120,24,0,3
BRDA:120,24,1,0
BRDA:121,25,0,3
BRDA:121,25,1,0
BRDA:125,26,0,3
BRDA:125,26,1,2
BRDA:126,27,0,3
BRDA:126,27,1,0
BRDA:126,28,0,3
BRDA:126,28,1,0
BRDA:126,29,0,3
BRDA:126,29,1,0
BRDA:131,30,0,3
BRDA:131,30,1,2
BRDA:131,31,0,2
BRDA:131,31,1,2
BRDA:136,32,0,1
BRDA:136,32,1,2
BRDA:136,33,0,3
BRDA:136,33,1,1
BRDA:161,34,0,2
BRDA:161,34,1,2
BRDA:164,35,0,2
BRDA:164,35,1,2
BRDA:167,36,0,1
BRDA:167,36,1,3
BRDA:167,37,0,4
BRDA:167,37,1,2
BRDA:172,38,0,1
BRDA:172,38,1,0
BRDA:173,39,0,1
BRDA:173,39,1,0
BRDA:174,40,0,1
BRDA:174,40,1,0
BRDA:175,41,0,1
BRDA:175,41,1,1
BRDA:210,42,0,5
BRDA:210,42,1,0
BRDA:211,43,0,4
BRDA:211,43,1,1
BRDA:218,44,0,1
BRDA:218,44,1,0
BRDA:220,45,0,1
BRDA:220,45,1,0
BRDA:220,46,0,0
BRDA:220,46,1,0
BRDA:221,47,0,1
BRDA:221,47,1,0
BRDA:229,48,0,2
BRDA:229,48,1,4
BRDA:233,49,0,4
BRDA:233,49,1,0
BRDA:235,50,0,4
BRDA:235,50,1,0
BRDA:236,51,0,1
BRDA:236,51,1,3
BRDA:236,52,0,4
BRDA:236,52,1,1
BRDA:238,53,0,1
BRDA:238,53,1,0
BRDA:242,54,0,1
BRDA:242,54,1,2
BRDA:247,55,0,2
BRDA:247,55,1,0
BRDA:257,56,0,1
BRDA:257,56,1,0
BRDA:268,57,0,6
BRDA:268,57,1,8
BRDA:272,58,0,1
BRDA:272,58,1,7
BRDA:275,59,0,2
BRDA:275,59,1,5
BRDA:278,60,0,1
BRDA:278,60,1,4
BRDA:289,61,0,16
BRDA:289,61,1,21
BRDA:289,62,0,37
BRDA:289,62,1,21
BRDA:310,63,0,0
BRDA:311,64,0,2
BRDA:311,64,1,4
BRDA:314,65,0,4
BRDA:314,65,1,2
BRDA:317,66,0,0
BRDA:317,66,1,6
BRF:133
BRH:95
end_of_record
TN:
SF:module6\module6.js
FN:2,(anonymous_0)
FN:19,(anonymous_1)
FN:36,initHeritageViewerPage
FN:52,initViewerDetailPage
FN:71,initViewerFeedbackPage
FN:82,bindViewerNavigationButton
FN:86,(anonymous_6)
FN:91,bindViewerAccountButton
FN:94,(anonymous_8)
FN:99,bindViewerBackButton
FN:103,(anonymous_10)
FN:126,bindViewerSearchControls
FN:133,(anonymous_12)
FN:139,(anonymous_13)
FN:146,(anonymous_14)
FN:155,(anonymous_15)
FN:163,bindViewerDetailForms
FN:166,(anonymous_17)
FN:174,(anonymous_18)
FN:187,(anonymous_19)
FN:199,ensureViewerAuthenticated
FN:215,loadViewerCategoryOptions
FN:224,(anonymous_22)
FN:236,loadViewerResourceTypeOptions
FN:245,(anonymous_24)
FN:257,loadApprovedResources
FN:279,renderApprovedResources
FN:288,(anonymous_27)
FN:323,loadApprovedResourceDetail
FN:334,renderApprovedResourceDetail
FN:365,loadViewerComments
FN:375,submitViewerComment
FN:412,renderViewerComments
FN:421,(anonymous_33)
FN:440,renderViewerCommentError
FN:447,deleteViewerComment
FN:467,loadViewerFeedbackHistory
FN:475,submitViewerFeedback
FN:485,(anonymous_38)
FN:516,renderViewerFeedbackHistory
FN:525,(anonymous_40)
FN:530,(anonymous_41)
FN:552,renderViewerFeedbackError
FN:559,updateViewerFeedbackFileText
FN:570,(anonymous_44)
FN:573,renderViewerTags
FN:583,(anonymous_46)
FN:587,renderPreviewMedia
FN:603,renderPrimaryMedia
FN:616,(anonymous_49)
FN:621,normalizePrimaryMediaUrls
FN:624,(anonymous_51)
FN:636,renderPrimaryMediaItem
FN:674,handleViewerError
FN:706,canViewerDeleteComment
FN:711,isViewerAdmin
FN:716,resolveCategoryName
FN:721,(anonymous_57)
FN:728,capitalizeViewerLabel
FN:734,(anonymous_59)
FN:738,normalizeViewerCategoryKey
FN:746,getViewerCategoryImageUrl
FN:754,normalizeViewerResourceTypeOptions
FN:760,(anonymous_63)
FN:780,formatViewerResourceType
FN:801,normalizeViewerResourceTypeValue
FN:805,normalizeViewerResourceType
FN:833,buildViewerExcerpt
FN:844,resetViewerFilters
FN:856,getViewerResourceIdFromQuery
FN:864,toPublicMediaUrl
FN:875,getViewerPreviewImageUrl
FN:882,redirectViewerToLogin
FN:932,(anonymous_73)
FN:943,(anonymous_74)
FNF:75
FNH:69
FNDA:29,(anonymous_0)
FNDA:0,(anonymous_1)
FNDA:2,initHeritageViewerPage
FNDA:1,initViewerDetailPage
FNDA:1,initViewerFeedbackPage
FNDA:2,bindViewerNavigationButton
FNDA:0,(anonymous_6)
FNDA:2,bindViewerAccountButton
FNDA:0,(anonymous_8)
FNDA:2,bindViewerBackButton
FNDA:0,(anonymous_10)
FNDA:2,bindViewerSearchControls
FNDA:1,(anonymous_12)
FNDA:1,(anonymous_13)
FNDA:1,(anonymous_14)
FNDA:1,(anonymous_15)
FNDA:2,bindViewerDetailForms
FNDA:0,(anonymous_17)
FNDA:0,(anonymous_18)
FNDA:1,(anonymous_19)
FNDA:6,ensureViewerAuthenticated
FNDA:3,loadViewerCategoryOptions
FNDA:3,(anonymous_22)
FNDA:2,loadViewerResourceTypeOptions
FNDA:4,(anonymous_24)
FNDA:7,loadApprovedResources
FNDA:6,renderApprovedResources
FNDA:2,(anonymous_27)
FNDA:2,loadApprovedResourceDetail
FNDA:2,renderApprovedResourceDetail
FNDA:4,loadViewerComments
FNDA:3,submitViewerComment
FNDA:5,renderViewerComments
FNDA:2,(anonymous_33)
FNDA:1,renderViewerCommentError
FNDA:2,deleteViewerComment
FNDA:4,loadViewerFeedbackHistory
FNDA:2,submitViewerFeedback
FNDA:1,(anonymous_38)
FNDA:6,renderViewerFeedbackHistory
FNDA:1,(anonymous_40)
FNDA:1,(anonymous_41)
FNDA:1,renderViewerFeedbackError
FNDA:3,updateViewerFeedbackFileText
FNDA:3,(anonymous_44)
FNDA:3,renderViewerTags
FNDA:2,(anonymous_46)
FNDA:3,renderPreviewMedia
FNDA:7,renderPrimaryMedia
FNDA:7,(anonymous_49)
FNDA:7,normalizePrimaryMediaUrls
FNDA:2,(anonymous_51)
FNDA:7,renderPrimaryMediaItem
FNDA:3,handleViewerError
FNDA:5,canViewerDeleteComment
FNDA:8,isViewerAdmin
FNDA:4,resolveCategoryName
FNDA:3,(anonymous_57)
FNDA:9,capitalizeViewerLabel
FNDA:14,(anonymous_59)
FNDA:4,normalizeViewerCategoryKey
FNDA:2,getViewerCategoryImageUrl
FNDA:3,normalizeViewerResourceTypeOptions
FNDA:10,(anonymous_63)
FNDA:13,formatViewerResourceType
FNDA:6,normalizeViewerResourceTypeValue
FNDA:29,normalizeViewerResourceType
FNDA:5,buildViewerExcerpt
FNDA:2,resetViewerFilters
FNDA:13,getViewerResourceIdFromQuery
FNDA:14,toPublicMediaUrl
FNDA:3,getViewerPreviewImageUrl
FNDA:4,redirectViewerToLogin
FNDA:7,(anonymous_73)
FNDA:29,(anonymous_74)
DA:2,29
DA:3,29
DA:4,29
DA:5,29
DA:6,29
DA:13,29
DA:15,29
DA:16,29
DA:17,29
DA:19,29
DA:20,0
DA:21,0
DA:23,0
DA:24,0
DA:27,0
DA:28,0
DA:31,0
DA:32,0
DA:37,2
DA:38,2
DA:39,2
DA:40,2
DA:42,2
DA:43,2
DA:44,1
DA:45,1
DA:46,1
DA:48,1
DA:53,1
DA:55,1
DA:56,1
DA:58,1
DA:59,1
DA:61,1
DA:64,1
DA:65,1
DA:67,0
DA:72,1
DA:74,1
DA:75,1
DA:76,1
DA:78,0
DA:83,2
DA:84,2
DA:86,2
DA:87,0
DA:92,2
DA:93,2
DA:94,2
DA:95,0
DA:100,2
DA:101,2
DA:103,2
DA:104,0
DA:106,0
DA:107,0
DA:108,0
DA:109,0
DA:110,0
DA:113,0
DA:114,0
DA:115,0
DA:118,0
DA:122,0
DA:127,2
DA:128,2
DA:129,2
DA:130,2
DA:132,2
DA:133,1
DA:134,1
DA:138,2
DA:139,1
DA:140,1
DA:141,1
DA:145,2
DA:146,1
DA:147,1
DA:148,1
DA:149,1
DA:154,2
DA:155,2
DA:156,1
DA:157,1
DA:158,1
DA:164,2
DA:165,2
DA:166,1
DA:167,0
DA:168,0
DA:172,2
DA:173,2
DA:174,1
DA:175,0
DA:176,0
DA:178,0
DA:179,0
DA:181,0
DA:185,2
DA:186,2
DA:187,2
DA:188,1
DA:189,1
DA:193,2
DA:194,2
DA:195,2
DA:200,6
DA:201,1
DA:204,5
DA:205,5
DA:206,4
DA:208,1
DA:209,0
DA:211,1
DA:216,3
DA:218,2
DA:219,2
DA:221,2
DA:222,2
DA:224,2
DA:225,3
DA:226,3
DA:227,3
DA:228,3
DA:231,2
DA:232,2
DA:237,2
DA:239,2
DA:240,2
DA:242,2
DA:243,2
DA:245,2
DA:246,4
DA:247,4
DA:248,4
DA:249,4
DA:252,2
DA:253,2
DA:258,7
DA:259,7
DA:261,6
DA:263,6
DA:264,6
DA:265,6
DA:266,6
DA:267,6
DA:269,6
DA:270,6
DA:271,6
DA:272,6
DA:274,6
DA:275,6
DA:276,6
DA:280,6
DA:281,6
DA:283,6
DA:284,4
DA:285,4
DA:288,2
DA:289,2
DA:290,2
DA:291,2
DA:292,2
DA:293,2
DA:294,2
DA:295,2
DA:296,2
DA:297,2
DA:299,2
DA:324,2
DA:325,2
DA:326,1
DA:329,1
DA:330,1
DA:331,1
DA:335,2
DA:336,2
DA:337,2
DA:339,2
DA:340,2
DA:341,2
DA:344,2
DA:345,2
DA:346,2
DA:347,2
DA:349,2
DA:350,2
DA:351,2
DA:353,2
DA:354,2
DA:355,2
DA:356,2
DA:358,2
DA:359,2
DA:360,2
DA:362,2
DA:366,4
DA:367,4
DA:368,1
DA:371,3
DA:372,3
DA:376,3
DA:377,3
DA:378,3
DA:379,3
DA:381,3
DA:385,3
DA:386,3
DA:389,3
DA:390,3
DA:396,1
DA:397,1
DA:398,1
DA:400,2
DA:401,1
DA:402,1
DA:404,1
DA:406,3
DA:407,3
DA:413,5
DA:414,5
DA:416,5
DA:417,3
DA:418,3
DA:421,2
DA:422,2
DA:423,2
DA:427,2
DA:441,1
DA:442,1
DA:444,1
DA:448,2
DA:449,2
DA:451,2
DA:452,2
DA:456,1
DA:457,1
DA:459,1
DA:460,1
DA:461,1
DA:463,0
DA:468,4
DA:471,4
DA:472,4
DA:476,2
DA:477,2
DA:478,2
DA:479,2
DA:480,2
DA:482,2
DA:483,2
DA:484,2
DA:485,2
DA:486,1
DA:489,2
DA:490,2
DA:493,2
DA:494,2
DA:499,1
DA:500,1
DA:501,1
DA:502,1
DA:504,1
DA:505,1
DA:506,1
DA:508,0
DA:510,2
DA:511,2
DA:517,6
DA:518,6
DA:520,6
DA:521,5
DA:522,5
DA:525,1
DA:526,1
DA:527,1
DA:530,1
DA:539,1
DA:553,1
DA:554,1
DA:556,1
DA:560,3
DA:561,3
DA:562,3
DA:564,3
DA:565,3
DA:566,1
DA:567,1
DA:570,3
DA:574,3
DA:575,3
DA:577,3
DA:578,2
DA:579,2
DA:582,1
DA:583,2
DA:588,3
DA:589,3
DA:591,3
DA:592,2
DA:593,2
DA:596,1
DA:597,1
DA:598,1
DA:604,7
DA:605,7
DA:607,7
DA:608,7
DA:609,1
DA:610,1
DA:613,6
DA:614,6
DA:616,7
DA:622,7
DA:623,7
DA:624,1
DA:625,2
DA:626,2
DA:630,7
DA:631,5
DA:633,7
DA:637,7
DA:639,7
DA:640,3
DA:643,4
DA:644,1
DA:654,3
DA:655,1
DA:665,2
DA:671,2
DA:675,3
DA:676,1
DA:677,1
DA:680,2
DA:681,2
DA:682,2
DA:683,2
DA:684,2
DA:686,2
DA:687,1
DA:688,1
DA:691,2
DA:692,1
DA:695,2
DA:696,1
DA:699,2
DA:700,1
DA:703,2
DA:707,5
DA:708,5
DA:712,8
DA:713,8
DA:717,4
DA:718,1
DA:721,3
DA:722,3
DA:723,1
DA:725,2
DA:729,9
DA:730,9
DA:734,14
DA:739,4
DA:740,4
DA:741,3
DA:743,1
DA:747,2
DA:748,2
DA:751,2
DA:755,3
DA:756,0
DA:759,3
DA:761,10
DA:762,1
DA:764,9
DA:765,3
DA:766,3
DA:768,6
DA:775,6
DA:781,13
DA:783,13
DA:785,7
DA:787,1
DA:789,0
DA:791,1
DA:793,2
DA:795,0
DA:797,2
DA:802,6
DA:806,29
DA:808,29
DA:814,13
DA:816,4
DA:818,1
DA:822,3
DA:825,5
DA:827,0
DA:829,3
DA:834,5
DA:835,5
DA:836,1
DA:838,4
DA:839,3
DA:841,1
DA:845,2
DA:846,2
DA:847,2
DA:848,2
DA:850,2
DA:851,2
DA:852,2
DA:853,2
DA:857,13
DA:858,13
DA:859,13
DA:860,11
DA:861,11
DA:865,14
DA:867,13
DA:868,13
DA:869,2
DA:872,11
DA:876,3
DA:877,0
DA:879,3
DA:883,4
DA:884,4
DA:887,29
DA:933,7
DA:934,5
DA:936,7
DA:937,3
DA:939,7
DA:940,0
DA:944,29
DA:945,29
DA:946,29
LF:436
LH:397
BRDA:23,0,0,0
BRDA:23,0,1,0
BRDA:27,1,0,0
BRDA:27,1,1,0
BRDA:31,2,0,0
BRDA:31,2,1,0
BRDA:84,3,0,0
BRDA:84,3,1,2
BRDA:93,4,0,0
BRDA:93,4,1,2
BRDA:101,5,0,0
BRDA:101,5,1,2
BRDA:104,6,0,0
BRDA:104,6,1,0
BRDA:106,7,0,0
BRDA:106,7,1,0
BRDA:110,8,0,0
BRDA:110,8,1,0
BRDA:113,9,0,0
BRDA:113,9,1,0
BRDA:113,10,0,0
BRDA:113,10,1,0
BRDA:132,11,0,1
BRDA:132,11,1,1
BRDA:138,12,0,1
BRDA:138,12,1,1
BRDA:145,13,0,1
BRDA:145,13,1,1
BRDA:147,14,0,1
BRDA:147,14,1,0
BRDA:154,15,0,2
BRDA:154,15,1,0
BRDA:157,16,0,0
BRDA:157,16,1,1
BRDA:165,17,0,1
BRDA:165,17,1,1
BRDA:173,18,0,1
BRDA:173,18,1,1
BRDA:176,19,0,0
BRDA:176,19,1,0
BRDA:179,20,0,0
BRDA:179,20,1,0
BRDA:186,21,0,2
BRDA:186,21,1,0
BRDA:194,22,0,2
BRDA:194,22,1,0
BRDA:200,23,0,1
BRDA:200,23,1,5
BRDA:208,24,0,0
BRDA:208,24,1,1
BRDA:219,25,0,0
BRDA:219,25,1,2
BRDA:231,26,0,2
BRDA:231,26,1,0
BRDA:240,27,0,0
BRDA:240,27,1,2
BRDA:252,28,0,2
BRDA:252,28,1,0
BRDA:259,29,0,1
BRDA:259,29,1,6
BRDA:269,30,0,3
BRDA:269,30,1,3
BRDA:270,31,0,3
BRDA:270,31,1,3
BRDA:271,32,0,3
BRDA:271,32,1,3
BRDA:272,33,0,3
BRDA:272,33,1,3
BRDA:274,34,0,3
BRDA:274,34,1,3
BRDA:276,35,0,6
BRDA:276,35,1,0
BRDA:281,36,0,0
BRDA:281,36,1,6
BRDA:283,37,0,4
BRDA:283,37,1,2
BRDA:291,38,0,2
BRDA:291,38,1,0
BRDA:293,39,0,2
BRDA:293,39,1,0
BRDA:306,40,0,2
BRDA:306,40,1,0
BRDA:325,41,0,1
BRDA:325,41,1,1
BRDA:337,42,0,0
BRDA:337,42,1,2
BRDA:339,43,0,2
BRDA:339,43,1,0
BRDA:344,44,0,2
BRDA:344,44,1,0
BRDA:346,45,0,2
BRDA:346,45,1,0
BRDA:347,46,0,2
BRDA:347,46,1,0
BRDA:349,47,0,2
BRDA:349,47,1,0
BRDA:352,48,0,2
BRDA:352,48,1,1
BRDA:353,49,0,2
BRDA:353,49,1,1
BRDA:355,50,0,2
BRDA:355,50,1,1
BRDA:356,51,0,2
BRDA:356,51,1,1
BRDA:358,52,0,2
BRDA:358,52,1,1
BRDA:367,53,0,1
BRDA:367,53,1,3
BRDA:372,54,0,3
BRDA:372,54,1,0
BRDA:379,55,0,0
BRDA:379,55,1,3
BRDA:379,56,0,3
BRDA:379,56,1,3
BRDA:385,57,0,3
BRDA:385,57,1,0
BRDA:400,58,0,1
BRDA:400,58,1,1
BRDA:404,59,0,1
BRDA:404,59,1,0
BRDA:406,60,0,3
BRDA:406,60,1,0
BRDA:414,61,0,0
BRDA:414,61,1,5
BRDA:416,62,0,3
BRDA:416,62,1,2
BRDA:423,63,0,1
BRDA:423,63,1,1
BRDA:430,64,0,2
BRDA:430,64,1,0
BRDA:433,65,0,2
BRDA:433,65,1,0
BRDA:434,66,0,1
BRDA:434,66,1,1
BRDA:442,67,0,0
BRDA:442,67,1,1
BRDA:449,68,0,0
BRDA:449,68,1,2
BRDA:449,69,0,2
BRDA:449,69,1,2
BRDA:459,70,0,1
BRDA:459,70,1,0
BRDA:463,71,0,0
BRDA:463,71,1,0
BRDA:468,72,0,1
BRDA:468,72,1,3
BRDA:472,73,0,4
BRDA:472,73,1,0
BRDA:480,74,0,0
BRDA:480,74,1,2
BRDA:480,75,0,2
BRDA:480,75,1,2
BRDA:480,75,2,2
BRDA:485,76,0,2
BRDA:485,76,1,0
BRDA:489,77,0,2
BRDA:489,77,1,0
BRDA:504,78,0,1
BRDA:504,78,1,0
BRDA:508,79,0,0
BRDA:508,79,1,0
BRDA:510,80,0,2
BRDA:510,80,1,0
BRDA:518,81,0,0
BRDA:518,81,1,6
BRDA:520,82,0,5
BRDA:520,82,1,1
BRDA:526,83,0,1
BRDA:526,83,1,0
BRDA:527,84,0,1
BRDA:527,84,1,0
BRDA:532,85,0,1
BRDA:532,85,1,0
BRDA:532,85,2,0
BRDA:542,86,0,1
BRDA:542,86,1,0
BRDA:545,87,0,1
BRDA:545,87,1,0
BRDA:554,88,0,0
BRDA:554,88,1,1
BRDA:562,89,0,0
BRDA:562,89,1,3
BRDA:562,90,0,3
BRDA:562,90,1,3
BRDA:564,91,0,3
BRDA:564,91,1,0
BRDA:565,92,0,1
BRDA:565,92,1,2
BRDA:575,93,0,0
BRDA:575,93,1,3
BRDA:577,94,0,2
BRDA:577,94,1,1
BRDA:589,95,0,0
BRDA:589,95,1,3
BRDA:591,96,0,2
BRDA:591,96,1,1
BRDA:605,97,0,0
BRDA:605,97,1,7
BRDA:608,98,0,1
BRDA:608,98,1,6
BRDA:623,99,0,1
BRDA:623,99,1,6
BRDA:625,100,0,2
BRDA:625,100,1,0
BRDA:625,101,0,2
BRDA:625,101,1,2
BRDA:630,102,0,5
BRDA:630,102,1,2
BRDA:630,103,0,7
BRDA:630,103,1,6
BRDA:639,104,0,3
BRDA:639,104,1,4
BRDA:640,105,0,3
BRDA:640,105,1,0
BRDA:643,106,0,1
BRDA:643,106,1,3
BRDA:654,107,0,1
BRDA:654,107,1,2
BRDA:665,108,0,1
BRDA:665,108,1,1
BRDA:667,109,0,1
BRDA:667,109,1,0
BRDA:675,110,0,1
BRDA:675,110,1,2
BRDA:680,111,0,2
BRDA:680,111,1,0
BRDA:686,112,0,1
BRDA:686,112,1,1
BRDA:691,113,0,1
BRDA:691,113,1,1
BRDA:695,114,0,1
BRDA:695,114,1,1
BRDA:699,115,0,1
BRDA:699,115,1,1
BRDA:707,116,0,5
BRDA:707,116,1,4
BRDA:708,117,0,5
BRDA:708,117,1,3
BRDA:712,118,0,8
BRDA:712,118,1,1
BRDA:713,119,0,8
BRDA:713,119,1,5
BRDA:717,120,0,1
BRDA:717,120,1,3
BRDA:717,121,0,4
BRDA:717,121,1,4
BRDA:722,122,0,1
BRDA:722,122,1,2
BRDA:729,123,0,0
BRDA:729,123,1,9
BRDA:739,124,0,4
BRDA:739,124,1,1
BRDA:740,125,0,3
BRDA:740,125,1,1
BRDA:748,126,0,2
BRDA:748,126,1,0
BRDA:751,127,0,2
BRDA:751,127,1,0
BRDA:755,128,0,0
BRDA:755,128,1,3
BRDA:761,129,0,1
BRDA:761,129,1,9
BRDA:761,130,0,10
BRDA:761,130,1,9
BRDA:764,131,0,3
BRDA:764,131,1,6
BRDA:766,132,0,3
BRDA:766,132,1,0
BRDA:769,133,0,6
BRDA:769,133,1,5
BRDA:769,133,2,3
BRDA:769,133,3,1
BRDA:769,133,4,0
BRDA:775,134,0,5
BRDA:775,134,1,1
BRDA:783,135,0,7
BRDA:783,135,1,1
BRDA:783,135,2,0
BRDA:783,135,3,1
BRDA:783,135,4,2
BRDA:783,135,5,0
BRDA:783,135,6,2
BRDA:797,136,0,2
BRDA:797,136,1,1
BRDA:806,137,0,29
BRDA:806,137,1,0
BRDA:808,138,0,9
BRDA:808,138,1,9
BRDA:808,138,2,9
BRDA:808,138,3,13
BRDA:808,138,4,13
BRDA:808,138,5,4
BRDA:808,138,6,1
BRDA:808,138,7,1
BRDA:808,138,8,1
BRDA:808,138,9,3
BRDA:808,138,10,2
BRDA:808,138,11,5
BRDA:808,138,12,0
BRDA:808,138,13,3
BRDA:834,139,0,5
BRDA:834,139,1,0
BRDA:835,140,0,1
BRDA:835,140,1,4
BRDA:838,141,0,3
BRDA:838,141,1,1
BRDA:850,142,0,2
BRDA:850,142,1,0
BRDA:851,143,0,2
BRDA:851,143,1,0
BRDA:852,144,0,2
BRDA:852,144,1,0
BRDA:853,145,0,2
BRDA:853,145,1,0
BRDA:859,146,0,2
BRDA:859,146,1,11
BRDA:861,147,0,10
BRDA:861,147,1,1
BRDA:865,148,0,1
BRDA:865,148,1,13
BRDA:868,149,0,2
BRDA:868,149,1,11
BRDA:876,150,0,0
BRDA:876,150,1,3
BRDA:932,151,0,0
BRDA:933,152,0,5
BRDA:933,152,1,2
BRDA:936,153,0,3
BRDA:936,153,1,4
BRDA:939,154,0,0
BRDA:939,154,1,7
BRF:331
BRH:231
end_of_record
TN:
SF:module7\admin-dashboard.js
FN:1,(anonymous_0)
FNF:1
FNH:1
FNDA:4,(anonymous_0)
DA:1,4
DA:2,4
DA:3,4
DA:4,4
DA:5,4
DA:7,3
DA:8,3
DA:9,3
DA:10,2
DA:12,3
DA:13,2
LF:11
LH:11
BRDA:5,0,0,1
BRDA:5,0,1,3
BRDA:9,1,0,2
BRDA:9,1,1,1
BRDA:10,2,0,2
BRDA:10,2,1,1
BRDA:12,3,0,2
BRDA:12,3,1,1
BRF:8
BRH:8
end_of_record
TN:
SF:module7\admin-resources.js
FN:1,(anonymous_0)
FN:8,(anonymous_1)
FN:18,bindResourceActions
FN:26,(anonymous_3)
FN:32,(anonymous_4)
FN:46,loadResources
FN:61,renderResources
FN:94,filterResources
FN:101,(anonymous_8)
FN:108,renderResourceRow
FN:128,renderLifecycleControl
FN:138,archiveResource
FN:162,unarchiveResource
FN:186,normalizeStatus
FN:204,(anonymous_14)
FN:207,(anonymous_15)
FN:210,(anonymous_16)
FNF:17
FNH:17
FNDA:14,(anonymous_0)
FNDA:2,(anonymous_1)
FNDA:3,bindResourceActions
FNDA:1,(anonymous_3)
FNDA:9,(anonymous_4)
FNDA:11,loadResources
FNDA:11,renderResources
FNDA:14,filterResources
FNDA:7,(anonymous_8)
FNDA:1,renderResourceRow
FNDA:4,renderLifecycleControl
FNDA:6,archiveResource
FNDA:6,unarchiveResource
FNDA:4,normalizeStatus
FNDA:1,(anonymous_14)
FNDA:1,(anonymous_15)
FNDA:14,(anonymous_16)
DA:1,14
DA:2,14
DA:3,14
DA:4,14
DA:6,14
DA:8,14
DA:9,2
DA:10,2
DA:11,2
DA:12,2
DA:14,1
DA:15,1
DA:19,3
DA:20,3
DA:21,2
DA:24,3
DA:25,3
DA:26,2
DA:27,1
DA:28,1
DA:32,3
DA:33,9
DA:34,9
DA:35,2
DA:36,2
DA:39,7
DA:40,7
DA:41,2
DA:47,11
DA:48,11
DA:50,11
DA:51,11
DA:52,11
DA:53,11
DA:54,10
DA:55,10
DA:57,1
DA:62,11
DA:63,11
DA:64,11
DA:65,11
DA:67,11
DA:95,14
DA:98,14
DA:99,11
DA:101,3
DA:102,7
DA:103,7
DA:104,7
DA:109,1
DA:110,1
DA:111,1
DA:112,1
DA:129,4
DA:130,2
DA:132,2
DA:133,1
DA:135,1
DA:139,6
DA:140,1
DA:141,1
DA:144,5
DA:145,1
DA:148,4
DA:149,4
DA:150,4
DA:153,3
DA:154,3
DA:156,1
DA:158,4
DA:163,6
DA:164,1
DA:165,1
DA:168,5
DA:169,1
DA:172,4
DA:173,4
DA:174,4
DA:177,3
DA:178,3
DA:180,1
DA:182,4
DA:187,4
DA:194,14
DA:205,1
DA:208,1
DA:211,14
LF:87
LH:87
BRDA:12,0,0,1
BRDA:12,0,1,1
BRDA:20,1,0,2
BRDA:20,1,1,1
BRDA:25,2,0,2
BRDA:25,2,1,1
BRDA:34,3,0,2
BRDA:34,3,1,7
BRDA:40,4,0,2
BRDA:40,4,1,5
BRDA:51,5,0,11
BRDA:51,5,1,9
BRDA:52,6,0,2
BRDA:52,6,1,9
BRDA:54,7,0,10
BRDA:54,7,1,0
BRDA:63,8,0,0
BRDA:63,8,1,11
BRDA:71,9,0,1
BRDA:71,9,1,10
BRDA:87,10,0,1
BRDA:87,10,1,10
BRDA:95,11,0,14
BRDA:95,11,1,10
BRDA:98,12,0,11
BRDA:98,12,1,3
BRDA:102,13,0,7
BRDA:102,13,1,0
BRDA:103,14,0,7
BRDA:103,14,1,0
BRDA:104,15,0,7
BRDA:104,15,1,6
BRDA:114,16,0,1
BRDA:114,16,1,0
BRDA:115,17,0,1
BRDA:115,17,1,0
BRDA:129,18,0,2
BRDA:129,18,1,2
BRDA:132,19,0,1
BRDA:132,19,1,1
BRDA:139,20,0,1
BRDA:139,20,1,5
BRDA:144,21,0,1
BRDA:144,21,1,4
BRDA:153,22,0,3
BRDA:153,22,1,0
BRDA:163,23,0,1
BRDA:163,23,1,5
BRDA:168,24,0,1
BRDA:168,24,1,4
BRDA:177,25,0,3
BRDA:177,25,1,2
BRDA:187,26,0,4
BRDA:187,26,1,1
BRF:54
BRH:47
end_of_record
TN:
SF:module7\classification-management.js
FN:1,(anonymous_0)
FN:12,(anonymous_1)
FN:23,bindTabs
FN:24,(anonymous_3)
FN:28,(anonymous_4)
FN:31,(anonymous_5)
FN:39,bindActions
FN:47,(anonymous_7)
FN:56,(anonymous_8)
FN:63,(anonymous_9)
FN:81,loadClassificationData
FN:111,renderAll
FN:119,renderResourceTypes
FN:149,renderResourceTypeRow
FN:171,renderCategories
FN:201,renderCategoryRow
FN:223,renderUsageOverview
FN:227,(anonymous_17)
FN:228,(anonymous_18)
FN:254,renderUsageOverviewRow
FN:265,renderUsageHistory
FN:293,renderUsageHistoryRow
FN:305,renderOperationHistory
FN:334,renderOperationRow
FN:347,createResourceType
FN:366,createCategory
FN:385,editClassificationItem
FN:388,(anonymous_27)
FN:389,(anonymous_28)
FN:413,toggleClassificationItem
FN:416,(anonymous_30)
FN:417,(anonymous_31)
FN:436,capitalize
FN:459,(anonymous_33)
FN:473,(anonymous_34)
FN:481,(anonymous_35)
FNF:36
FNH:36
FNDA:13,(anonymous_0)
FNDA:1,(anonymous_1)
FNDA:1,bindTabs
FNDA:3,(anonymous_3)
FNDA:2,(anonymous_4)
FNDA:2,(anonymous_5)
FNDA:1,bindActions
FNDA:1,(anonymous_7)
FNDA:1,(anonymous_8)
FNDA:3,(anonymous_9)
FNDA:8,loadClassificationData
FNDA:8,renderAll
FNDA:8,renderResourceTypes
FNDA:1,renderResourceTypeRow
FNDA:8,renderCategories
FNDA:1,renderCategoryRow
FNDA:8,renderUsageOverview
FNDA:1,(anonymous_17)
FNDA:1,(anonymous_18)
FNDA:2,renderUsageOverviewRow
FNDA:8,renderUsageHistory
FNDA:1,renderUsageHistoryRow
FNDA:8,renderOperationHistory
FNDA:1,renderOperationRow
FNDA:3,createResourceType
FNDA:2,createCategory
FNDA:4,editClassificationItem
FNDA:1,(anonymous_27)
FNDA:2,(anonymous_28)
FNDA:4,toggleClassificationItem
FNDA:3,(anonymous_30)
FNDA:1,(anonymous_31)
FNDA:5,capitalize
FNDA:7,(anonymous_33)
FNDA:1,(anonymous_34)
FNDA:13,(anonymous_35)
DA:1,13
DA:2,13
DA:3,13
DA:4,13
DA:5,13
DA:7,13
DA:8,13
DA:9,13
DA:10,13
DA:12,13
DA:13,1
DA:14,1
DA:15,1
DA:16,1
DA:18,1
DA:19,1
DA:20,1
DA:24,1
DA:25,3
DA:26,3
DA:27,1
DA:28,1
DA:29,2
DA:31,1
DA:32,2
DA:34,1
DA:35,1
DA:40,1
DA:41,1
DA:42,1
DA:45,1
DA:46,1
DA:47,1
DA:48,1
DA:49,1
DA:50,1
DA:54,1
DA:55,1
DA:56,1
DA:57,1
DA:58,1
DA:59,1
DA:63,1
DA:64,3
DA:65,3
DA:66,1
DA:67,1
DA:68,1
DA:69,1
DA:71,1
DA:72,1
DA:73,1
DA:75,0
DA:76,0
DA:82,8
DA:83,8
DA:84,8
DA:85,8
DA:86,8
DA:87,8
DA:89,8
DA:90,8
DA:96,7
DA:97,7
DA:98,7
DA:99,7
DA:100,7
DA:102,1
DA:103,1
DA:104,1
DA:105,1
DA:106,1
DA:107,1
DA:112,8
DA:113,8
DA:114,8
DA:115,8
DA:116,8
DA:120,8
DA:121,8
DA:122,8
DA:150,1
DA:151,1
DA:152,1
DA:172,8
DA:173,8
DA:174,8
DA:202,1
DA:203,1
DA:204,1
DA:224,8
DA:225,8
DA:226,8
DA:227,1
DA:228,1
DA:230,8
DA:255,2
DA:256,2
DA:266,8
DA:267,8
DA:268,8
DA:294,1
DA:295,1
DA:306,8
DA:307,8
DA:308,8
DA:335,1
DA:336,1
DA:348,3
DA:349,3
DA:350,2
DA:351,2
DA:353,1
DA:354,1
DA:358,1
DA:359,1
DA:360,1
DA:362,0
DA:367,2
DA:368,2
DA:369,1
DA:370,1
DA:372,1
DA:373,1
DA:377,0
DA:378,0
DA:379,0
DA:381,1
DA:386,4
DA:387,4
DA:388,1
DA:389,2
DA:390,4
DA:392,3
DA:393,3
DA:394,3
DA:395,2
DA:396,2
DA:397,1
DA:398,1
DA:401,1
DA:402,1
DA:406,1
DA:407,1
DA:409,0
DA:414,4
DA:415,4
DA:416,3
DA:417,1
DA:418,4
DA:420,4
DA:421,4
DA:422,4
DA:423,4
DA:425,3
DA:426,3
DA:429,2
DA:430,2
DA:432,1
DA:437,5
DA:438,3
DA:441,13
DA:460,7
DA:461,3
DA:463,7
DA:464,5
DA:466,7
DA:467,1
DA:469,7
DA:470,1
DA:474,1
DA:482,13
DA:483,13
DA:484,13
DA:485,13
LF:175
LH:168
BRDA:16,0,0,0
BRDA:16,0,1,1
BRDA:26,1,0,2
BRDA:26,1,1,1
BRDA:35,2,0,1
BRDA:35,2,1,0
BRDA:41,3,0,1
BRDA:41,3,1,0
BRDA:46,4,0,1
BRDA:46,4,1,0
BRDA:55,5,0,1
BRDA:55,5,1,0
BRDA:65,6,0,2
BRDA:65,6,1,1
BRDA:69,7,0,0
BRDA:69,7,1,1
BRDA:69,8,0,1
BRDA:69,8,1,1
BRDA:71,9,0,1
BRDA:71,9,1,0
BRDA:75,10,0,0
BRDA:75,10,1,0
BRDA:96,11,0,7
BRDA:96,11,1,0
BRDA:97,12,0,7
BRDA:97,12,1,0
BRDA:98,13,0,7
BRDA:98,13,1,0
BRDA:99,14,0,7
BRDA:99,14,1,0
BRDA:121,15,0,0
BRDA:121,15,1,8
BRDA:126,16,0,1
BRDA:126,16,1,7
BRDA:142,17,0,1
BRDA:142,17,1,7
BRDA:151,18,0,1
BRDA:151,18,1,0
BRDA:154,19,0,1
BRDA:154,19,1,0
BRDA:155,20,0,1
BRDA:155,20,1,0
BRDA:157,21,0,1
BRDA:157,21,1,0
BRDA:162,22,0,0
BRDA:162,22,1,1
BRDA:163,23,0,0
BRDA:163,23,1,1
BRDA:173,24,0,0
BRDA:173,24,1,8
BRDA:178,25,0,1
BRDA:178,25,1,7
BRDA:194,26,0,1
BRDA:194,26,1,7
BRDA:203,27,0,1
BRDA:203,27,1,0
BRDA:206,28,0,1
BRDA:206,28,1,0
BRDA:207,29,0,1
BRDA:207,29,1,0
BRDA:209,30,0,1
BRDA:209,30,1,0
BRDA:214,31,0,1
BRDA:214,31,1,0
BRDA:215,32,0,1
BRDA:215,32,1,0
BRDA:225,33,0,0
BRDA:225,33,1,8
BRDA:247,34,0,1
BRDA:247,34,1,7
BRDA:258,35,0,2
BRDA:258,35,1,0
BRDA:259,36,0,2
BRDA:259,36,1,0
BRDA:260,37,0,2
BRDA:260,37,1,0
BRDA:267,38,0,0
BRDA:267,38,1,8
BRDA:286,39,0,1
BRDA:286,39,1,7
BRDA:297,40,0,1
BRDA:297,40,1,0
BRDA:298,41,0,1
BRDA:298,41,1,0
BRDA:299,42,0,1
BRDA:299,42,1,0
BRDA:299,43,0,0
BRDA:299,43,1,0
BRDA:307,44,0,0
BRDA:307,44,1,8
BRDA:327,45,0,1
BRDA:327,45,1,7
BRDA:338,46,0,1
BRDA:338,46,1,0
BRDA:339,47,0,1
BRDA:339,47,1,0
BRDA:340,48,0,1
BRDA:340,48,1,0
BRDA:341,49,0,1
BRDA:341,49,1,0
BRDA:348,50,0,3
BRDA:348,50,1,0
BRDA:349,51,0,2
BRDA:349,51,1,1
BRDA:358,52,0,1
BRDA:358,52,1,0
BRDA:367,53,0,2
BRDA:367,53,1,0
BRDA:368,54,0,1
BRDA:368,54,1,1
BRDA:377,55,0,0
BRDA:377,55,1,0
BRDA:387,56,0,2
BRDA:387,56,1,2
BRDA:390,57,0,1
BRDA:390,57,1,3
BRDA:392,58,0,1
BRDA:392,58,1,2
BRDA:393,59,0,1
BRDA:393,59,1,2
BRDA:393,60,0,3
BRDA:393,60,1,0
BRDA:394,61,0,1
BRDA:394,61,1,2
BRDA:396,62,0,1
BRDA:396,62,1,1
BRDA:402,63,0,1
BRDA:402,63,1,0
BRDA:404,64,0,1
BRDA:404,64,1,0
BRDA:415,65,0,3
BRDA:415,65,1,1
BRDA:418,66,0,0
BRDA:418,66,1,4
BRDA:420,67,0,4
BRDA:420,67,1,0
BRDA:421,68,0,1
BRDA:421,68,1,3
BRDA:422,69,0,3
BRDA:422,69,1,1
BRDA:423,70,0,1
BRDA:423,70,1,3
BRDA:426,71,0,2
BRDA:426,71,1,1
BRDA:437,72,0,2
BRDA:437,72,1,3
BRDA:459,73,0,0
BRDA:460,74,0,3
BRDA:460,74,1,4
BRDA:463,75,0,5
BRDA:463,75,1,2
BRDA:466,76,0,1
BRDA:466,76,1,6
BRDA:469,77,0,1
BRDA:469,77,1,6
BRF:155
BRH:102
end_of_record
TN:
SF:module7\module7.js
FN:1,(anonymous_0)
FN:11,bindAdminBasics
FN:18,requireAdmin
FN:37,showAccessMessage
FN:51,statusClass
FN:62,statusBadge
FN:66,formatLabel
FN:72,(anonymous_7)
FN:75,normalizeStatus
FN:83,emptyRow
FN:87,setState
FN:93,getErrorMessage
FN:97,jsonRequest
FNF:13
FNH:13
FNDA:10,(anonymous_0)
FNDA:1,bindAdminBasics
FNDA:4,requireAdmin
FNDA:2,showAccessMessage
FNDA:3,statusClass
FNDA:3,statusBadge
FNDA:5,formatLabel
FNDA:7,(anonymous_7)
FNDA:3,normalizeStatus
FNDA:1,emptyRow
FNDA:1,setState
FNDA:2,getErrorMessage
FNDA:2,jsonRequest
DA:1,10
DA:2,10
DA:9,10
DA:12,1
DA:19,4
DA:20,4
DA:21,2
DA:22,1
DA:23,1
DA:25,1
DA:27,2
DA:28,1
DA:29,1
DA:30,1
DA:32,1
DA:33,1
DA:38,2
DA:39,2
DA:40,2
DA:52,3
DA:53,3
DA:54,3
DA:55,3
DA:56,3
DA:57,3
DA:58,2
DA:59,1
DA:63,3
DA:67,5
DA:68,4
DA:72,7
DA:76,3
DA:84,1
DA:88,1
DA:89,1
DA:90,1
DA:94,2
DA:98,2
DA:101,2
DA:104,10
LF:40
LH:40
BRDA:21,0,0,1
BRDA:21,0,1,1
BRDA:21,1,0,2
BRDA:21,1,1,2
BRDA:27,2,0,1
BRDA:27,2,1,1
BRDA:32,3,0,1
BRDA:32,3,1,0
BRDA:39,4,0,0
BRDA:39,4,1,2
BRDA:53,5,0,0
BRDA:53,5,1,3
BRDA:54,6,0,0
BRDA:54,6,1,3
BRDA:55,7,0,0
BRDA:55,7,1,3
BRDA:56,8,0,0
BRDA:56,8,1,3
BRDA:57,9,0,1
BRDA:57,9,1,2
BRDA:57,10,0,3
BRDA:57,10,1,3
BRDA:58,11,0,1
BRDA:58,11,1,1
BRDA:67,12,0,1
BRDA:67,12,1,4
BRDA:67,13,0,5
BRDA:67,13,1,4
BRDA:76,14,0,3
BRDA:76,14,1,0
BRDA:87,15,0,0
BRDA:89,16,0,0
BRDA:89,16,1,1
BRDA:94,17,0,1
BRDA:94,17,1,1
BRDA:94,18,0,2
BRDA:94,18,1,2
BRDA:97,19,0,0
BRDA:98,20,0,1
BRDA:98,20,1,1
BRDA:99,21,0,1
BRDA:99,21,1,0
BRF:42
BRH:31
end_of_record
TN:
SF:module7\tag-management.js
FN:1,(anonymous_0)
FN:9,(anonymous_1)
FN:20,bindTabs
FN:21,(anonymous_3)
FN:25,(anonymous_4)
FN:28,(anonymous_5)
FN:36,bindActions
FN:42,(anonymous_7)
FN:58,loadTagData
FN:84,renderAll
FN:91,renderTags
FN:115,renderTagRow
FN:137,renderUsageOverview
FN:163,renderUsageOverviewRow
FN:172,renderUsageHistory
FN:199,renderUsageHistoryRow
FN:210,renderOperationHistory
FN:238,renderOperationRow
FN:250,editTag
FN:251,(anonymous_19)
FN:273,toggleTag
FN:274,(anonymous_21)
FN:289,capitalize
FN:310,(anonymous_23)
FN:321,(anonymous_24)
FN:328,(anonymous_25)
FNF:26
FNH:26
FNDA:13,(anonymous_0)
FNDA:1,(anonymous_1)
FNDA:1,bindTabs
FNDA:3,(anonymous_3)
FNDA:2,(anonymous_4)
FNDA:2,(anonymous_5)
FNDA:1,bindActions
FNDA:3,(anonymous_7)
FNDA:7,loadTagData
FNDA:7,renderAll
FNDA:7,renderTags
FNDA:3,renderTagRow
FNDA:7,renderUsageOverview
FNDA:2,renderUsageOverviewRow
FNDA:7,renderUsageHistory
FNDA:3,renderUsageHistoryRow
FNDA:7,renderOperationHistory
FNDA:2,renderOperationRow
FNDA:6,editTag
FNDA:5,(anonymous_19)
FNDA:5,toggleTag
FNDA:5,(anonymous_21)
FNDA:5,capitalize
FNDA:9,(anonymous_23)
FNDA:3,(anonymous_24)
FNDA:13,(anonymous_25)
DA:1,13
DA:2,13
DA:3,13
DA:5,13
DA:6,13
DA:7,13
DA:9,13
DA:10,1
DA:11,1
DA:12,1
DA:13,1
DA:15,1
DA:16,1
DA:17,1
DA:21,1
DA:22,3
DA:23,3
DA:24,1
DA:25,1
DA:26,2
DA:28,1
DA:29,2
DA:31,1
DA:32,1
DA:37,1
DA:38,1
DA:39,1
DA:42,1
DA:43,3
DA:44,3
DA:45,1
DA:46,1
DA:47,1
DA:48,1
DA:49,1
DA:50,1
DA:52,0
DA:53,0
DA:59,7
DA:60,7
DA:61,7
DA:62,7
DA:63,7
DA:65,7
DA:66,7
DA:71,6
DA:72,6
DA:73,6
DA:74,6
DA:76,1
DA:77,1
DA:78,1
DA:79,1
DA:80,1
DA:85,7
DA:86,7
DA:87,7
DA:88,7
DA:92,7
DA:93,7
DA:94,7
DA:116,3
DA:117,3
DA:118,3
DA:138,7
DA:139,7
DA:140,7
DA:164,2
DA:173,7
DA:174,7
DA:175,7
DA:200,3
DA:201,3
DA:211,7
DA:212,7
DA:213,7
DA:239,2
DA:240,2
DA:251,6
DA:252,6
DA:253,4
DA:254,4
DA:255,3
DA:256,3
DA:257,1
DA:258,1
DA:261,2
DA:262,2
DA:266,1
DA:267,1
DA:269,1
DA:274,5
DA:275,5
DA:276,4
DA:277,4
DA:278,4
DA:280,3
DA:281,3
DA:282,2
DA:283,2
DA:285,1
DA:290,5
DA:291,3
DA:294,13
DA:311,9
DA:312,9
DA:314,9
DA:315,1
DA:317,9
DA:318,1
DA:322,3
DA:329,13
DA:330,13
DA:331,13
LF:114
LH:112
BRDA:13,0,0,0
BRDA:13,0,1,1
BRDA:23,1,0,2
BRDA:23,1,1,1
BRDA:32,2,0,1
BRDA:32,2,1,0
BRDA:38,3,0,1
BRDA:38,3,1,0
BRDA:44,4,0,2
BRDA:44,4,1,1
BRDA:47,5,0,0
BRDA:47,5,1,1
BRDA:48,6,0,1
BRDA:48,6,1,0
BRDA:52,7,0,0
BRDA:52,7,1,0
BRDA:71,8,0,6
BRDA:71,8,1,0
BRDA:72,9,0,6
BRDA:72,9,1,0
BRDA:73,10,0,6
BRDA:73,10,1,0
BRDA:93,11,0,0
BRDA:93,11,1,7
BRDA:108,12,0,1
BRDA:108,12,1,6
BRDA:117,13,0,3
BRDA:117,13,1,0
BRDA:120,14,0,3
BRDA:120,14,1,0
BRDA:121,15,0,3
BRDA:121,15,1,0
BRDA:123,16,0,3
BRDA:123,16,1,0
BRDA:128,17,0,1
BRDA:128,17,1,2
BRDA:129,18,0,1
BRDA:129,18,1,2
BRDA:139,19,0,0
BRDA:139,19,1,7
BRDA:156,20,0,1
BRDA:156,20,1,6
BRDA:166,21,0,2
BRDA:166,21,1,0
BRDA:167,22,0,2
BRDA:167,22,1,0
BRDA:174,23,0,0
BRDA:174,23,1,7
BRDA:192,24,0,1
BRDA:192,24,1,6
BRDA:203,25,0,3
BRDA:203,25,1,1
BRDA:204,26,0,3
BRDA:204,26,1,1
BRDA:204,27,0,1
BRDA:204,27,1,0
BRDA:212,28,0,0
BRDA:212,28,1,7
BRDA:231,29,0,1
BRDA:231,29,1,6
BRDA:242,30,0,2
BRDA:242,30,1,0
BRDA:243,31,0,2
BRDA:243,31,1,0
BRDA:244,32,0,2
BRDA:244,32,1,0
BRDA:252,33,0,2
BRDA:252,33,1,4
BRDA:253,34,0,4
BRDA:253,34,1,0
BRDA:254,35,0,1
BRDA:254,35,1,3
BRDA:256,36,0,1
BRDA:256,36,1,2
BRDA:275,37,0,1
BRDA:275,37,1,4
BRDA:276,38,0,4
BRDA:276,38,1,0
BRDA:277,39,0,1
BRDA:277,39,1,3
BRDA:278,40,0,1
BRDA:278,40,1,3
BRDA:290,41,0,2
BRDA:290,41,1,3
BRDA:310,42,0,0
BRDA:311,43,0,9
BRDA:311,43,1,0
BRDA:314,44,0,1
BRDA:314,44,1,8
BRDA:317,45,0,1
BRDA:317,45,1,8
BRF:91
BRH:63
end_of_record
TN:
SF:shared\shared.js
FN:1,(anonymous_0)
FN:2,getToastElement
FN:6,getQueryMessage
FN:11,requestJson
FN:52,showToast
FN:60,(anonymous_5)
FN:65,showMessageFromQuery
FN:72,bindLogoutButtons
FN:78,(anonymous_8)
FN:94,escapeHtml
FN:103,parseShanghaiDate
FN:112,formatDateTime
FN:119,setText
FN:125,setValue
FNF:14
FNH:14
FNDA:31,(anonymous_0)
FNDA:5,getToastElement
FNDA:5,getQueryMessage
FNDA:9,requestJson
FNDA:5,showToast
FNDA:2,(anonymous_5)
FNDA:2,showMessageFromQuery
FNDA:6,bindLogoutButtons
FNDA:3,(anonymous_8)
FNDA:4,escapeHtml
FNDA:2,parseShanghaiDate
FNDA:4,formatDateTime
FNDA:3,setText
FNDA:3,setValue
DA:1,31
DA:3,5
DA:7,5
DA:8,5
DA:14,9
DA:15,9
DA:17,2
DA:18,2
DA:19,2
DA:22,7
DA:23,3
DA:24,3
DA:26,3
DA:27,3
DA:28,1
DA:29,1
DA:31,2
DA:32,2
DA:37,3
DA:38,3
DA:39,3
DA:40,3
DA:41,3
DA:44,4
DA:45,4
DA:46,3
DA:49,1
DA:53,5
DA:54,5
DA:56,4
DA:57,4
DA:59,4
DA:60,4
DA:61,2
DA:66,2
DA:67,2
DA:68,1
DA:73,6
DA:74,4
DA:76,3
DA:78,3
DA:79,3
DA:80,3
DA:82,2
DA:84,2
DA:85,2
DA:90,2
DA:95,4
DA:104,2
DA:105,2
DA:106,2
DA:107,2
DA:109,0
DA:113,4
DA:114,2
DA:115,2
DA:116,1
DA:120,3
DA:121,3
DA:122,2
DA:126,3
DA:127,3
DA:128,2
DA:131,31
LF:64
LH:63
BRDA:6,0,0,4
BRDA:11,1,0,5
BRDA:22,2,0,3
BRDA:22,2,1,4
BRDA:28,3,0,1
BRDA:28,3,1,0
BRDA:29,4,0,1
BRDA:29,4,1,0
BRDA:37,5,0,1
BRDA:37,5,1,2
BRDA:44,6,0,4
BRDA:44,6,1,1
BRDA:45,7,0,3
BRDA:45,7,1,1
BRDA:52,8,0,1
BRDA:52,9,0,2
BRDA:54,10,0,1
BRDA:54,10,1,4
BRDA:65,11,0,2
BRDA:67,12,0,1
BRDA:67,12,1,1
BRDA:72,13,0,0
BRDA:73,14,0,2
BRDA:73,14,1,4
BRDA:73,15,0,6
BRDA:73,15,1,5
BRDA:74,16,0,1
BRDA:74,16,1,3
BRDA:80,17,0,1
BRDA:80,17,1,2
BRDA:95,18,0,4
BRDA:95,18,1,2
BRDA:104,19,0,0
BRDA:104,19,1,2
BRDA:105,20,0,2
BRDA:105,20,1,0
BRDA:107,21,0,1
BRDA:107,21,1,1
BRDA:112,22,0,3
BRDA:112,23,0,3
BRDA:113,24,0,2
BRDA:113,24,1,2
BRDA:115,25,0,1
BRDA:115,25,1,1
BRDA:121,26,0,1
BRDA:121,26,1,2
BRDA:122,27,0,2
BRDA:122,27,1,1
BRDA:127,28,0,1
BRDA:127,28,1,2
BRDA:128,29,0,2
BRDA:128,29,1,1
BRF:52
BRH:47
end_of_record
